Wed Apr 11 06:37:49 Saved as file BACKUP1.MAX
Wed Apr 11 06:37:49 Saved as file C:\DOCUMENTS AND SETTINGS\SAM\DESKTOP\SAM'S STUFF\MY ELECTRONIC PROJECTS\MY OBD-II PROJECT\TRY 2\ELM327 ODB-II V4 .MAX
Wed Apr 11 06:37:50 UserDiv from Layout.INI for AutoECO: 60
Wed Apr 11 06:37:50 Loaded file C:\DOCUMENTS AND SETTINGS\SAM\DESKTOP\SAM'S STUFF\MY ELECTRONIC PROJECTS\MY OBD-II PROJECT\TRY 2\ELM327 ODB-II V4 .MAX
Wed Apr 11 06:37:50 Loaded file C:\PROGRAM FILES\ORCAD\LAYOUT_PLUS\LIBRARY\SAM.LLB
Wed Apr 11 06:37:50 Loaded file C:\PROGRAM FILES\ORCAD\LAYOUT_PLUS\library\BCON100T.llb
Wed Apr 11 06:37:50 Loaded file C:\PROGRAM FILES\ORCAD\LAYOUT_PLUS\library\BCON156T.llb
Wed Apr 11 06:37:50 Loaded file C:\PROGRAM FILES\ORCAD\LAYOUT_PLUS\library\BGA.llb
Wed Apr 11 06:37:50 Loaded file C:\PROGRAM FILES\ORCAD\LAYOUT_PLUS\library\CLCC.llb
Wed Apr 11 06:37:50 Loaded file C:\PROGRAM FILES\ORCAD\LAYOUT_PLUS\library\DCON050T.llb
Wed Apr 11 06:37:50 Loaded file C:\PROGRAM FILES\ORCAD\LAYOUT_PLUS\library\DCON085T.llb
Wed Apr 11 06:37:50 Loaded file C:\PROGRAM FILES\ORCAD\LAYOUT_PLUS\library\DIMM050F.llb
Wed Apr 11 06:37:50 Loaded file C:\PROGRAM FILES\ORCAD\LAYOUT_PLUS\library\DIMM050T.llb
Wed Apr 11 06:37:50 Loaded file C:\PROGRAM FILES\ORCAD\LAYOUT_PLUS\library\DIN.llb
Wed Apr 11 06:37:51 Loaded file C:\PROGRAM FILES\ORCAD\LAYOUT_PLUS\library\DIP100B.llb
Wed Apr 11 06:37:51 Loaded file C:\PROGRAM FILES\ORCAD\LAYOUT_PLUS\library\DIP100T.llb
Wed Apr 11 06:37:51 Loaded file C:\PROGRAM FILES\ORCAD\LAYOUT_PLUS\library\DSUBT.llb
Wed Apr 11 06:37:51 Loaded file C:\PROGRAM FILES\ORCAD\LAYOUT_PLUS\library\DSUBT_HD.LLB
Wed Apr 11 06:37:51 Loaded file C:\PROGRAM FILES\ORCAD\LAYOUT_PLUS\library\ECON100T.llb
Wed Apr 11 06:37:51 Loaded file C:\PROGRAM FILES\ORCAD\LAYOUT_PLUS\library\FBUS.llb
Wed Apr 11 06:37:51 Loaded file C:\PROGRAM FILES\ORCAD\LAYOUT_PLUS\library\ISA.llb
Wed Apr 11 06:37:51 Loaded file C:\PROGRAM FILES\ORCAD\LAYOUT_PLUS\library\JUMPER.LLB
Wed Apr 11 06:37:51 Loaded file C:\PROGRAM FILES\ORCAD\LAYOUT_PLUS\library\LAYOUT.llb
Wed Apr 11 06:37:51 Loaded file C:\PROGRAM FILES\ORCAD\LAYOUT_PLUS\library\LCON100T.llb
Wed Apr 11 06:37:51 Loaded file C:\PROGRAM FILES\ORCAD\LAYOUT_PLUS\library\PC104.llb
Wed Apr 11 06:37:51 Loaded file C:\PROGRAM FILES\ORCAD\LAYOUT_PLUS\library\PCI.llb
Wed Apr 11 06:37:51 Loaded file C:\PROGRAM FILES\ORCAD\LAYOUT_PLUS\library\PCON100T.llb
Wed Apr 11 06:37:51 Loaded file C:\PROGRAM FILES\ORCAD\LAYOUT_PLUS\library\PCON156T.llb
Wed Apr 11 06:37:51 Loaded file C:\PROGRAM FILES\ORCAD\LAYOUT_PLUS\library\PGA.llb
Wed Apr 11 06:37:51 Loaded file C:\PROGRAM FILES\ORCAD\LAYOUT_PLUS\library\PLCC.llb
Wed Apr 11 06:37:51 Loaded file C:\PROGRAM FILES\ORCAD\LAYOUT_PLUS\library\QUAD.llb
Wed Apr 11 06:37:51 Loaded file C:\PROGRAM FILES\ORCAD\LAYOUT_PLUS\library\QUADB.llb
Wed Apr 11 06:37:51 Loaded file C:\PROGRAM FILES\ORCAD\LAYOUT_PLUS\library\RELAY.llb
Wed Apr 11 06:37:51 Loaded file C:\PROGRAM FILES\ORCAD\LAYOUT_PLUS\library\RF.llb
Wed Apr 11 06:37:51 Loaded file C:\PROGRAM FILES\ORCAD\LAYOUT_PLUS\library\SBUS.llb
Wed Apr 11 06:37:51 Loaded file C:\PROGRAM FILES\ORCAD\LAYOUT_PLUS\library\SIMM050F.llb
Wed Apr 11 06:37:51 Loaded file C:\PROGRAM FILES\ORCAD\LAYOUT_PLUS\library\SIMM050T.llb
Wed Apr 11 06:37:51 Loaded file C:\PROGRAM FILES\ORCAD\LAYOUT_PLUS\library\SIMM100F.llb
Wed Apr 11 06:37:51 Loaded file C:\PROGRAM FILES\ORCAD\LAYOUT_PLUS\library\SIMM100T.llb
Wed Apr 11 06:37:51 Loaded file C:\PROGRAM FILES\ORCAD\LAYOUT_PLUS\library\SIP.llb
Wed Apr 11 06:37:51 Loaded file C:\PROGRAM FILES\ORCAD\LAYOUT_PLUS\library\SM.llb
Wed Apr 11 06:37:51 Loaded file C:\PROGRAM FILES\ORCAD\LAYOUT_PLUS\library\SOG.llb
Wed Apr 11 06:37:52 Loaded file C:\PROGRAM FILES\ORCAD\LAYOUT_PLUS\library\SOJ.llb
Wed Apr 11 06:37:52 Loaded file C:\PROGRAM FILES\ORCAD\LAYOUT_PLUS\library\STIFF.llb
Wed Apr 11 06:37:52 Loaded file C:\PROGRAM FILES\ORCAD\LAYOUT_PLUS\library\TELE.llb
Wed Apr 11 06:37:52 Loaded file C:\PROGRAM FILES\ORCAD\LAYOUT_PLUS\library\TM_AXIAL.llb
Wed Apr 11 06:37:52 Loaded file C:\PROGRAM FILES\ORCAD\LAYOUT_PLUS\library\TM_CAP_P.llb
Wed Apr 11 06:37:52 Loaded file C:\PROGRAM FILES\ORCAD\LAYOUT_PLUS\library\TM_CYLND.llb
Wed Apr 11 06:37:52 Loaded file C:\PROGRAM FILES\ORCAD\LAYOUT_PLUS\library\TM_DIODE.llb
Wed Apr 11 06:37:52 Loaded file C:\PROGRAM FILES\ORCAD\LAYOUT_PLUS\library\TM_DISC.llb
Wed Apr 11 06:37:52 Loaded file C:\PROGRAM FILES\ORCAD\LAYOUT_PLUS\library\TM_RAD.llb
Wed Apr 11 06:37:52 Loaded file C:\PROGRAM FILES\ORCAD\LAYOUT_PLUS\library\TO.llb
Wed Apr 11 06:37:52 Loaded file C:\PROGRAM FILES\ORCAD\LAYOUT_PLUS\library\TRAINING.LLB
Wed Apr 11 06:37:52 Loaded file C:\PROGRAM FILES\ORCAD\LAYOUT_PLUS\library\VRES.llb
Wed Apr 11 06:37:52 Loaded file C:\PROGRAM FILES\ORCAD\LAYOUT_PLUS\library\WCON100T.llb
Wed Apr 11 06:37:52 Loaded file C:\PROGRAM FILES\ORCAD\LAYOUT_PLUS\library\XT.llb
Wed Apr 11 06:37:52 Loaded file C:\PROGRAM FILES\ORCAD\LAYOUT_PLUS\library\ZIGZAG.llb
Wed Apr 11 06:37:52 Saved as file C:\DOCUMENTS AND SETTINGS\SAM\DESKTOP\SAM'S STUFF\MY ELECTRONIC PROJECTS\MY OBD-II PROJECT\TRY 2\ELM327 ODB-II V4 .MAX
Wed Apr 11 06:37:52 Loaded file C:\DOCUMENTS AND SETTINGS\SAM\DESKTOP\SAM'S STUFF\MY ELECTRONIC PROJECTS\MY OBD-II PROJECT\TRY 2\ELM327 ODB-II V4 .MAX
Wed Apr 11 06:50:27 Saved as file BACKUP1.MAX
Wed Apr 11 06:59:55 Saved as file C:\DOCUMENTS AND SETTINGS\SAM\DESKTOP\SAM'S STUFF\MY ELECTRONIC PROJECTS\MY OBD-II PROJECT\TRY 2\ELM327 ODB-II V4 .MAX
Wed Apr 11 07:02:27 Saved as file BACKUP1.MAX
Wed Apr 11 07:18:49 Saved as file BACKUP1.MAX
Wed Apr 11 07:21:02 Loaded file C:\Program Files\OrCAD\Layout_Plus\data\template.imp
Wed Apr 11 07:21:02 Loaded file C:\Program Files\OrCAD\Layout_Plus\data\template.imp
Wed Apr 11 07:29:49 Saved as file BACKUP1.MAX
Wed Apr 11 07:32:02 Saved as file C:\DOCUMENTS AND SETTINGS\SAM\DESKTOP\SAM'S STUFF\MY ELECTRONIC PROJECTS\MY OBD-II PROJECT\TRY 2\ELM327 ODB-II V4 .MAX
Wed Apr 11 08:49:44 Saved as file BACKUP1.MAX
Wed Apr 11 08:54:26 Saved as file C:\DOCUMENTS AND SETTINGS\SAM\DESKTOP\SAM'S STUFF\MY ELECTRONIC PROJECTS\MY OBD-II PROJECT\TRY 2\ELM327 ODB-II V4 .MAX
Thu Apr 12 04:38:05 Saved as file BACKUP1.MAX
Thu Apr 12 04:48:35 Saved as file BACKUP1.MAX
Thu Apr 12 04:59:35 Saved as file BACKUP1.MAX
Thu Apr 12 05:10:05 Saved as file BACKUP1.MAX
Thu Apr 12 05:21:05 Saved as file BACKUP1.MAX
Thu Apr 12 05:32:42 Saved as file C:\DOCUMENTS AND SETTINGS\SAM\DESKTOP\SAM'S STUFF\MY ELECTRONIC PROJECTS\MY OBD-II PROJECT\TRY 2\ELM327 ODB-II V4 .MAX
Thu Apr 12 05:34:05 Saved as file BACKUP1.MAX
Thu Apr 12 05:41:25 Saved as file C:\DOCUMENTS AND SETTINGS\SAM\DESKTOP\SAM'S STUFF\MY ELECTRONIC PROJECTS\MY OBD-II PROJECT\TRY 2\ELM327 ODB-II V4 .MAX
Thu Apr 12 05:45:05 Saved as file BACKUP1.MAX
Thu Apr 12 05:45:09 Saved as file C:\DOCUMENTS AND SETTINGS\SAM\DESKTOP\SAM'S STUFF\MY ELECTRONIC PROJECTS\MY OBD-II PROJECT\TRY 2\ELM327 ODB-II V4 .MAX
Thu Apr 12 05:55:04 Saved as file C:\DOCUMENTS AND SETTINGS\SAM\DESKTOP\SAM'S STUFF\MY ELECTRONIC PROJECTS\MY OBD-II PROJECT\TRY 2\ELM327 ODB-II V4 .MAX
Thu Apr 12 05:55:35 Saved as file BACKUP1.MAX
Thu Apr 12 05:58:26 Saved as file C:\DOCUMENTS AND SETTINGS\SAM\DESKTOP\SAM'S STUFF\MY ELECTRONIC PROJECTS\MY OBD-II PROJECT\TRY 2\ELM327 ODB-II V4 .MAX
Thu Apr 12 06:03:19 Saved as file C:\DOCUMENTS AND SETTINGS\SAM\DESKTOP\SAM'S STUFF\MY ELECTRONIC PROJECTS\MY OBD-II PROJECT\TRY 2\ELM327 ODB-II V4 .MAX
Thu Apr 12 06:04:28 Saved as file C:\DOCUMENTS AND SETTINGS\SAM\DESKTOP\SAM'S STUFF\MY ELECTRONIC PROJECTS\MY OBD-II PROJECT\TRY 2\ELM327 ODB-II V4 .MAX
Thu Apr 12 06:05:52 Saved as file C:\DOCUMENTS AND SETTINGS\SAM\DESKTOP\SAM'S STUFF\MY ELECTRONIC PROJECTS\MY OBD-II PROJECT\TRY 2\ELM327 ODB-II V4.1 .MAX
Thu Apr 12 06:07:05 Saved as file BACKUP1.MAX
Thu Apr 12 06:10:16 Saved as file BACKUP1.MAX
Thu Apr 12 06:10:16 Saved as file C:\DOCUMENTS AND SETTINGS\SAM\DESKTOP\SAM'S STUFF\MY ELECTRONIC PROJECTS\MY OBD-II PROJECT\TRY 2\ELM327 ODB-II V4 .MAX
Thu Apr 12 06:10:18 UserDiv from Layout.INI for AutoECO: 60
Thu Apr 12 06:10:18 Loaded file C:\DOCUMENTS AND SETTINGS\SAM\DESKTOP\SAM'S STUFF\MY ELECTRONIC PROJECTS\MY OBD-II PROJECT\TRY 2\ELM327 ODB-II V4 .MAX
Thu Apr 12 06:10:18 Loaded file C:\PROGRAM FILES\ORCAD\LAYOUT_PLUS\LIBRARY\SAM.LLB
Thu Apr 12 06:10:18 Loaded file C:\PROGRAM FILES\ORCAD\LAYOUT_PLUS\library\BCON100T.llb
Thu Apr 12 06:10:18 Loaded file C:\PROGRAM FILES\ORCAD\LAYOUT_PLUS\library\BCON156T.llb
Thu Apr 12 06:10:18 Loaded file C:\PROGRAM FILES\ORCAD\LAYOUT_PLUS\library\BGA.llb
Thu Apr 12 06:10:18 Loaded file C:\PROGRAM FILES\ORCAD\LAYOUT_PLUS\library\CLCC.llb
Thu Apr 12 06:10:18 Loaded file C:\PROGRAM FILES\ORCAD\LAYOUT_PLUS\library\DCON050T.llb
Thu Apr 12 06:10:18 Loaded file C:\PROGRAM FILES\ORCAD\LAYOUT_PLUS\library\DCON085T.llb
Thu Apr 12 06:10:18 Loaded file C:\PROGRAM FILES\ORCAD\LAYOUT_PLUS\library\DIMM050F.llb
Thu Apr 12 06:10:18 Loaded file C:\PROGRAM FILES\ORCAD\LAYOUT_PLUS\library\DIMM050T.llb
Thu Apr 12 06:10:18 Loaded file C:\PROGRAM FILES\ORCAD\LAYOUT_PLUS\library\DIN.llb
Thu Apr 12 06:10:18 Loaded file C:\PROGRAM FILES\ORCAD\LAYOUT_PLUS\library\DIP100B.llb
Thu Apr 12 06:10:18 Loaded file C:\PROGRAM FILES\ORCAD\LAYOUT_PLUS\library\DIP100T.llb
Thu Apr 12 06:10:18 Loaded file C:\PROGRAM FILES\ORCAD\LAYOUT_PLUS\library\DSUBT.llb
Thu Apr 12 06:10:18 Loaded file C:\PROGRAM FILES\ORCAD\LAYOUT_PLUS\library\DSUBT_HD.LLB
Thu Apr 12 06:10:18 Loaded file C:\PROGRAM FILES\ORCAD\LAYOUT_PLUS\library\ECON100T.llb
Thu Apr 12 06:10:18 Loaded file C:\PROGRAM FILES\ORCAD\LAYOUT_PLUS\library\FBUS.llb
Thu Apr 12 06:10:18 Loaded file C:\PROGRAM FILES\ORCAD\LAYOUT_PLUS\library\ISA.llb
Thu Apr 12 06:10:18 Loaded file C:\PROGRAM FILES\ORCAD\LAYOUT_PLUS\library\JUMPER.LLB
Thu Apr 12 06:10:18 Loaded file C:\PROGRAM FILES\ORCAD\LAYOUT_PLUS\library\LAYOUT.llb
Thu Apr 12 06:10:18 Loaded file C:\PROGRAM FILES\ORCAD\LAYOUT_PLUS\library\LCON100T.llb
Thu Apr 12 06:10:18 Loaded file C:\PROGRAM FILES\ORCAD\LAYOUT_PLUS\library\PC104.llb
Thu Apr 12 06:10:18 Loaded file C:\PROGRAM FILES\ORCAD\LAYOUT_PLUS\library\PCI.llb
Thu Apr 12 06:10:18 Loaded file C:\PROGRAM FILES\ORCAD\LAYOUT_PLUS\library\PCON100T.llb
Thu Apr 12 06:10:18 Loaded file C:\PROGRAM FILES\ORCAD\LAYOUT_PLUS\library\PCON156T.llb
Thu Apr 12 06:10:19 Loaded file C:\PROGRAM FILES\ORCAD\LAYOUT_PLUS\library\PGA.llb
Thu Apr 12 06:10:19 Loaded file C:\PROGRAM FILES\ORCAD\LAYOUT_PLUS\library\PLCC.llb
Thu Apr 12 06:10:19 Loaded file C:\PROGRAM FILES\ORCAD\LAYOUT_PLUS\library\QUAD.llb
Thu Apr 12 06:10:19 Loaded file C:\PROGRAM FILES\ORCAD\LAYOUT_PLUS\library\QUADB.llb
Thu Apr 12 06:10:19 Loaded file C:\PROGRAM FILES\ORCAD\LAYOUT_PLUS\library\RELAY.llb
Thu Apr 12 06:10:19 Loaded file C:\PROGRAM FILES\ORCAD\LAYOUT_PLUS\library\RF.llb
Thu Apr 12 06:10:19 Loaded file C:\PROGRAM FILES\ORCAD\LAYOUT_PLUS\library\SBUS.llb
Thu Apr 12 06:10:19 Loaded file C:\PROGRAM FILES\ORCAD\LAYOUT_PLUS\library\SIMM050F.llb
Thu Apr 12 06:10:19 Loaded file C:\PROGRAM FILES\ORCAD\LAYOUT_PLUS\library\SIMM050T.llb
Thu Apr 12 06:10:19 Loaded file C:\PROGRAM FILES\ORCAD\LAYOUT_PLUS\library\SIMM100F.llb
Thu Apr 12 06:10:19 Loaded file C:\PROGRAM FILES\ORCAD\LAYOUT_PLUS\library\SIMM100T.llb
Thu Apr 12 06:10:19 Loaded file C:\PROGRAM FILES\ORCAD\LAYOUT_PLUS\library\SIP.llb
Thu Apr 12 06:10:19 Loaded file C:\PROGRAM FILES\ORCAD\LAYOUT_PLUS\library\SM.llb
Thu Apr 12 06:10:19 Loaded file C:\PROGRAM FILES\ORCAD\LAYOUT_PLUS\library\SOG.llb
Thu Apr 12 06:10:19 Loaded file C:\PROGRAM FILES\ORCAD\LAYOUT_PLUS\library\SOJ.llb
Thu Apr 12 06:10:19 Loaded file C:\PROGRAM FILES\ORCAD\LAYOUT_PLUS\library\STIFF.llb
Thu Apr 12 06:10:19 Loaded file C:\PROGRAM FILES\ORCAD\LAYOUT_PLUS\library\TELE.llb
Thu Apr 12 06:10:19 Loaded file C:\PROGRAM FILES\ORCAD\LAYOUT_PLUS\library\TM_AXIAL.llb
Thu Apr 12 06:10:19 Loaded file C:\PROGRAM FILES\ORCAD\LAYOUT_PLUS\library\TM_CAP_P.llb
Thu Apr 12 06:10:19 Loaded file C:\PROGRAM FILES\ORCAD\LAYOUT_PLUS\library\TM_CYLND.llb
Thu Apr 12 06:10:19 Loaded file C:\PROGRAM FILES\ORCAD\LAYOUT_PLUS\library\TM_DIODE.llb
Thu Apr 12 06:10:19 Loaded file C:\PROGRAM FILES\ORCAD\LAYOUT_PLUS\library\TM_DISC.llb
Thu Apr 12 06:10:19 Loaded file C:\PROGRAM FILES\ORCAD\LAYOUT_PLUS\library\TM_RAD.llb
Thu Apr 12 06:10:19 Loaded file C:\PROGRAM FILES\ORCAD\LAYOUT_PLUS\library\TO.llb
Thu Apr 12 06:10:19 Loaded file C:\PROGRAM FILES\ORCAD\LAYOUT_PLUS\library\TRAINING.LLB
Thu Apr 12 06:10:19 Loaded file C:\PROGRAM FILES\ORCAD\LAYOUT_PLUS\library\VRES.llb
Thu Apr 12 06:10:19 Loaded file C:\PROGRAM FILES\ORCAD\LAYOUT_PLUS\library\WCON100T.llb
Thu Apr 12 06:10:19 Loaded file C:\PROGRAM FILES\ORCAD\LAYOUT_PLUS\library\XT.llb
Thu Apr 12 06:10:19 Loaded file C:\PROGRAM FILES\ORCAD\LAYOUT_PLUS\library\ZIGZAG.llb
Thu Apr 12 06:10:19 Saved as file C:\DOCUMENTS AND SETTINGS\SAM\DESKTOP\SAM'S STUFF\MY ELECTRONIC PROJECTS\MY OBD-II PROJECT\TRY 2\ELM327 ODB-II V4 .MAX
Thu Apr 12 06:10:20 Loaded file C:\DOCUMENTS AND SETTINGS\SAM\DESKTOP\SAM'S STUFF\MY ELECTRONIC PROJECTS\MY OBD-II PROJECT\TRY 2\ELM327 ODB-II V4 .MAX
Thu Apr 12 06:16:39 Saved as file C:\DOCUMENTS AND SETTINGS\SAM\DESKTOP\SAM'S STUFF\MY ELECTRONIC PROJECTS\MY OBD-II PROJECT\TRY 2\ELM327 ODB-II V4 .MAX
Thu Apr 12 06:16:53 Saved as file BACKUP1.MAX
Thu Apr 12 06:16:53 Saved as file C:\DOCUMENTS AND SETTINGS\SAM\DESKTOP\SAM'S STUFF\MY ELECTRONIC PROJECTS\MY OBD-II PROJECT\TRY 2\ELM327 ODB-II V4 .MAX
Thu Apr 12 06:16:53 UserDiv from Layout.INI for AutoECO: 60
Thu Apr 12 06:16:53 Loaded file C:\DOCUMENTS AND SETTINGS\SAM\DESKTOP\SAM'S STUFF\MY ELECTRONIC PROJECTS\MY OBD-II PROJECT\TRY 2\ELM327 ODB-II V4 .MAX
Thu Apr 12 06:16:53 Loaded file C:\PROGRAM FILES\ORCAD\LAYOUT_PLUS\LIBRARY\SAM.LLB
Thu Apr 12 06:16:53 Loaded file C:\PROGRAM FILES\ORCAD\LAYOUT_PLUS\library\BCON100T.llb
Thu Apr 12 06:16:53 Loaded file C:\PROGRAM FILES\ORCAD\LAYOUT_PLUS\library\BCON156T.llb
Thu Apr 12 06:16:53 Loaded file C:\PROGRAM FILES\ORCAD\LAYOUT_PLUS\library\BGA.llb
Thu Apr 12 06:16:53 Loaded file C:\PROGRAM FILES\ORCAD\LAYOUT_PLUS\library\CLCC.llb
Thu Apr 12 06:16:53 Loaded file C:\PROGRAM FILES\ORCAD\LAYOUT_PLUS\library\DCON050T.llb
Thu Apr 12 06:16:53 Loaded file C:\PROGRAM FILES\ORCAD\LAYOUT_PLUS\library\DCON085T.llb
Thu Apr 12 06:16:53 Loaded file C:\PROGRAM FILES\ORCAD\LAYOUT_PLUS\library\DIMM050F.llb
Thu Apr 12 06:16:53 Loaded file C:\PROGRAM FILES\ORCAD\LAYOUT_PLUS\library\DIMM050T.llb
Thu Apr 12 06:16:53 Loaded file C:\PROGRAM FILES\ORCAD\LAYOUT_PLUS\library\DIN.llb
Thu Apr 12 06:16:53 Loaded file C:\PROGRAM FILES\ORCAD\LAYOUT_PLUS\library\DIP100B.llb
Thu Apr 12 06:16:53 Loaded file C:\PROGRAM FILES\ORCAD\LAYOUT_PLUS\library\DIP100T.llb
Thu Apr 12 06:16:53 Loaded file C:\PROGRAM FILES\ORCAD\LAYOUT_PLUS\library\DSUBT.llb
Thu Apr 12 06:16:53 Loaded file C:\PROGRAM FILES\ORCAD\LAYOUT_PLUS\library\DSUBT_HD.LLB
Thu Apr 12 06:16:53 Loaded file C:\PROGRAM FILES\ORCAD\LAYOUT_PLUS\library\ECON100T.llb
Thu Apr 12 06:16:53 Loaded file C:\PROGRAM FILES\ORCAD\LAYOUT_PLUS\library\FBUS.llb
Thu Apr 12 06:16:53 Loaded file C:\PROGRAM FILES\ORCAD\LAYOUT_PLUS\library\ISA.llb
Thu Apr 12 06:16:53 Loaded file C:\PROGRAM FILES\ORCAD\LAYOUT_PLUS\library\JUMPER.LLB
Thu Apr 12 06:16:53 Loaded file C:\PROGRAM FILES\ORCAD\LAYOUT_PLUS\library\LAYOUT.llb
Thu Apr 12 06:16:53 Loaded file C:\PROGRAM FILES\ORCAD\LAYOUT_PLUS\library\LCON100T.llb
Thu Apr 12 06:16:53 Loaded file C:\PROGRAM FILES\ORCAD\LAYOUT_PLUS\library\PC104.llb
Thu Apr 12 06:16:53 Loaded file C:\PROGRAM FILES\ORCAD\LAYOUT_PLUS\library\PCI.llb
Thu Apr 12 06:16:54 Loaded file C:\PROGRAM FILES\ORCAD\LAYOUT_PLUS\library\PCON100T.llb
Thu Apr 12 06:16:54 Loaded file C:\PROGRAM FILES\ORCAD\LAYOUT_PLUS\library\PCON156T.llb
Thu Apr 12 06:16:54 Loaded file C:\PROGRAM FILES\ORCAD\LAYOUT_PLUS\library\PGA.llb
Thu Apr 12 06:16:54 Loaded file C:\PROGRAM FILES\ORCAD\LAYOUT_PLUS\library\PLCC.llb
Thu Apr 12 06:16:54 Loaded file C:\PROGRAM FILES\ORCAD\LAYOUT_PLUS\library\QUAD.llb
Thu Apr 12 06:16:54 Loaded file C:\PROGRAM FILES\ORCAD\LAYOUT_PLUS\library\QUADB.llb
Thu Apr 12 06:16:54 Loaded file C:\PROGRAM FILES\ORCAD\LAYOUT_PLUS\library\RELAY.llb
Thu Apr 12 06:16:54 Loaded file C:\PROGRAM FILES\ORCAD\LAYOUT_PLUS\library\RF.llb
Thu Apr 12 06:16:54 Loaded file C:\PROGRAM FILES\ORCAD\LAYOUT_PLUS\library\SBUS.llb
Thu Apr 12 06:16:54 Loaded file C:\PROGRAM FILES\ORCAD\LAYOUT_PLUS\library\SIMM050F.llb
Thu Apr 12 06:16:54 Loaded file C:\PROGRAM FILES\ORCAD\LAYOUT_PLUS\library\SIMM050T.llb
Thu Apr 12 06:16:54 Loaded file C:\PROGRAM FILES\ORCAD\LAYOUT_PLUS\library\SIMM100F.llb
Thu Apr 12 06:16:54 Loaded file C:\PROGRAM FILES\ORCAD\LAYOUT_PLUS\library\SIMM100T.llb
Thu Apr 12 06:16:54 Loaded file C:\PROGRAM FILES\ORCAD\LAYOUT_PLUS\library\SIP.llb
Thu Apr 12 06:16:54 Loaded file C:\PROGRAM FILES\ORCAD\LAYOUT_PLUS\library\SM.llb
Thu Apr 12 06:16:54 Loaded file C:\PROGRAM FILES\ORCAD\LAYOUT_PLUS\library\SOG.llb
Thu Apr 12 06:16:54 Loaded file C:\PROGRAM FILES\ORCAD\LAYOUT_PLUS\library\SOJ.llb
Thu Apr 12 06:16:54 Loaded file C:\PROGRAM FILES\ORCAD\LAYOUT_PLUS\library\STIFF.llb
Thu Apr 12 06:16:54 Loaded file C:\PROGRAM FILES\ORCAD\LAYOUT_PLUS\library\TELE.llb
Thu Apr 12 06:16:54 Loaded file C:\PROGRAM FILES\ORCAD\LAYOUT_PLUS\library\TM_AXIAL.llb
Thu Apr 12 06:16:54 Loaded file C:\PROGRAM FILES\ORCAD\LAYOUT_PLUS\library\TM_CAP_P.llb
Thu Apr 12 06:16:54 Loaded file C:\PROGRAM FILES\ORCAD\LAYOUT_PLUS\library\TM_CYLND.llb
Thu Apr 12 06:16:54 Loaded file C:\PROGRAM FILES\ORCAD\LAYOUT_PLUS\library\TM_DIODE.llb
Thu Apr 12 06:16:54 Loaded file C:\PROGRAM FILES\ORCAD\LAYOUT_PLUS\library\TM_DISC.llb
Thu Apr 12 06:16:54 Loaded file C:\PROGRAM FILES\ORCAD\LAYOUT_PLUS\library\TM_RAD.llb
Thu Apr 12 06:16:54 Loaded file C:\PROGRAM FILES\ORCAD\LAYOUT_PLUS\library\TO.llb
Thu Apr 12 06:16:54 Loaded file C:\PROGRAM FILES\ORCAD\LAYOUT_PLUS\library\TRAINING.LLB
Thu Apr 12 06:16:54 Loaded file C:\PROGRAM FILES\ORCAD\LAYOUT_PLUS\library\VRES.llb
Thu Apr 12 06:16:54 Loaded file C:\PROGRAM FILES\ORCAD\LAYOUT_PLUS\library\WCON100T.llb
Thu Apr 12 06:16:54 Loaded file C:\PROGRAM FILES\ORCAD\LAYOUT_PLUS\library\XT.llb
Thu Apr 12 06:16:54 Loaded file C:\PROGRAM FILES\ORCAD\LAYOUT_PLUS\library\ZIGZAG.llb
Thu Apr 12 06:16:54 Saved as file C:\DOCUMENTS AND SETTINGS\SAM\DESKTOP\SAM'S STUFF\MY ELECTRONIC PROJECTS\MY OBD-II PROJECT\TRY 2\ELM327 ODB-II V4 .MAX
Thu Apr 12 06:16:55 Loaded file C:\DOCUMENTS AND SETTINGS\SAM\DESKTOP\SAM'S STUFF\MY ELECTRONIC PROJECTS\MY OBD-II PROJECT\TRY 2\ELM327 ODB-II V4 .MAX
Thu Apr 12 06:20:36 Loaded file C:\DOCUMENTS AND SETTINGS\SAM\DESKTOP\SAM'S STUFF\MY ELECTRONIC PROJECTS\MY OBD-II PROJECT\TRY 2\ELM327 ODB-II V4.1 .MAX
Thu Apr 12 06:20:37 Saved as file BACKUP1.MAX
Thu Apr 12 06:20:37 Saved as file C:\DOCUMENTS AND SETTINGS\SAM\DESKTOP\SAM'S STUFF\MY ELECTRONIC PROJECTS\MY OBD-II PROJECT\TRY 2\ELM327 ODB-II V4.1 
Thu Apr 12 06:20:38 UserDiv from Layout.INI for AutoECO: 60
Thu Apr 12 06:20:38 Loaded file C:\DOCUMENTS AND SETTINGS\SAM\DESKTOP\SAM'S STUFF\MY ELECTRONIC PROJECTS\MY OBD-II PROJECT\TRY 2\ELM327 ODB-II V4.1 
Thu Apr 12 06:20:38 Loaded file C:\PROGRAM FILES\ORCAD\LAYOUT_PLUS\LIBRARY\SAM.LLB
Thu Apr 12 06:20:38 Loaded file C:\PROGRAM FILES\ORCAD\LAYOUT_PLUS\library\BCON100T.llb
Thu Apr 12 06:20:38 Loaded file C:\PROGRAM FILES\ORCAD\LAYOUT_PLUS\library\BCON156T.llb
Thu Apr 12 06:20:38 Loaded file C:\PROGRAM FILES\ORCAD\LAYOUT_PLUS\library\BGA.llb
Thu Apr 12 06:20:38 Loaded file C:\PROGRAM FILES\ORCAD\LAYOUT_PLUS\library\CLCC.llb
Thu Apr 12 06:20:38 Loaded file C:\PROGRAM FILES\ORCAD\LAYOUT_PLUS\library\DCON050T.llb
Thu Apr 12 06:20:38 Loaded file C:\PROGRAM FILES\ORCAD\LAYOUT_PLUS\library\DCON085T.llb
Thu Apr 12 06:20:38 Loaded file C:\PROGRAM FILES\ORCAD\LAYOUT_PLUS\library\DIMM050F.llb
Thu Apr 12 06:20:38 Loaded file C:\PROGRAM FILES\ORCAD\LAYOUT_PLUS\library\DIMM050T.llb
Thu Apr 12 06:20:38 Loaded file C:\PROGRAM FILES\ORCAD\LAYOUT_PLUS\library\DIN.llb
Thu Apr 12 06:20:38 Loaded file C:\PROGRAM FILES\ORCAD\LAYOUT_PLUS\library\DIP100B.llb
Thu Apr 12 06:20:38 Loaded file C:\PROGRAM FILES\ORCAD\LAYOUT_PLUS\library\DIP100T.llb
Thu Apr 12 06:20:38 Loaded file C:\PROGRAM FILES\ORCAD\LAYOUT_PLUS\library\DSUBT.llb
Thu Apr 12 06:20:38 Loaded file C:\PROGRAM FILES\ORCAD\LAYOUT_PLUS\library\DSUBT_HD.LLB
Thu Apr 12 06:20:38 Loaded file C:\PROGRAM FILES\ORCAD\LAYOUT_PLUS\library\ECON100T.llb
Thu Apr 12 06:20:38 Loaded file C:\PROGRAM FILES\ORCAD\LAYOUT_PLUS\library\FBUS.llb
Thu Apr 12 06:20:38 Loaded file C:\PROGRAM FILES\ORCAD\LAYOUT_PLUS\library\ISA.llb
Thu Apr 12 06:20:38 Loaded file C:\PROGRAM FILES\ORCAD\LAYOUT_PLUS\library\JUMPER.LLB
Thu Apr 12 06:20:38 Loaded file C:\PROGRAM FILES\ORCAD\LAYOUT_PLUS\library\LAYOUT.llb
Thu Apr 12 06:20:38 Loaded file C:\PROGRAM FILES\ORCAD\LAYOUT_PLUS\library\LCON100T.llb
Thu Apr 12 06:20:38 Loaded file C:\PROGRAM FILES\ORCAD\LAYOUT_PLUS\library\PC104.llb
Thu Apr 12 06:20:38 Loaded file C:\PROGRAM FILES\ORCAD\LAYOUT_PLUS\library\PCI.llb
Thu Apr 12 06:20:38 Loaded file C:\PROGRAM FILES\ORCAD\LAYOUT_PLUS\library\PCON100T.llb
Thu Apr 12 06:20:38 Loaded file C:\PROGRAM FILES\ORCAD\LAYOUT_PLUS\library\PCON156T.llb
Thu Apr 12 06:20:38 Loaded file C:\PROGRAM FILES\ORCAD\LAYOUT_PLUS\library\PGA.llb
Thu Apr 12 06:20:38 Loaded file C:\PROGRAM FILES\ORCAD\LAYOUT_PLUS\library\PLCC.llb
Thu Apr 12 06:20:38 Loaded file C:\PROGRAM FILES\ORCAD\LAYOUT_PLUS\library\QUAD.llb
Thu Apr 12 06:20:38 Loaded file C:\PROGRAM FILES\ORCAD\LAYOUT_PLUS\library\QUADB.llb
Thu Apr 12 06:20:38 Loaded file C:\PROGRAM FILES\ORCAD\LAYOUT_PLUS\library\RELAY.llb
Thu Apr 12 06:20:38 Loaded file C:\PROGRAM FILES\ORCAD\LAYOUT_PLUS\library\RF.llb
Thu Apr 12 06:20:38 Loaded file C:\PROGRAM FILES\ORCAD\LAYOUT_PLUS\library\SBUS.llb
Thu Apr 12 06:20:38 Loaded file C:\PROGRAM FILES\ORCAD\LAYOUT_PLUS\library\SIMM050F.llb
Thu Apr 12 06:20:38 Loaded file C:\PROGRAM FILES\ORCAD\LAYOUT_PLUS\library\SIMM050T.llb
Thu Apr 12 06:20:38 Loaded file C:\PROGRAM FILES\ORCAD\LAYOUT_PLUS\library\SIMM100F.llb
Thu Apr 12 06:20:38 Loaded file C:\PROGRAM FILES\ORCAD\LAYOUT_PLUS\library\SIMM100T.llb
Thu Apr 12 06:20:38 Loaded file C:\PROGRAM FILES\ORCAD\LAYOUT_PLUS\library\SIP.llb
Thu Apr 12 06:20:38 Loaded file C:\PROGRAM FILES\ORCAD\LAYOUT_PLUS\library\SM.llb
Thu Apr 12 06:20:38 Loaded file C:\PROGRAM FILES\ORCAD\LAYOUT_PLUS\library\SOG.llb
Thu Apr 12 06:20:38 Loaded file C:\PROGRAM FILES\ORCAD\LAYOUT_PLUS\library\SOJ.llb
Thu Apr 12 06:20:38 Loaded file C:\PROGRAM FILES\ORCAD\LAYOUT_PLUS\library\STIFF.llb
Thu Apr 12 06:20:38 Loaded file C:\PROGRAM FILES\ORCAD\LAYOUT_PLUS\library\TELE.llb
Thu Apr 12 06:20:38 Loaded file C:\PROGRAM FILES\ORCAD\LAYOUT_PLUS\library\TM_AXIAL.llb
Thu Apr 12 06:20:38 Loaded file C:\PROGRAM FILES\ORCAD\LAYOUT_PLUS\library\TM_CAP_P.llb
Thu Apr 12 06:20:38 Loaded file C:\PROGRAM FILES\ORCAD\LAYOUT_PLUS\library\TM_CYLND.llb
Thu Apr 12 06:20:38 Loaded file C:\PROGRAM FILES\ORCAD\LAYOUT_PLUS\library\TM_DIODE.llb
Thu Apr 12 06:20:38 Loaded file C:\PROGRAM FILES\ORCAD\LAYOUT_PLUS\library\TM_DISC.llb
Thu Apr 12 06:20:38 Loaded file C:\PROGRAM FILES\ORCAD\LAYOUT_PLUS\library\TM_RAD.llb
Thu Apr 12 06:20:38 Loaded file C:\PROGRAM FILES\ORCAD\LAYOUT_PLUS\library\TO.llb
Thu Apr 12 06:20:38 Loaded file C:\PROGRAM FILES\ORCAD\LAYOUT_PLUS\library\TRAINING.LLB
Thu Apr 12 06:20:38 Loaded file C:\PROGRAM FILES\ORCAD\LAYOUT_PLUS\library\VRES.llb
Thu Apr 12 06:20:38 Loaded file C:\PROGRAM FILES\ORCAD\LAYOUT_PLUS\library\WCON100T.llb
Thu Apr 12 06:20:38 Loaded file C:\PROGRAM FILES\ORCAD\LAYOUT_PLUS\library\XT.llb
Thu Apr 12 06:20:38 Loaded file C:\PROGRAM FILES\ORCAD\LAYOUT_PLUS\library\ZIGZAG.llb
Thu Apr 12 06:20:38 Saved as file C:\DOCUMENTS AND SETTINGS\SAM\DESKTOP\SAM'S STUFF\MY ELECTRONIC PROJECTS\MY OBD-II PROJECT\TRY 2\ELM327 ODB-II V4.MAX
Thu Apr 12 06:20:38 Loaded file C:\DOCUMENTS AND SETTINGS\SAM\DESKTOP\SAM'S STUFF\MY ELECTRONIC PROJECTS\MY OBD-II PROJECT\TRY 2\ELM327 ODB-II V4.MAX
Thu Apr 12 06:27:21 Saved as file BACKUP1.MAX
Thu Apr 12 06:37:51 Saved as file BACKUP1.MAX
Thu Apr 12 06:48:21 Saved as file BACKUP1.MAX
Thu Apr 12 06:59:21 Saved as file BACKUP1.MAX
Thu Apr 12 07:09:51 Saved as file BACKUP1.MAX
Thu Apr 12 10:53:36 Saved as file BACKUP1.MAX
Thu Apr 12 10:53:36 Saved as file C:\DOCUMENTS AND SETTINGS\SAM\DESKTOP\SAM'S STUFF\MY ELECTRONIC PROJECTS\MY OBD-II PROJECT\TRY 2\ELM327 ODB-II V4 .MAX
Thu Apr 12 10:53:38 UserDiv from Layout.INI for AutoECO: 60
Thu Apr 12 10:53:38 Loaded file C:\DOCUMENTS AND SETTINGS\SAM\DESKTOP\SAM'S STUFF\MY ELECTRONIC PROJECTS\MY OBD-II PROJECT\TRY 2\ELM327 ODB-II V4 .MAX
Thu Apr 12 10:53:38 Loaded file C:\PROGRAM FILES\ORCAD\LAYOUT_PLUS\LIBRARY\SAM.LLB
Thu Apr 12 10:53:38 Loaded file C:\PROGRAM FILES\ORCAD\LAYOUT_PLUS\library\BCON100T.llb
Thu Apr 12 10:53:38 Loaded file C:\PROGRAM FILES\ORCAD\LAYOUT_PLUS\library\BCON156T.llb
Thu Apr 12 10:53:38 Loaded file C:\PROGRAM FILES\ORCAD\LAYOUT_PLUS\library\BGA.llb
Thu Apr 12 10:53:38 Loaded file C:\PROGRAM FILES\ORCAD\LAYOUT_PLUS\library\CLCC.llb
Thu Apr 12 10:53:38 Loaded file C:\PROGRAM FILES\ORCAD\LAYOUT_PLUS\library\DCON050T.llb
Thu Apr 12 10:53:38 Loaded file C:\PROGRAM FILES\ORCAD\LAYOUT_PLUS\library\DCON085T.llb
Thu Apr 12 10:53:38 Loaded file C:\PROGRAM FILES\ORCAD\LAYOUT_PLUS\library\DIMM050F.llb
Thu Apr 12 10:53:38 Loaded file C:\PROGRAM FILES\ORCAD\LAYOUT_PLUS\library\DIMM050T.llb
Thu Apr 12 10:53:38 Loaded file C:\PROGRAM FILES\ORCAD\LAYOUT_PLUS\library\DIN.llb
Thu Apr 12 10:53:38 Loaded file C:\PROGRAM FILES\ORCAD\LAYOUT_PLUS\library\DIP100B.llb
Thu Apr 12 10:53:38 Loaded file C:\PROGRAM FILES\ORCAD\LAYOUT_PLUS\library\DIP100T.llb
Thu Apr 12 10:53:38 Loaded file C:\PROGRAM FILES\ORCAD\LAYOUT_PLUS\library\DSUBT.llb
Thu Apr 12 10:53:38 Loaded file C:\PROGRAM FILES\ORCAD\LAYOUT_PLUS\library\DSUBT_HD.LLB
Thu Apr 12 10:53:39 Loaded file C:\PROGRAM FILES\ORCAD\LAYOUT_PLUS\library\ECON100T.llb
Thu Apr 12 10:53:39 Loaded file C:\PROGRAM FILES\ORCAD\LAYOUT_PLUS\library\FBUS.llb
Thu Apr 12 10:53:39 Loaded file C:\PROGRAM FILES\ORCAD\LAYOUT_PLUS\library\ISA.llb
Thu Apr 12 10:53:39 Loaded file C:\PROGRAM FILES\ORCAD\LAYOUT_PLUS\library\JUMPER.LLB
Thu Apr 12 10:53:39 Loaded file C:\PROGRAM FILES\ORCAD\LAYOUT_PLUS\library\LAYOUT.llb
Thu Apr 12 10:53:39 Loaded file C:\PROGRAM FILES\ORCAD\LAYOUT_PLUS\library\LCON100T.llb
Thu Apr 12 10:53:39 Loaded file C:\PROGRAM FILES\ORCAD\LAYOUT_PLUS\library\PC104.llb
Thu Apr 12 10:53:39 Loaded file C:\PROGRAM FILES\ORCAD\LAYOUT_PLUS\library\PCI.llb
Thu Apr 12 10:53:39 Loaded file C:\PROGRAM FILES\ORCAD\LAYOUT_PLUS\library\PCON100T.llb
Thu Apr 12 10:53:39 Loaded file C:\PROGRAM FILES\ORCAD\LAYOUT_PLUS\library\PCON156T.llb
Thu Apr 12 10:53:39 Loaded file C:\PROGRAM FILES\ORCAD\LAYOUT_PLUS\library\PGA.llb
Thu Apr 12 10:53:40 Loaded file C:\PROGRAM FILES\ORCAD\LAYOUT_PLUS\library\PLCC.llb
Thu Apr 12 10:53:40 Loaded file C:\PROGRAM FILES\ORCAD\LAYOUT_PLUS\library\QUAD.llb
Thu Apr 12 10:53:40 Loaded file C:\PROGRAM FILES\ORCAD\LAYOUT_PLUS\library\QUADB.llb
Thu Apr 12 10:53:40 Loaded file C:\PROGRAM FILES\ORCAD\LAYOUT_PLUS\library\RELAY.llb
Thu Apr 12 10:53:40 Loaded file C:\PROGRAM FILES\ORCAD\LAYOUT_PLUS\library\RF.llb
Thu Apr 12 10:53:40 Loaded file C:\PROGRAM FILES\ORCAD\LAYOUT_PLUS\library\SBUS.llb
Thu Apr 12 10:53:40 Loaded file C:\PROGRAM FILES\ORCAD\LAYOUT_PLUS\library\SIMM050F.llb
Thu Apr 12 10:53:40 Loaded file C:\PROGRAM FILES\ORCAD\LAYOUT_PLUS\library\SIMM050T.llb
Thu Apr 12 10:53:40 Loaded file C:\PROGRAM FILES\ORCAD\LAYOUT_PLUS\library\SIMM100F.llb
Thu Apr 12 10:53:40 Loaded file C:\PROGRAM FILES\ORCAD\LAYOUT_PLUS\library\SIMM100T.llb
Thu Apr 12 10:53:40 Loaded file C:\PROGRAM FILES\ORCAD\LAYOUT_PLUS\library\SIP.llb
Thu Apr 12 10:53:40 Loaded file C:\PROGRAM FILES\ORCAD\LAYOUT_PLUS\library\SM.llb
Thu Apr 12 10:53:40 Loaded file C:\PROGRAM FILES\ORCAD\LAYOUT_PLUS\library\SOG.llb
Thu Apr 12 10:53:41 Loaded file C:\PROGRAM FILES\ORCAD\LAYOUT_PLUS\library\SOJ.llb
Thu Apr 12 10:53:41 Loaded file C:\PROGRAM FILES\ORCAD\LAYOUT_PLUS\library\STIFF.llb
Thu Apr 12 10:53:41 Loaded file C:\PROGRAM FILES\ORCAD\LAYOUT_PLUS\library\TELE.llb
Thu Apr 12 10:53:41 Loaded file C:\PROGRAM FILES\ORCAD\LAYOUT_PLUS\library\TM_AXIAL.llb
Thu Apr 12 10:53:41 Loaded file C:\PROGRAM FILES\ORCAD\LAYOUT_PLUS\library\TM_CAP_P.llb
Thu Apr 12 10:53:41 Loaded file C:\PROGRAM FILES\ORCAD\LAYOUT_PLUS\library\TM_CYLND.llb
Thu Apr 12 10:53:41 Loaded file C:\PROGRAM FILES\ORCAD\LAYOUT_PLUS\library\TM_DIODE.llb
Thu Apr 12 10:53:41 Loaded file C:\PROGRAM FILES\ORCAD\LAYOUT_PLUS\library\TM_DISC.llb
Thu Apr 12 10:53:41 Loaded file C:\PROGRAM FILES\ORCAD\LAYOUT_PLUS\library\TM_RAD.llb
Thu Apr 12 10:53:41 Loaded file C:\PROGRAM FILES\ORCAD\LAYOUT_PLUS\library\TO.llb
Thu Apr 12 10:53:41 Loaded file C:\PROGRAM FILES\ORCAD\LAYOUT_PLUS\library\TRAINING.LLB
Thu Apr 12 10:53:41 Loaded file C:\PROGRAM FILES\ORCAD\LAYOUT_PLUS\library\VRES.llb
Thu Apr 12 10:53:41 Loaded file C:\PROGRAM FILES\ORCAD\LAYOUT_PLUS\library\WCON100T.llb
Thu Apr 12 10:53:41 Loaded file C:\PROGRAM FILES\ORCAD\LAYOUT_PLUS\library\XT.llb
Thu Apr 12 10:53:41 Loaded file C:\PROGRAM FILES\ORCAD\LAYOUT_PLUS\library\ZIGZAG.llb
Thu Apr 12 10:53:41 Saved as file C:\DOCUMENTS AND SETTINGS\SAM\DESKTOP\SAM'S STUFF\MY ELECTRONIC PROJECTS\MY OBD-II PROJECT\TRY 2\ELM327 ODB-II V4 .MAX
Thu Apr 12 10:53:41 Loaded file C:\DOCUMENTS AND SETTINGS\SAM\DESKTOP\SAM'S STUFF\MY ELECTRONIC PROJECTS\MY OBD-II PROJECT\TRY 2\ELM327 ODB-II V4 .MAX
Thu Apr 12 10:54:01 Loaded file C:\DOCUMENTS AND SETTINGS\SAM\DESKTOP\SAM'S STUFF\MY ELECTRONIC PROJECTS\MY OBD-II PROJECT\TRY 2\ELM327 ODB-II V4.1 .MAX
Thu Apr 12 10:54:29 Loaded file C:\DOCUMENTS AND SETTINGS\SAM\DESKTOP\SAM'S STUFF\MY ELECTRONIC PROJECTS\MY OBD-II PROJECT\TRY 2\ELM327 ODB-II V4.MAX
Thu Apr 12 10:54:35 Loaded file C:\DOCUMENTS AND SETTINGS\SAM\DESKTOP\SAM'S STUFF\MY ELECTRONIC PROJECTS\MY OBD-II PROJECT\TRY 2\ELM327 ODB-II V4 .MAX
Thu Apr 12 10:55:32 Loaded file C:\DOCUMENTS AND SETTINGS\SAM\DESKTOP\SAM'S STUFF\MY ELECTRONIC PROJECTS\MY OBD-II PROJECT\TRY 2\BACKUP5.MAX
Thu Apr 12 10:56:17 Saved as file C:\DOCUMENTS AND SETTINGS\SAM\DESKTOP\SAM'S STUFF\MY ELECTRONIC PROJECTS\MY OBD-II PROJECT\TRY 2\ELM327 ODB-II V5.MAX
Thu Apr 12 11:03:42 Saved as file C:\DOCUMENTS AND SETTINGS\SAM\DESKTOP\SAM'S STUFF\MY ELECTRONIC PROJECTS\MY OBD-II PROJECT\TRY 2\ELM327 ODB-II V5.MAX
Thu Apr 12 11:05:32 Saved as file BACKUP1.MAX
Thu Apr 12 11:06:27 Saved as file C:\DOCUMENTS AND SETTINGS\SAM\DESKTOP\SAM'S STUFF\MY ELECTRONIC PROJECTS\MY OBD-II PROJECT\TRY 2\ELM327 ODB-II V5.MAX
Thu Apr 12 11:09:31 Saved as file C:\DOCUMENTS AND SETTINGS\SAM\DESKTOP\SAM'S STUFF\MY ELECTRONIC PROJECTS\MY OBD-II PROJECT\TRY 2\ELM327 ODB-II V5.MAX
Thu Apr 12 11:12:06 Saved as file C:\DOCUMENTS AND SETTINGS\SAM\DESKTOP\SAM'S STUFF\MY ELECTRONIC PROJECTS\MY OBD-II PROJECT\TRY 2\ELM327 ODB-II V5.MAX
Thu Apr 12 11:16:32 Saved as file BACKUP1.MAX
Thu Apr 12 11:17:37 Saved as file C:\DOCUMENTS AND SETTINGS\SAM\DESKTOP\SAM'S STUFF\MY ELECTRONIC PROJECTS\MY OBD-II PROJECT\TRY 2\ELM327 ODB-II V5.MAX
Thu Apr 12 11:18:07 Saved as file C:\DOCUMENTS AND SETTINGS\SAM\DESKTOP\SAM'S STUFF\MY ELECTRONIC PROJECTS\MY OBD-II PROJECT\TRY 2\ELM327 ODB-II V5.MAX
Thu Apr 12 11:19:14 Loaded file C:\DOCUMENTS AND SETTINGS\SAM\DESKTOP\SAM'S STUFF\MY ELECTRONIC PROJECTS\MY OBD-II PROJECT\TRY 2\ELM327 ODB-II V5.MAX
Thu Apr 12 11:21:16 Loaded file C:\DOCUMENTS AND SETTINGS\SAM\DESKTOP\SAM'S STUFF\MY ELECTRONIC PROJECTS\MY OBD-II PROJECT\TRY 2\ELM327 ODB-II V5.MAX
Thu Apr 12 11:24:30 Loaded file C:\DOCUMENTS AND SETTINGS\SAM\DESKTOP\SAM'S STUFF\MY ELECTRONIC PROJECTS\MY OBD-II PROJECT\TRY 2\ELM327 ODB-II V5.MAX
Thu Apr 12 11:26:27 Saved as file C:\DOCUMENTS AND SETTINGS\SAM\DESKTOP\SAM'S STUFF\MY ELECTRONIC PROJECTS\MY OBD-II PROJECT\TRY 2\ELM327 ODB-II V5.MAX
Thu Apr 12 11:29:32 Saved as file BACKUP1.MAX
Thu Apr 12 11:33:55 Loaded file C:\DOCUMENTS AND SETTINGS\SAM\DESKTOP\SAM'S STUFF\MY ELECTRONIC PROJECTS\MY OBD-II PROJECT\TRY 2\ELM327 ODB-II V5.MAX
Thu Apr 12 11:37:06 Error code 0034.912 (266)
Thu Apr 12 11:37:06 Saved as file Backup0.max
Thu Apr 12 11:37:06 Windows which were open at time of error:
Thu Apr 12 11:37:06 	ActiveWindow: &Design
Thu Apr 12 11:37:06 	Icon: &Components
Thu Apr 12 11:37:06 	Icon: &Nets
Thu Apr 12 11:37:06 	Icon: Post Proces&s
Thu Apr 12 11:37:06 End-of-list
Thu Apr 12 11:37:06 Error code 0034.912 (266)
Tue Apr 17 04:33:09 Loaded file C:\DOCUMENTS AND SETTINGS\SAM\DESKTOP\SAM'S STUFF\MY ELECTRONIC PROJECTS\MY OBD-II PROJECT\TRY 2\ELM327 ODB-II V5.MAX
Tue Apr 17 04:38:25 Saved as file C:\DOCUMENTS AND SETTINGS\SAM\DESKTOP\SAM'S STUFF\MY ELECTRONIC PROJECTS\MY OBD-II PROJECT\TRY 2\ELM327 ODB-II V5.MAX
Tue Apr 17 04:42:28 Saved as file C:\DOCUMENTS AND SETTINGS\SAM\DESKTOP\SAM'S STUFF\MY ELECTRONIC PROJECTS\MY OBD-II PROJECT\TRY 2\ELM327 ODB-II V5.MAX
Tue Apr 17 04:43:21 Saved as file BACKUP1.MAX
Tue Apr 17 04:53:51 Saved as file BACKUP1.MAX
Tue Apr 17 05:04:21 Saved as file BACKUP1.MAX
Tue Apr 17 05:14:51 Saved as file BACKUP1.MAX
Tue Apr 17 05:15:09 Saved as file C:\DOCUMENTS AND SETTINGS\SAM\DESKTOP\SAM'S STUFF\MY ELECTRONIC PROJECTS\MY OBD-II PROJECT\TRY 2\ELM327 ODB-II V5.MAX
Tue Apr 17 05:25:21 Saved as file BACKUP1.MAX
Tue Apr 17 05:35:51 Saved as file BACKUP1.MAX
Tue Apr 17 05:46:51 Saved as file BACKUP1.MAX
Tue Apr 17 05:50:59 Saved as file C:\DOCUMENTS AND SETTINGS\SAM\DESKTOP\SAM'S STUFF\MY ELECTRONIC PROJECTS\MY OBD-II PROJECT\TRY 2\ELM327 ODB-II V6.MAX
Tue Apr 17 05:57:21 Saved as file BACKUP1.MAX
Tue Apr 17 06:07:35 Saved as file C:\DOCUMENTS AND SETTINGS\SAM\DESKTOP\SAM'S STUFF\MY ELECTRONIC PROJECTS\MY OBD-II PROJECT\TRY 2\ELM327 ODB-II V6.MAX
Tue Apr 17 06:07:51 Saved as file BACKUP1.MAX
Tue Apr 17 06:18:21 Saved as file BACKUP1.MAX
Tue Apr 17 06:28:51 Saved as file BACKUP1.MAX
Fri Dec 14 11:33:19 Loaded file C:\DOCUMENTS AND SETTINGS\SAM\DESKTOP\SAM'S STUFF\MY ELECTRONIC PROJECTS\MY OBD-II PROJECT\TRY 2\ELM327 ODB-II V6.MAX
Fri Dec 14 11:33:19 Removed 2 bad jumpers from layer TOP
Fri Dec 14 11:34:15 Loaded file C:\Program Files\OrCAD\Layout_Plus\data\template.imp
Fri Dec 14 11:34:15 Loaded file C:\Program Files\OrCAD\Layout_Plus\data\template.imp
Fri Dec 14 11:34:22 Loaded file C:\PROGRAM FILES\ORCAD\LAYOUT_PLUS\library\DSUBT.llb
Fri Dec 14 11:34:25 Loaded file C:\Program Files\OrCAD\Layout_Plus\data\template.imp
Fri Dec 14 11:34:38 Loaded file C:\Program Files\OrCAD\Layout_Plus\library\padstack.llb
Fri Dec 14 11:35:59 Loaded file C:\PROGRAM FILES\ORCAD\LAYOUT_PLUS\library\TM_RAD.llb
Fri Dec 14 11:36:01 Loaded file C:\Program Files\OrCAD\Layout_Plus\data\template.imp
Fri Dec 14 11:36:41 Loaded file C:\Program Files\OrCAD\Layout_Plus\data\template.imp
Fri Dec 14 11:36:50 Loaded file C:\Program Files\OrCAD\Layout_Plus\library\padstack.llb
