Fri May 23 12:50:14 Saved as file H:\VEHICLE PRODUCTION PROJECT\ORCAD FILES\PM_05_19_08.MAX
Sun Jun 08 13:45:33 Saved as file BACKUP1.MAX
Sun Jun 08 13:45:33 Saved as file C:\MY VEHICLE RFID FILES\VEHICLE PRODUCTION PROJECT\ORCAD FILES\PM_05_19_08.MAX
Sun Jun 08 13:45:36 UserDiv from Layout.INI for AutoECO: 60
Sun Jun 08 13:45:36 Loaded file C:\MY VEHICLE RFID FILES\VEHICLE PRODUCTION PROJECT\ORCAD FILES\PM_05_19_08.MAX
Sun Jun 08 13:45:37 Loaded file C:\PROGRAM FILES\ORCAD\LAYOUT_ENG_ED\LIBRARY\PADSTACK.LLB
Sun Jun 08 13:45:37 Loaded file C:\PROGRAM FILES\ORCAD\LAYOUT_ENG_ED\LIBRARY\EX_GUI.LLB
Sun Jun 08 13:45:37 Loaded file C:\PROGRAM FILES\ORCAD\LAYOUT_PLUS\LIBRARY\METRIC.LLB
Sun Jun 08 13:45:37 Loaded file C:\PROGRAM FILES\ORCAD\LAYOUT_PLUS\LIBRARY\SAM.LLB
Sun Jun 08 13:45:37 Loaded file C:\PROGRAM FILES\ORCAD\LAYOUT_PLUS\library\BCON100T.llb
Sun Jun 08 13:45:37 Loaded file C:\PROGRAM FILES\ORCAD\LAYOUT_PLUS\library\BCON156T.llb
Sun Jun 08 13:45:37 Loaded file C:\PROGRAM FILES\ORCAD\LAYOUT_PLUS\library\BGA.llb
Sun Jun 08 13:45:37 Loaded file C:\PROGRAM FILES\ORCAD\LAYOUT_PLUS\library\CLCC.llb
Sun Jun 08 13:45:37 Loaded file C:\PROGRAM FILES\ORCAD\LAYOUT_PLUS\library\DCON050T.llb
Sun Jun 08 13:45:37 Loaded file C:\PROGRAM FILES\ORCAD\LAYOUT_PLUS\library\DCON085T.llb
Sun Jun 08 13:45:37 Loaded file C:\PROGRAM FILES\ORCAD\LAYOUT_PLUS\library\DIMM050F.llb
Sun Jun 08 13:45:37 Loaded file C:\PROGRAM FILES\ORCAD\LAYOUT_PLUS\library\DIMM050T.llb
Sun Jun 08 13:45:37 Loaded file C:\PROGRAM FILES\ORCAD\LAYOUT_PLUS\library\DIN.llb
Sun Jun 08 13:45:37 Loaded file C:\PROGRAM FILES\ORCAD\LAYOUT_PLUS\library\DIP100B.llb
Sun Jun 08 13:45:37 Loaded file C:\PROGRAM FILES\ORCAD\LAYOUT_PLUS\library\DIP100T.llb
Sun Jun 08 13:45:37 Loaded file C:\PROGRAM FILES\ORCAD\LAYOUT_PLUS\library\DSUBT.llb
Sun Jun 08 13:45:37 Loaded file C:\PROGRAM FILES\ORCAD\LAYOUT_PLUS\library\DSUBT_HD.LLB
Sun Jun 08 13:45:37 Loaded file C:\PROGRAM FILES\ORCAD\LAYOUT_PLUS\library\ECON100T.llb
Sun Jun 08 13:45:37 Loaded file C:\PROGRAM FILES\ORCAD\LAYOUT_PLUS\library\FBUS.llb
Sun Jun 08 13:45:37 Loaded file C:\PROGRAM FILES\ORCAD\LAYOUT_PLUS\library\ISA.llb
Sun Jun 08 13:45:37 Loaded file C:\PROGRAM FILES\ORCAD\LAYOUT_PLUS\library\JUMPER.LLB
Sun Jun 08 13:45:38 Loaded file C:\PROGRAM FILES\ORCAD\LAYOUT_PLUS\library\LAYOUT.llb
Sun Jun 08 13:45:38 Loaded file C:\PROGRAM FILES\ORCAD\LAYOUT_PLUS\library\LCON100T.llb
Sun Jun 08 13:45:38 Loaded file C:\PROGRAM FILES\ORCAD\LAYOUT_PLUS\library\PC104.llb
Sun Jun 08 13:45:38 Loaded file C:\PROGRAM FILES\ORCAD\LAYOUT_PLUS\library\PCI.llb
Sun Jun 08 13:45:38 Loaded file C:\PROGRAM FILES\ORCAD\LAYOUT_PLUS\library\PCON100T.llb
Sun Jun 08 13:45:38 Loaded file C:\PROGRAM FILES\ORCAD\LAYOUT_PLUS\library\PCON156T.llb
Sun Jun 08 13:45:38 Loaded file C:\PROGRAM FILES\ORCAD\LAYOUT_PLUS\library\PGA.llb
Sun Jun 08 13:45:38 Loaded file C:\PROGRAM FILES\ORCAD\LAYOUT_PLUS\library\PLCC.llb
Sun Jun 08 13:45:38 Loaded file C:\PROGRAM FILES\ORCAD\LAYOUT_PLUS\library\QUAD.llb
Sun Jun 08 13:45:38 Loaded file C:\PROGRAM FILES\ORCAD\LAYOUT_PLUS\library\QUADB.llb
Sun Jun 08 13:45:38 Loaded file C:\PROGRAM FILES\ORCAD\LAYOUT_PLUS\library\RELAY.llb
Sun Jun 08 13:45:38 Loaded file C:\PROGRAM FILES\ORCAD\LAYOUT_PLUS\library\RF.llb
Sun Jun 08 13:45:38 Loaded file C:\PROGRAM FILES\ORCAD\LAYOUT_PLUS\library\SBUS.llb
Sun Jun 08 13:45:38 Loaded file C:\PROGRAM FILES\ORCAD\LAYOUT_PLUS\library\SIMM050F.llb
Sun Jun 08 13:45:38 Loaded file C:\PROGRAM FILES\ORCAD\LAYOUT_PLUS\library\SIMM050T.llb
Sun Jun 08 13:45:38 Loaded file C:\PROGRAM FILES\ORCAD\LAYOUT_PLUS\library\SIMM100F.llb
Sun Jun 08 13:45:38 Loaded file C:\PROGRAM FILES\ORCAD\LAYOUT_PLUS\library\SIMM100T.llb
Sun Jun 08 13:45:38 Loaded file C:\PROGRAM FILES\ORCAD\LAYOUT_PLUS\library\SIP.llb
Sun Jun 08 13:45:38 Loaded file C:\PROGRAM FILES\ORCAD\LAYOUT_PLUS\library\SM.llb
Sun Jun 08 13:45:38 Loaded file C:\PROGRAM FILES\ORCAD\LAYOUT_PLUS\library\SOG.llb
Sun Jun 08 13:45:38 Loaded file C:\PROGRAM FILES\ORCAD\LAYOUT_PLUS\library\SOJ.llb
Sun Jun 08 13:45:38 Loaded file C:\PROGRAM FILES\ORCAD\LAYOUT_PLUS\library\STIFF.llb
Sun Jun 08 13:45:38 Loaded file C:\PROGRAM FILES\ORCAD\LAYOUT_PLUS\library\TELE.llb
Sun Jun 08 13:45:38 Loaded file C:\PROGRAM FILES\ORCAD\LAYOUT_PLUS\library\TM_AXIAL.llb
Sun Jun 08 13:45:38 Loaded file C:\PROGRAM FILES\ORCAD\LAYOUT_PLUS\library\TM_CAP_P.llb
Sun Jun 08 13:45:38 Loaded file C:\PROGRAM FILES\ORCAD\LAYOUT_PLUS\library\TM_CYLND.llb
Sun Jun 08 13:45:38 Loaded file C:\PROGRAM FILES\ORCAD\LAYOUT_PLUS\library\TM_DIODE.llb
Sun Jun 08 13:45:38 Loaded file C:\PROGRAM FILES\ORCAD\LAYOUT_PLUS\library\TM_DISC.llb
Sun Jun 08 13:45:39 Loaded file C:\PROGRAM FILES\ORCAD\LAYOUT_PLUS\library\TM_RAD.llb
Sun Jun 08 13:45:39 Loaded file C:\PROGRAM FILES\ORCAD\LAYOUT_PLUS\library\TO.llb
Sun Jun 08 13:45:39 Loaded file C:\PROGRAM FILES\ORCAD\LAYOUT_PLUS\library\TRAINING.LLB
Sun Jun 08 13:45:39 Loaded file C:\PROGRAM FILES\ORCAD\LAYOUT_PLUS\library\VRES.llb
Sun Jun 08 13:45:39 Loaded file C:\PROGRAM FILES\ORCAD\LAYOUT_PLUS\library\WCON100T.llb
Sun Jun 08 13:45:39 Loaded file C:\PROGRAM FILES\ORCAD\LAYOUT_PLUS\library\XT.llb
Sun Jun 08 13:45:39 Loaded file C:\PROGRAM FILES\ORCAD\LAYOUT_PLUS\library\ZIGZAG.llb
Sun Jun 08 13:45:39 Loaded file C:\PROGRAM FILES\ORCAD\LAYOUT_PLUS\library\SM.llb
Sun Jun 08 13:45:39 Saved as file C:\MY VEHICLE RFID FILES\VEHICLE PRODUCTION PROJECT\ORCAD FILES\PM_05_19_08.MAX
Sun Jun 08 13:45:39 Loaded file C:\MY VEHICLE RFID FILES\VEHICLE PRODUCTION PROJECT\ORCAD FILES\PM_05_19_08.MAX
Sun Jun 08 13:50:00 Saved as file C:\MY VEHICLE RFID FILES\VEHICLE PRODUCTION PROJECT\ORCAD FILES\PM_05_19_08.MAX
Sun Jun 08 13:51:25 Loaded file C:\MY VEHICLE RFID FILES\VEHICLE PRODUCTION PROJECT\ORCAD FILES\PM_05_19_08.MAX
Sun Jun 08 13:55:42 Loaded file C:\MY VEHICLE RFID FILES\VEHICLE PRODUCTION PROJECT\ORCAD FILES\PM_05_19_08.MAX
Sun Jun 08 13:55:45 Saved as file BACKUP1.MAX
Sun Jun 08 13:55:45 Saved as file C:\MY VEHICLE RFID FILES\VEHICLE PRODUCTION PROJECT\ORCAD FILES\PM_05_19_08.MAX
Sun Jun 08 13:55:45 UserDiv from Layout.INI for AutoECO: 60
Sun Jun 08 13:55:45 Loaded file C:\MY VEHICLE RFID FILES\VEHICLE PRODUCTION PROJECT\ORCAD FILES\PM_05_19_08.MAX
Sun Jun 08 13:55:45 Loaded file C:\PROGRAM FILES\ORCAD\LAYOUT_ENG_ED\LIBRARY\PADSTACK.LLB
Sun Jun 08 13:55:45 Loaded file C:\PROGRAM FILES\ORCAD\LAYOUT_ENG_ED\LIBRARY\EX_GUI.LLB
Sun Jun 08 13:55:45 Loaded file C:\PROGRAM FILES\ORCAD\LAYOUT_PLUS\LIBRARY\METRIC.LLB
Sun Jun 08 13:55:45 Loaded file C:\PROGRAM FILES\ORCAD\LAYOUT_PLUS\LIBRARY\SAM.LLB
Sun Jun 08 13:55:45 Loaded file C:\PROGRAM FILES\ORCAD\LAYOUT_PLUS\library\BCON100T.llb
Sun Jun 08 13:55:45 Loaded file C:\PROGRAM FILES\ORCAD\LAYOUT_PLUS\library\BCON156T.llb
Sun Jun 08 13:55:45 Loaded file C:\PROGRAM FILES\ORCAD\LAYOUT_PLUS\library\BGA.llb
Sun Jun 08 13:55:45 Loaded file C:\PROGRAM FILES\ORCAD\LAYOUT_PLUS\library\CLCC.llb
Sun Jun 08 13:55:45 Loaded file C:\PROGRAM FILES\ORCAD\LAYOUT_PLUS\library\DCON050T.llb
Sun Jun 08 13:55:45 Loaded file C:\PROGRAM FILES\ORCAD\LAYOUT_PLUS\library\DCON085T.llb
Sun Jun 08 13:55:45 Loaded file C:\PROGRAM FILES\ORCAD\LAYOUT_PLUS\library\DIMM050F.llb
Sun Jun 08 13:55:45 Loaded file C:\PROGRAM FILES\ORCAD\LAYOUT_PLUS\library\DIMM050T.llb
Sun Jun 08 13:55:45 Loaded file C:\PROGRAM FILES\ORCAD\LAYOUT_PLUS\library\DIN.llb
Sun Jun 08 13:55:45 Loaded file C:\PROGRAM FILES\ORCAD\LAYOUT_PLUS\library\DIP100B.llb
Sun Jun 08 13:55:45 Loaded file C:\PROGRAM FILES\ORCAD\LAYOUT_PLUS\library\DIP100T.llb
Sun Jun 08 13:55:45 Loaded file C:\PROGRAM FILES\ORCAD\LAYOUT_PLUS\library\DSUBT.llb
Sun Jun 08 13:55:45 Loaded file C:\PROGRAM FILES\ORCAD\LAYOUT_PLUS\library\DSUBT_HD.LLB
Sun Jun 08 13:55:45 Loaded file C:\PROGRAM FILES\ORCAD\LAYOUT_PLUS\library\ECON100T.llb
Sun Jun 08 13:55:45 Loaded file C:\PROGRAM FILES\ORCAD\LAYOUT_PLUS\library\FBUS.llb
Sun Jun 08 13:55:45 Loaded file C:\PROGRAM FILES\ORCAD\LAYOUT_PLUS\library\ISA.llb
Sun Jun 08 13:55:45 Loaded file C:\PROGRAM FILES\ORCAD\LAYOUT_PLUS\library\JUMPER.LLB
Sun Jun 08 13:55:45 Loaded file C:\PROGRAM FILES\ORCAD\LAYOUT_PLUS\library\LAYOUT.llb
Sun Jun 08 13:55:45 Loaded file C:\PROGRAM FILES\ORCAD\LAYOUT_PLUS\library\LCON100T.llb
Sun Jun 08 13:55:45 Loaded file C:\PROGRAM FILES\ORCAD\LAYOUT_PLUS\library\PC104.llb
Sun Jun 08 13:55:45 Loaded file C:\PROGRAM FILES\ORCAD\LAYOUT_PLUS\library\PCI.llb
Sun Jun 08 13:55:45 Loaded file C:\PROGRAM FILES\ORCAD\LAYOUT_PLUS\library\PCON100T.llb
Sun Jun 08 13:55:45 Loaded file C:\PROGRAM FILES\ORCAD\LAYOUT_PLUS\library\PCON156T.llb
Sun Jun 08 13:55:46 Loaded file C:\PROGRAM FILES\ORCAD\LAYOUT_PLUS\library\PGA.llb
Sun Jun 08 13:55:46 Loaded file C:\PROGRAM FILES\ORCAD\LAYOUT_PLUS\library\PLCC.llb
Sun Jun 08 13:55:46 Loaded file C:\PROGRAM FILES\ORCAD\LAYOUT_PLUS\library\QUAD.llb
Sun Jun 08 13:55:46 Loaded file C:\PROGRAM FILES\ORCAD\LAYOUT_PLUS\library\QUADB.llb
Sun Jun 08 13:55:46 Loaded file C:\PROGRAM FILES\ORCAD\LAYOUT_PLUS\library\RELAY.llb
Sun Jun 08 13:55:46 Loaded file C:\PROGRAM FILES\ORCAD\LAYOUT_PLUS\library\RF.llb
Sun Jun 08 13:55:46 Loaded file C:\PROGRAM FILES\ORCAD\LAYOUT_PLUS\library\SBUS.llb
Sun Jun 08 13:55:46 Loaded file C:\PROGRAM FILES\ORCAD\LAYOUT_PLUS\library\SIMM050F.llb
Sun Jun 08 13:55:46 Loaded file C:\PROGRAM FILES\ORCAD\LAYOUT_PLUS\library\SIMM050T.llb
Sun Jun 08 13:55:46 Loaded file C:\PROGRAM FILES\ORCAD\LAYOUT_PLUS\library\SIMM100F.llb
Sun Jun 08 13:55:46 Loaded file C:\PROGRAM FILES\ORCAD\LAYOUT_PLUS\library\SIMM100T.llb
Sun Jun 08 13:55:46 Loaded file C:\PROGRAM FILES\ORCAD\LAYOUT_PLUS\library\SIP.llb
Sun Jun 08 13:55:46 Loaded file C:\PROGRAM FILES\ORCAD\LAYOUT_PLUS\library\SM.llb
Sun Jun 08 13:55:46 Loaded file C:\PROGRAM FILES\ORCAD\LAYOUT_PLUS\library\SOG.llb
Sun Jun 08 13:55:46 Loaded file C:\PROGRAM FILES\ORCAD\LAYOUT_PLUS\library\SOJ.llb
Sun Jun 08 13:55:46 Loaded file C:\PROGRAM FILES\ORCAD\LAYOUT_PLUS\library\STIFF.llb
Sun Jun 08 13:55:46 Loaded file C:\PROGRAM FILES\ORCAD\LAYOUT_PLUS\library\TELE.llb
Sun Jun 08 13:55:46 Loaded file C:\PROGRAM FILES\ORCAD\LAYOUT_PLUS\library\TM_AXIAL.llb
Sun Jun 08 13:55:46 Loaded file C:\PROGRAM FILES\ORCAD\LAYOUT_PLUS\library\TM_CAP_P.llb
Sun Jun 08 13:55:46 Loaded file C:\PROGRAM FILES\ORCAD\LAYOUT_PLUS\library\TM_CYLND.llb
Sun Jun 08 13:55:46 Loaded file C:\PROGRAM FILES\ORCAD\LAYOUT_PLUS\library\TM_DIODE.llb
Sun Jun 08 13:55:46 Loaded file C:\PROGRAM FILES\ORCAD\LAYOUT_PLUS\library\TM_DISC.llb
Sun Jun 08 13:55:46 Loaded file C:\PROGRAM FILES\ORCAD\LAYOUT_PLUS\library\TM_RAD.llb
Sun Jun 08 13:55:46 Loaded file C:\PROGRAM FILES\ORCAD\LAYOUT_PLUS\library\TO.llb
Sun Jun 08 13:55:46 Loaded file C:\PROGRAM FILES\ORCAD\LAYOUT_PLUS\library\TRAINING.LLB
Sun Jun 08 13:55:46 Loaded file C:\PROGRAM FILES\ORCAD\LAYOUT_PLUS\library\VRES.llb
Sun Jun 08 13:55:46 Loaded file C:\PROGRAM FILES\ORCAD\LAYOUT_PLUS\library\WCON100T.llb
Sun Jun 08 13:55:46 Loaded file C:\PROGRAM FILES\ORCAD\LAYOUT_PLUS\library\XT.llb
Sun Jun 08 13:55:46 Loaded file C:\PROGRAM FILES\ORCAD\LAYOUT_PLUS\library\ZIGZAG.llb
Sun Jun 08 13:55:46 Saved as file C:\MY VEHICLE RFID FILES\VEHICLE PRODUCTION PROJECT\ORCAD FILES\PM_05_19_08.MAX
Sun Jun 08 13:55:46 Loaded file C:\MY VEHICLE RFID FILES\VEHICLE PRODUCTION PROJECT\ORCAD FILES\PM_05_19_08.MAX
Sun Jun 08 16:39:15 Loaded file C:\MY VEHICLE RFID FILES\VEHICLE PRODUCTION PROJECT\ORCAD FILES\PM_05_19_08.MAX
Sun Jun 08 16:39:28 Saved as file BACKUP1.MAX
Sun Jun 08 16:39:28 Saved as file C:\MY VEHICLE RFID FILES\VEHICLE PRODUCTION PROJECT\ORCAD FILES\PM_05_19_08.MAX
Sun Jun 08 16:39:29 UserDiv from Layout.INI for AutoECO: 60
Sun Jun 08 16:39:29 Loaded file C:\MY VEHICLE RFID FILES\VEHICLE PRODUCTION PROJECT\ORCAD FILES\PM_05_19_08.MAX
Sun Jun 08 16:39:29 Loaded file C:\PROGRAM FILES\ORCAD\LAYOUT_ENG_ED\LIBRARY\PADSTACK.LLB
Sun Jun 08 16:39:29 Loaded file C:\PROGRAM FILES\ORCAD\LAYOUT_ENG_ED\LIBRARY\EX_GUI.LLB
Sun Jun 08 16:39:29 Loaded file C:\PROGRAM FILES\ORCAD\LAYOUT_PLUS\LIBRARY\METRIC.LLB
Sun Jun 08 16:39:29 Loaded file C:\PROGRAM FILES\ORCAD\LAYOUT_PLUS\LIBRARY\SAM.LLB
Sun Jun 08 16:39:29 Loaded file C:\PROGRAM FILES\ORCAD\LAYOUT_PLUS\library\BCON100T.llb
Sun Jun 08 16:39:29 Loaded file C:\PROGRAM FILES\ORCAD\LAYOUT_PLUS\library\BCON156T.llb
Sun Jun 08 16:39:29 Loaded file C:\PROGRAM FILES\ORCAD\LAYOUT_PLUS\library\BGA.llb
Sun Jun 08 16:39:29 Loaded file C:\PROGRAM FILES\ORCAD\LAYOUT_PLUS\library\CLCC.llb
Sun Jun 08 16:39:29 Loaded file C:\PROGRAM FILES\ORCAD\LAYOUT_PLUS\library\DCON050T.llb
Sun Jun 08 16:39:29 Loaded file C:\PROGRAM FILES\ORCAD\LAYOUT_PLUS\library\DCON085T.llb
Sun Jun 08 16:39:29 Loaded file C:\PROGRAM FILES\ORCAD\LAYOUT_PLUS\library\DIMM050F.llb
Sun Jun 08 16:39:29 Loaded file C:\PROGRAM FILES\ORCAD\LAYOUT_PLUS\library\DIMM050T.llb
Sun Jun 08 16:39:29 Loaded file C:\PROGRAM FILES\ORCAD\LAYOUT_PLUS\library\DIN.llb
Sun Jun 08 16:39:29 Loaded file C:\PROGRAM FILES\ORCAD\LAYOUT_PLUS\library\DIP100B.llb
Sun Jun 08 16:39:30 Loaded file C:\PROGRAM FILES\ORCAD\LAYOUT_PLUS\library\DIP100T.llb
Sun Jun 08 16:39:30 Loaded file C:\PROGRAM FILES\ORCAD\LAYOUT_PLUS\library\DSUBT.llb
Sun Jun 08 16:39:30 Loaded file C:\PROGRAM FILES\ORCAD\LAYOUT_PLUS\library\DSUBT_HD.LLB
Sun Jun 08 16:39:30 Loaded file C:\PROGRAM FILES\ORCAD\LAYOUT_PLUS\library\ECON100T.llb
Sun Jun 08 16:39:30 Loaded file C:\PROGRAM FILES\ORCAD\LAYOUT_PLUS\library\FBUS.llb
Sun Jun 08 16:39:30 Loaded file C:\PROGRAM FILES\ORCAD\LAYOUT_PLUS\library\ISA.llb
Sun Jun 08 16:39:30 Loaded file C:\PROGRAM FILES\ORCAD\LAYOUT_PLUS\library\JUMPER.LLB
Sun Jun 08 16:39:30 Loaded file C:\PROGRAM FILES\ORCAD\LAYOUT_PLUS\library\LAYOUT.llb
Sun Jun 08 16:39:30 Loaded file C:\PROGRAM FILES\ORCAD\LAYOUT_PLUS\library\LCON100T.llb
Sun Jun 08 16:39:30 Loaded file C:\PROGRAM FILES\ORCAD\LAYOUT_PLUS\library\PC104.llb
Sun Jun 08 16:39:30 Loaded file C:\PROGRAM FILES\ORCAD\LAYOUT_PLUS\library\PCI.llb
Sun Jun 08 16:39:30 Loaded file C:\PROGRAM FILES\ORCAD\LAYOUT_PLUS\library\PCON100T.llb
Sun Jun 08 16:39:30 Loaded file C:\PROGRAM FILES\ORCAD\LAYOUT_PLUS\library\PCON156T.llb
Sun Jun 08 16:39:30 Loaded file C:\PROGRAM FILES\ORCAD\LAYOUT_PLUS\library\PGA.llb
Sun Jun 08 16:39:30 Loaded file C:\PROGRAM FILES\ORCAD\LAYOUT_PLUS\library\PLCC.llb
Sun Jun 08 16:39:30 Loaded file C:\PROGRAM FILES\ORCAD\LAYOUT_PLUS\library\QUAD.llb
Sun Jun 08 16:39:30 Loaded file C:\PROGRAM FILES\ORCAD\LAYOUT_PLUS\library\QUADB.llb
Sun Jun 08 16:39:30 Loaded file C:\PROGRAM FILES\ORCAD\LAYOUT_PLUS\library\RELAY.llb
Sun Jun 08 16:39:30 Loaded file C:\PROGRAM FILES\ORCAD\LAYOUT_PLUS\library\RF.llb
Sun Jun 08 16:39:30 Loaded file C:\PROGRAM FILES\ORCAD\LAYOUT_PLUS\library\SBUS.llb
Sun Jun 08 16:39:30 Loaded file C:\PROGRAM FILES\ORCAD\LAYOUT_PLUS\library\SIMM050F.llb
Sun Jun 08 16:39:30 Loaded file C:\PROGRAM FILES\ORCAD\LAYOUT_PLUS\library\SIMM050T.llb
Sun Jun 08 16:39:30 Loaded file C:\PROGRAM FILES\ORCAD\LAYOUT_PLUS\library\SIMM100F.llb
Sun Jun 08 16:39:30 Loaded file C:\PROGRAM FILES\ORCAD\LAYOUT_PLUS\library\SIMM100T.llb
Sun Jun 08 16:39:30 Loaded file C:\PROGRAM FILES\ORCAD\LAYOUT_PLUS\library\SIP.llb
Sun Jun 08 16:39:30 Loaded file C:\PROGRAM FILES\ORCAD\LAYOUT_PLUS\library\SM.llb
Sun Jun 08 16:39:30 Loaded file C:\PROGRAM FILES\ORCAD\LAYOUT_PLUS\library\SOG.llb
Sun Jun 08 16:39:30 Loaded file C:\PROGRAM FILES\ORCAD\LAYOUT_PLUS\library\SOJ.llb
Sun Jun 08 16:39:30 Loaded file C:\PROGRAM FILES\ORCAD\LAYOUT_PLUS\library\STIFF.llb
Sun Jun 08 16:39:30 Loaded file C:\PROGRAM FILES\ORCAD\LAYOUT_PLUS\library\TELE.llb
Sun Jun 08 16:39:30 Loaded file C:\PROGRAM FILES\ORCAD\LAYOUT_PLUS\library\TM_AXIAL.llb
Sun Jun 08 16:39:30 Loaded file C:\PROGRAM FILES\ORCAD\LAYOUT_PLUS\library\TM_CAP_P.llb
Sun Jun 08 16:39:31 Loaded file C:\PROGRAM FILES\ORCAD\LAYOUT_PLUS\library\TM_CYLND.llb
Sun Jun 08 16:39:31 Loaded file C:\PROGRAM FILES\ORCAD\LAYOUT_PLUS\library\TM_DIODE.llb
Sun Jun 08 16:39:31 Loaded file C:\PROGRAM FILES\ORCAD\LAYOUT_PLUS\library\TM_DISC.llb
Sun Jun 08 16:39:31 Loaded file C:\PROGRAM FILES\ORCAD\LAYOUT_PLUS\library\TM_RAD.llb
Sun Jun 08 16:39:31 Loaded file C:\PROGRAM FILES\ORCAD\LAYOUT_PLUS\library\TO.llb
Sun Jun 08 16:39:31 Loaded file C:\PROGRAM FILES\ORCAD\LAYOUT_PLUS\library\TRAINING.LLB
Sun Jun 08 16:39:31 Loaded file C:\PROGRAM FILES\ORCAD\LAYOUT_PLUS\library\VRES.llb
Sun Jun 08 16:39:31 Loaded file C:\PROGRAM FILES\ORCAD\LAYOUT_PLUS\library\WCON100T.llb
Sun Jun 08 16:39:31 Loaded file C:\PROGRAM FILES\ORCAD\LAYOUT_PLUS\library\XT.llb
Sun Jun 08 16:39:31 Loaded file C:\PROGRAM FILES\ORCAD\LAYOUT_PLUS\library\ZIGZAG.llb
Sun Jun 08 16:39:31 Saved as file C:\MY VEHICLE RFID FILES\VEHICLE PRODUCTION PROJECT\ORCAD FILES\PM_05_19_08.MAX
Sun Jun 08 16:39:31 Loaded file C:\MY VEHICLE RFID FILES\VEHICLE PRODUCTION PROJECT\ORCAD FILES\PM_05_19_08.MAX
Sun Jun 08 16:40:43 Saved as file BACKUP1.MAX
Sun Jun 08 16:40:43 Saved as file C:\DOCUME~1\SAM\DESKTOP\BOARD\PM_05_~1.MAX
Sun Jun 08 16:40:46 UserDiv from Layout.INI for AutoECO: 60
Sun Jun 08 16:40:46 Loaded file C:\DOCUME~1\SAM\DESKTOP\BOARD\PM_05_~1.MAX
Sun Jun 08 16:40:46 Loaded file C:\PROGRAM FILES\ORCAD\LAYOUT_ENG_ED\LIBRARY\PADSTACK.LLB
Sun Jun 08 16:40:46 Loaded file C:\PROGRAM FILES\ORCAD\LAYOUT_ENG_ED\LIBRARY\EX_GUI.LLB
Sun Jun 08 16:40:46 Loaded file C:\PROGRAM FILES\ORCAD\LAYOUT_PLUS\LIBRARY\METRIC.LLB
Sun Jun 08 16:40:46 Loaded file C:\PROGRAM FILES\ORCAD\LAYOUT_PLUS\LIBRARY\SAM.LLB
Sun Jun 08 16:40:46 Loaded file C:\PROGRAM FILES\ORCAD\LAYOUT_PLUS\library\BCON100T.llb
Sun Jun 08 16:40:46 Loaded file C:\PROGRAM FILES\ORCAD\LAYOUT_PLUS\library\BCON156T.llb
Sun Jun 08 16:40:46 Loaded file C:\PROGRAM FILES\ORCAD\LAYOUT_PLUS\library\BGA.llb
Sun Jun 08 16:40:46 Loaded file C:\PROGRAM FILES\ORCAD\LAYOUT_PLUS\library\CLCC.llb
Sun Jun 08 16:40:46 Loaded file C:\PROGRAM FILES\ORCAD\LAYOUT_PLUS\library\DCON050T.llb
Sun Jun 08 16:40:46 Loaded file C:\PROGRAM FILES\ORCAD\LAYOUT_PLUS\library\DCON085T.llb
Sun Jun 08 16:40:46 Loaded file C:\PROGRAM FILES\ORCAD\LAYOUT_PLUS\library\DIMM050F.llb
Sun Jun 08 16:40:46 Loaded file C:\PROGRAM FILES\ORCAD\LAYOUT_PLUS\library\DIMM050T.llb
Sun Jun 08 16:40:46 Loaded file C:\PROGRAM FILES\ORCAD\LAYOUT_PLUS\library\DIN.llb
Sun Jun 08 16:40:46 Loaded file C:\PROGRAM FILES\ORCAD\LAYOUT_PLUS\library\DIP100B.llb
Sun Jun 08 16:40:46 Loaded file C:\PROGRAM FILES\ORCAD\LAYOUT_PLUS\library\DIP100T.llb
Sun Jun 08 16:40:46 Loaded file C:\PROGRAM FILES\ORCAD\LAYOUT_PLUS\library\DSUBT.llb
Sun Jun 08 16:40:46 Loaded file C:\PROGRAM FILES\ORCAD\LAYOUT_PLUS\library\DSUBT_HD.LLB
Sun Jun 08 16:40:46 Loaded file C:\PROGRAM FILES\ORCAD\LAYOUT_PLUS\library\ECON100T.llb
Sun Jun 08 16:40:46 Loaded file C:\PROGRAM FILES\ORCAD\LAYOUT_PLUS\library\FBUS.llb
Sun Jun 08 16:40:46 Loaded file C:\PROGRAM FILES\ORCAD\LAYOUT_PLUS\library\ISA.llb
Sun Jun 08 16:40:46 Loaded file C:\PROGRAM FILES\ORCAD\LAYOUT_PLUS\library\JUMPER.LLB
Sun Jun 08 16:40:46 Loaded file C:\PROGRAM FILES\ORCAD\LAYOUT_PLUS\library\LAYOUT.llb
Sun Jun 08 16:40:46 Loaded file C:\PROGRAM FILES\ORCAD\LAYOUT_PLUS\library\LCON100T.llb
Sun Jun 08 16:40:46 Loaded file C:\PROGRAM FILES\ORCAD\LAYOUT_PLUS\library\PC104.llb
Sun Jun 08 16:40:46 Loaded file C:\PROGRAM FILES\ORCAD\LAYOUT_PLUS\library\PCI.llb
Sun Jun 08 16:40:46 Loaded file C:\PROGRAM FILES\ORCAD\LAYOUT_PLUS\library\PCON100T.llb
Sun Jun 08 16:40:46 Loaded file C:\PROGRAM FILES\ORCAD\LAYOUT_PLUS\library\PCON156T.llb
Sun Jun 08 16:40:46 Loaded file C:\PROGRAM FILES\ORCAD\LAYOUT_PLUS\library\PGA.llb
Sun Jun 08 16:40:46 Loaded file C:\PROGRAM FILES\ORCAD\LAYOUT_PLUS\library\PLCC.llb
Sun Jun 08 16:40:46 Loaded file C:\PROGRAM FILES\ORCAD\LAYOUT_PLUS\library\QUAD.llb
Sun Jun 08 16:40:46 Loaded file C:\PROGRAM FILES\ORCAD\LAYOUT_PLUS\library\QUADB.llb
Sun Jun 08 16:40:46 Loaded file C:\PROGRAM FILES\ORCAD\LAYOUT_PLUS\library\RELAY.llb
Sun Jun 08 16:40:46 Loaded file C:\PROGRAM FILES\ORCAD\LAYOUT_PLUS\library\RF.llb
Sun Jun 08 16:40:46 Loaded file C:\PROGRAM FILES\ORCAD\LAYOUT_PLUS\library\SBUS.llb
Sun Jun 08 16:40:46 Loaded file C:\PROGRAM FILES\ORCAD\LAYOUT_PLUS\library\SIMM050F.llb
Sun Jun 08 16:40:46 Loaded file C:\PROGRAM FILES\ORCAD\LAYOUT_PLUS\library\SIMM050T.llb
Sun Jun 08 16:40:46 Loaded file C:\PROGRAM FILES\ORCAD\LAYOUT_PLUS\library\SIMM100F.llb
Sun Jun 08 16:40:46 Loaded file C:\PROGRAM FILES\ORCAD\LAYOUT_PLUS\library\SIMM100T.llb
Sun Jun 08 16:40:46 Loaded file C:\PROGRAM FILES\ORCAD\LAYOUT_PLUS\library\SIP.llb
Sun Jun 08 16:40:46 Loaded file C:\PROGRAM FILES\ORCAD\LAYOUT_PLUS\library\SM.llb
Sun Jun 08 16:40:46 Loaded file C:\PROGRAM FILES\ORCAD\LAYOUT_PLUS\library\SOG.llb
Sun Jun 08 16:40:46 Loaded file C:\PROGRAM FILES\ORCAD\LAYOUT_PLUS\library\SOJ.llb
Sun Jun 08 16:40:46 Loaded file C:\PROGRAM FILES\ORCAD\LAYOUT_PLUS\library\STIFF.llb
Sun Jun 08 16:40:46 Loaded file C:\PROGRAM FILES\ORCAD\LAYOUT_PLUS\library\TELE.llb
Sun Jun 08 16:40:46 Loaded file C:\PROGRAM FILES\ORCAD\LAYOUT_PLUS\library\TM_AXIAL.llb
Sun Jun 08 16:40:46 Loaded file C:\PROGRAM FILES\ORCAD\LAYOUT_PLUS\library\TM_CAP_P.llb
Sun Jun 08 16:40:46 Loaded file C:\PROGRAM FILES\ORCAD\LAYOUT_PLUS\library\TM_CYLND.llb
Sun Jun 08 16:40:46 Loaded file C:\PROGRAM FILES\ORCAD\LAYOUT_PLUS\library\TM_DIODE.llb
Sun Jun 08 16:40:46 Loaded file C:\PROGRAM FILES\ORCAD\LAYOUT_PLUS\library\TM_DISC.llb
Sun Jun 08 16:40:46 Loaded file C:\PROGRAM FILES\ORCAD\LAYOUT_PLUS\library\TM_RAD.llb
Sun Jun 08 16:40:47 Loaded file C:\PROGRAM FILES\ORCAD\LAYOUT_PLUS\library\TO.llb
Sun Jun 08 16:40:47 Loaded file C:\PROGRAM FILES\ORCAD\LAYOUT_PLUS\library\TRAINING.LLB
Sun Jun 08 16:40:47 Loaded file C:\PROGRAM FILES\ORCAD\LAYOUT_PLUS\library\VRES.llb
Sun Jun 08 16:40:47 Loaded file C:\PROGRAM FILES\ORCAD\LAYOUT_PLUS\library\WCON100T.llb
Sun Jun 08 16:40:47 Loaded file C:\PROGRAM FILES\ORCAD\LAYOUT_PLUS\library\XT.llb
Sun Jun 08 16:40:47 Loaded file C:\PROGRAM FILES\ORCAD\LAYOUT_PLUS\library\ZIGZAG.llb
Sun Jun 08 16:40:47 Saved as file C:\DOCUME~1\SAM\DESKTOP\BOARD\PM_05_~1.MAX
Sun Jun 08 16:40:47 Loaded file C:\DOCUME~1\SAM\DESKTOP\BOARD\PM_05_~1.MAX
