D C:\Program Files\EAGLE-5.8.0
F 1263294420 45508 C:\Program Files\EAGLE-5.8.0\bin\eagle.def
F 1269950880 9539584 C:\Program Files\EAGLE-5.8.0\bin\eagle.exe
F 1269950880 750317 C:\Program Files\EAGLE-5.8.0\bin\eagle_de.htm
F 1269950880 318374 C:\Program Files\EAGLE-5.8.0\bin\eagle_de.qm
F 1269950880 676019 C:\Program Files\EAGLE-5.8.0\bin\eagle_en.htm
F 1263294420 4116 C:\Program Files\EAGLE-5.8.0\bin\freeware.key
F 840451860 798 C:\Program Files\EAGLE-5.8.0\bin\layers.new
F 1208779200 1768 C:\Program Files\EAGLE-5.8.0\bin\platforms-lin.png
F 1208779200 1907 C:\Program Files\EAGLE-5.8.0\bin\platforms-mac.png
F 1208779200 2019 C:\Program Files\EAGLE-5.8.0\bin\platforms-win.png
F 1269950880 181348 C:\Program Files\EAGLE-5.8.0\bin\qt_de.qm
F 1166004980 583 C:\Program Files\EAGLE-5.8.0\bin\uninstall.bat
F 829565400 103152 C:\Program Files\EAGLE-5.8.0\bin\update26.exe
F 1166004980 420 C:\Program Files\EAGLE-5.8.0\cam\DESCRIPTION
F 1166004980 1487 C:\Program Files\EAGLE-5.8.0\cam\excellon.cam
F 1269950880 9991 C:\Program Files\EAGLE-5.8.0\cam\gerb274x-4layer.cam
F 1269950880 5076 C:\Program Files\EAGLE-5.8.0\cam\gerb274x.cam
F 1269950880 6625 C:\Program Files\EAGLE-5.8.0\cam\gerber.cam
F 829565400 921 C:\Program Files\EAGLE-5.8.0\cam\glaser.whl
F 1269950880 2118 C:\Program Files\EAGLE-5.8.0\cam\layout2.cam
F 1166004980 1716 C:\Program Files\EAGLE-5.8.0\cam\schematic.cam
F 1263294420 4932093 C:\Program Files\EAGLE-5.8.0\doc\elektro-tutorial.pdf
F 1208779200 1657 C:\Program Files\EAGLE-5.8.0\doc\library_de.txt
F 1208779200 1676 C:\Program Files\EAGLE-5.8.0\doc\library_en.txt
F 1269950880 31162 C:\Program Files\EAGLE-5.8.0\doc\license_de.txt
F 1269950880 24683 C:\Program Files\EAGLE-5.8.0\doc\license_en.txt
F 1269950880 5111154 C:\Program Files\EAGLE-5.8.0\doc\manual_de.pdf
F 1269950880 4813676 C:\Program Files\EAGLE-5.8.0\doc\manual_en.pdf
F 1269950880 4899 C:\Program Files\EAGLE-5.8.0\doc\README_de.txt
F 1269950880 4865 C:\Program Files\EAGLE-5.8.0\doc\README_en.txt
F 1269950880 926503 C:\Program Files\EAGLE-5.8.0\doc\tutorial_de.pdf
F 1269950880 910518 C:\Program Files\EAGLE-5.8.0\doc\tutorial_en.pdf
F 1269950880 292356 C:\Program Files\EAGLE-5.8.0\doc\UPDATE_de.txt
F 1269950880 247681 C:\Program Files\EAGLE-5.8.0\doc\UPDATE_en.txt
F 1166004980 2343 C:\Program Files\EAGLE-5.8.0\dru\default.dru
F 1166004980 656 C:\Program Files\EAGLE-5.8.0\dru\DESCRIPTION
F 1263294420 212306 C:\Program Files\EAGLE-5.8.0\lbr\19inch.lbr
F 1263294420 91784 C:\Program Files\EAGLE-5.8.0\lbr\40xx.lbr
F 1263294420 6914 C:\Program Files\EAGLE-5.8.0\lbr\41xx.lbr
F 1263294420 56020 C:\Program Files\EAGLE-5.8.0\lbr\45xx.lbr
F 1263294420 94535 C:\Program Files\EAGLE-5.8.0\lbr\74ac-logic.lbr
F 1263294420 525096 C:\Program Files\EAGLE-5.8.0\lbr\74ttl-din.lbr
F 1269950880 293666 C:\Program Files\EAGLE-5.8.0\lbr\74xx-eu.lbr
F 1263294420 27213 C:\Program Files\EAGLE-5.8.0\lbr\74xx-little-de.lbr
F 1263294420 24517 C:\Program Files\EAGLE-5.8.0\lbr\74xx-little-us.lbr
F 1269950880 301177 C:\Program Files\EAGLE-5.8.0\lbr\74xx-us.lbr
F 1263294420 18916 C:\Program Files\EAGLE-5.8.0\lbr\751xx.lbr
F 1263294420 17036 C:\Program Files\EAGLE-5.8.0\lbr\advanced-test-technologies.lbr
F 1263294420 9219 C:\Program Files\EAGLE-5.8.0\lbr\agilent-technologies.lbr
F 1263294420 33723 C:\Program Files\EAGLE-5.8.0\lbr\allegro.lbr
F 1263294420 395003 C:\Program Files\EAGLE-5.8.0\lbr\altera-cyclone-II.lbr
F 1263294420 75529 C:\Program Files\EAGLE-5.8.0\lbr\altera-cyclone-III.lbr
F 1263294420 1630329 C:\Program Files\EAGLE-5.8.0\lbr\altera-stratix-iv.lbr
F 1263294420 691949 C:\Program Files\EAGLE-5.8.0\lbr\altera.lbr
F 1263294420 80527 C:\Program Files\EAGLE-5.8.0\lbr\am29-memory.lbr
F 1263294420 189531 C:\Program Files\EAGLE-5.8.0\lbr\amd-mach.lbr
F 1263294420 7718 C:\Program Files\EAGLE-5.8.0\lbr\amd.lbr
F 1263294420 4384 C:\Program Files\EAGLE-5.8.0\lbr\amis.lbr
F 1269950880 552684 C:\Program Files\EAGLE-5.8.0\lbr\analog-devices.lbr
F 1263294420 8256 C:\Program Files\EAGLE-5.8.0\lbr\ase.lbr
F 1263294420 300504 C:\Program Files\EAGLE-5.8.0\lbr\atmel.lbr
F 1263294420 5516 C:\Program Files\EAGLE-5.8.0\lbr\austriamicrosystems.lbr
F 1263294420 10677 C:\Program Files\EAGLE-5.8.0\lbr\avago.lbr
F 1263294420 8404 C:\Program Files\EAGLE-5.8.0\lbr\axis.lbr
F 1263294420 56019 C:\Program Files\EAGLE-5.8.0\lbr\battery.lbr
F 1263294420 276217 C:\Program Files\EAGLE-5.8.0\lbr\burr-brown.lbr
F 1263294420 25748 C:\Program Files\EAGLE-5.8.0\lbr\busbar.lbr
F 1269950880 29952 C:\Program Files\EAGLE-5.8.0\lbr\buzzer.lbr
F 1263294420 8185 C:\Program Files\EAGLE-5.8.0\lbr\c-trimm.lbr
F 1263294420 3209 C:\Program Files\EAGLE-5.8.0\lbr\california-micro-devices.lbr
F 1263294420 29098 C:\Program Files\EAGLE-5.8.0\lbr\capacitor-wima.lbr
F 1269950880 144911 C:\Program Files\EAGLE-5.8.0\lbr\ChangeLog.txt
F 1263294420 19109 C:\Program Files\EAGLE-5.8.0\lbr\chipcard-siemens.lbr
F 1263294420 5479 C:\Program Files\EAGLE-5.8.0\lbr\cirrus-logic.lbr
F 1263294420 438338 C:\Program Files\EAGLE-5.8.0\lbr\con-3m.lbr
F 1269950880 3140 C:\Program Files\EAGLE-5.8.0\lbr\con-4ucon.lbr
F 1263294420 104904 C:\Program Files\EAGLE-5.8.0\lbr\con-amp-champ.lbr
F 1263294420 18616 C:\Program Files\EAGLE-5.8.0\lbr\con-amp-micromatch.lbr
F 1263294420 146058 C:\Program Files\EAGLE-5.8.0\lbr\con-amp-mt.lbr
F 1263294420 35385 C:\Program Files\EAGLE-5.8.0\lbr\con-amp-mt6.lbr
F 1263294420 222985 C:\Program Files\EAGLE-5.8.0\lbr\con-amp-quick.lbr
F 1263294420 1204826 C:\Program Files\EAGLE-5.8.0\lbr\con-amp.lbr
F 1263294420 17990 C:\Program Files\EAGLE-5.8.0\lbr\con-amphenol.lbr
F 1263294420 22538 C:\Program Files\EAGLE-5.8.0\lbr\con-avx.lbr
F 1263294420 9752 C:\Program Files\EAGLE-5.8.0\lbr\con-berg.lbr
F 1263294420 15411 C:\Program Files\EAGLE-5.8.0\lbr\con-bosch.lbr
F 1263294420 10028 C:\Program Files\EAGLE-5.8.0\lbr\con-chipcard-iso7816.lbr
F 1269950880 28946 C:\Program Files\EAGLE-5.8.0\lbr\con-coax.lbr
F 1263294420 96775 C:\Program Files\EAGLE-5.8.0\lbr\con-commcon.lbr
F 1263294420 13355 C:\Program Files\EAGLE-5.8.0\lbr\con-conrad.lbr
F 1263294420 394064 C:\Program Files\EAGLE-5.8.0\lbr\con-cpci.lbr
F 1263294420 3881 C:\Program Files\EAGLE-5.8.0\lbr\con-cui.lbr
F 1263294420 70219 C:\Program Files\EAGLE-5.8.0\lbr\con-cypressindustries.lbr
F 1263294420 94288 C:\Program Files\EAGLE-5.8.0\lbr\con-deutsch.lbr
F 1263294420 76438 C:\Program Files\EAGLE-5.8.0\lbr\con-dil.lbr
F 1263294420 60367 C:\Program Files\EAGLE-5.8.0\lbr\con-ebyelectro.lbr
F 1263294420 2864 C:\Program Files\EAGLE-5.8.0\lbr\con-elco.lbr
F 1263294420 77282 C:\Program Files\EAGLE-5.8.0\lbr\con-erni.lbr
F 1263294420 6138 C:\Program Files\EAGLE-5.8.0\lbr\con-faston.lbr
F 1263294420 21710 C:\Program Files\EAGLE-5.8.0\lbr\con-fci.lbr
F 1263294420 2966 C:\Program Files\EAGLE-5.8.0\lbr\con-friwo.lbr
F 1263294420 63932 C:\Program Files\EAGLE-5.8.0\lbr\con-harting-h.lbr
F 1263294420 136716 C:\Program Files\EAGLE-5.8.0\lbr\con-harting-ml.lbr
F 1263294420 83922 C:\Program Files\EAGLE-5.8.0\lbr\con-harting-v.lbr
F 1263294420 85951 C:\Program Files\EAGLE-5.8.0\lbr\con-harting.lbr
F 1263294420 106262 C:\Program Files\EAGLE-5.8.0\lbr\con-hirose.lbr
F 1263294420 64314 C:\Program Files\EAGLE-5.8.0\lbr\con-hirschmann.lbr
F 1269950880 8250 C:\Program Files\EAGLE-5.8.0\lbr\con-jack.lbr
F 1263294420 22723 C:\Program Files\EAGLE-5.8.0\lbr\con-jae.lbr
F 1263294420 31273 C:\Program Files\EAGLE-5.8.0\lbr\con-jst.lbr
F 1263294420 5037 C:\Program Files\EAGLE-5.8.0\lbr\con-kycon.lbr
F 1263294420 54705 C:\Program Files\EAGLE-5.8.0\lbr\con-lemo.lbr
F 1263294420 848795 C:\Program Files\EAGLE-5.8.0\lbr\con-leotronics.lbr
F 1263294420 177777 C:\Program Files\EAGLE-5.8.0\lbr\con-lsta.lbr
F 1263294420 138485 C:\Program Files\EAGLE-5.8.0\lbr\con-lstb.lbr
F 1263294420 125698 C:\Program Files\EAGLE-5.8.0\lbr\con-lumberg.lbr
F 1263294420 136099 C:\Program Files\EAGLE-5.8.0\lbr\con-ml.lbr
F 1269950880 1096172 C:\Program Files\EAGLE-5.8.0\lbr\con-molex.lbr
F 1263294420 174749 C:\Program Files\EAGLE-5.8.0\lbr\con-neutrik_ag.lbr
F 1263294420 264988 C:\Program Files\EAGLE-5.8.0\lbr\con-omron.lbr
F 1263294420 6653 C:\Program Files\EAGLE-5.8.0\lbr\con-panasonic.lbr
F 1263294420 41692 C:\Program Files\EAGLE-5.8.0\lbr\con-panduit.lbr
F 1263294420 208661 C:\Program Files\EAGLE-5.8.0\lbr\con-pc.lbr
F 1263294420 33191 C:\Program Files\EAGLE-5.8.0\lbr\con-pc104.lbr
F 1263294420 12627 C:\Program Files\EAGLE-5.8.0\lbr\con-phoenix-254.lbr
F 1263294420 58178 C:\Program Files\EAGLE-5.8.0\lbr\con-phoenix-3.81.lbr
F 1263294420 20167 C:\Program Files\EAGLE-5.8.0\lbr\con-phoenix-350.lbr
F 1263294420 25103 C:\Program Files\EAGLE-5.8.0\lbr\con-phoenix-500.lbr
F 1263294420 316031 C:\Program Files\EAGLE-5.8.0\lbr\con-phoenix-508.lbr
F 1263294420 70272 C:\Program Files\EAGLE-5.8.0\lbr\con-phoenix-762.lbr
F 1263294420 5305 C:\Program Files\EAGLE-5.8.0\lbr\con-phoenix-me_max.lbr
F 1263294420 19622 C:\Program Files\EAGLE-5.8.0\lbr\con-phoenix-mkds_5.lbr
F 1263294420 132265 C:\Program Files\EAGLE-5.8.0\lbr\con-phoenix-smkdsp.lbr
F 1263294420 176070 C:\Program Files\EAGLE-5.8.0\lbr\con-ptr500.lbr
F 1263294420 60294 C:\Program Files\EAGLE-5.8.0\lbr\con-pulse.lbr
F 1263294420 96560 C:\Program Files\EAGLE-5.8.0\lbr\con-rib.lbr
F 1263294420 19643 C:\Program Files\EAGLE-5.8.0\lbr\con-samtec.lbr
F 1263294420 3339 C:\Program Files\EAGLE-5.8.0\lbr\con-shiua-chyuan.lbr
F 1263294420 4733 C:\Program Files\EAGLE-5.8.0\lbr\con-stewart.lbr
F 1263294420 39198 C:\Program Files\EAGLE-5.8.0\lbr\con-stocko.lbr
F 1263294420 361152 C:\Program Files\EAGLE-5.8.0\lbr\con-subd.lbr
F 1263294420 101529 C:\Program Files\EAGLE-5.8.0\lbr\con-sullinselectronics.lbr
F 1263294420 193948 C:\Program Files\EAGLE-5.8.0\lbr\con-thomas-betts.lbr
F 1263294420 60474 C:\Program Files\EAGLE-5.8.0\lbr\con-tyco.lbr
F 1269950880 20917 C:\Program Files\EAGLE-5.8.0\lbr\con-tycoelectronics.lbr
F 1263294420 696974 C:\Program Files\EAGLE-5.8.0\lbr\con-vg.lbr
F 1263294420 20392 C:\Program Files\EAGLE-5.8.0\lbr\con-wago-500.lbr
F 1263294420 30157 C:\Program Files\EAGLE-5.8.0\lbr\con-wago-508.lbr
F 1263294420 1134815 C:\Program Files\EAGLE-5.8.0\lbr\con-wago.lbr
F 1263294420 733598 C:\Program Files\EAGLE-5.8.0\lbr\con-wago255.lbr
F 1263294420 343295 C:\Program Files\EAGLE-5.8.0\lbr\con-weidmueller-sl35.lbr
F 1269950880 4403 C:\Program Files\EAGLE-5.8.0\lbr\con-wenzhou-yihua.lbr
F 1269950880 10083 C:\Program Files\EAGLE-5.8.0\lbr\con-xmultiple.lbr
F 1269950880 87324 C:\Program Files\EAGLE-5.8.0\lbr\con-yamaichi.lbr
F 1263294420 40969 C:\Program Files\EAGLE-5.8.0\lbr\crystal.lbr
F 1263294420 9973 C:\Program Files\EAGLE-5.8.0\lbr\csr.lbr
F 1263294420 143595 C:\Program Files\EAGLE-5.8.0\lbr\cypress.lbr
F 1263294420 9849 C:\Program Files\EAGLE-5.8.0\lbr\davicom.lbr
F 1263294420 12883 C:\Program Files\EAGLE-5.8.0\lbr\dc-dc-converter.lbr
F 1166004980 1615 C:\Program Files\EAGLE-5.8.0\lbr\DESCRIPTION
F 1208779200 2300 C:\Program Files\EAGLE-5.8.0\lbr\dimensions.lbr
F 1263294420 182134 C:\Program Files\EAGLE-5.8.0\lbr\diode.lbr
F 1263294420 4610 C:\Program Files\EAGLE-5.8.0\lbr\discrete.lbr
F 1263294420 108728 C:\Program Files\EAGLE-5.8.0\lbr\display-hp.lbr
F 1269950880 38408 C:\Program Files\EAGLE-5.8.0\lbr\display-kingbright.lbr
F 1263294420 332453 C:\Program Files\EAGLE-5.8.0\lbr\display-lcd.lbr
F 1219060920 8543 C:\Program Files\EAGLE-5.8.0\lbr\docu-dummy.lbr
F 1263294420 40741 C:\Program Files\EAGLE-5.8.0\lbr\ecl.lbr
F 1208779200 147 C:\Program Files\EAGLE-5.8.0\lbr\elektro\DESCRIPTION
F 1214913660 8643 C:\Program Files\EAGLE-5.8.0\lbr\elektro\e-elektro-zeichnungsrahmen.lbr
F 1208779200 10842 C:\Program Files\EAGLE-5.8.0\lbr\elektro\e-elektromechanische-antriebe.lbr
F 1208779200 23147 C:\Program Files\EAGLE-5.8.0\lbr\elektro\e-halbleiter.lbr
F 1214913660 224984 C:\Program Files\EAGLE-5.8.0\lbr\elektro\e-klemmen.lbr
F 1208779200 8401 C:\Program Files\EAGLE-5.8.0\lbr\elektro\e-kondensatoren.lbr
F 1208779200 6052 C:\Program Files\EAGLE-5.8.0\lbr\elektro\e-lampen-signalisation.lbr
F 1208779200 3849 C:\Program Files\EAGLE-5.8.0\lbr\elektro\e-messfuehler.lbr
F 1208779200 10861 C:\Program Files\EAGLE-5.8.0\lbr\elektro\e-messinstrumente.lbr
F 1208779200 5480 C:\Program Files\EAGLE-5.8.0\lbr\elektro\e-motoren.lbr
F 1208779200 23183 C:\Program Files\EAGLE-5.8.0\lbr\elektro\e-motorschutzschalter.lbr
F 1208779200 51230 C:\Program Files\EAGLE-5.8.0\lbr\elektro\e-schalter.lbr
F 1208779200 29667 C:\Program Files\EAGLE-5.8.0\lbr\elektro\e-schuetze-relais.lbr
F 1263294420 17782 C:\Program Files\EAGLE-5.8.0\lbr\elektro\e-sicherungen.lbr
F 1263294420 104905 C:\Program Files\EAGLE-5.8.0\lbr\elektro\e-sps.lbr
F 1208779200 10956 C:\Program Files\EAGLE-5.8.0\lbr\elektro\e-spulen-transformatoren.lbr
F 1208779200 7014 C:\Program Files\EAGLE-5.8.0\lbr\elektro\e-steckverbinder.lbr
F 1208779200 5891 C:\Program Files\EAGLE-5.8.0\lbr\elektro\e-stromversorgungselemente.lbr
F 1208779200 60648 C:\Program Files\EAGLE-5.8.0\lbr\elektro\e-symbole.lbr
F 1263294420 111957 C:\Program Files\EAGLE-5.8.0\lbr\elektro\eib-busch-jaeger.lbr
F 1263294420 104032 C:\Program Files\EAGLE-5.8.0\lbr\etx-board.lbr
F 1263294420 160094 C:\Program Files\EAGLE-5.8.0\lbr\exar.lbr
F 1263294420 12554 C:\Program Files\EAGLE-5.8.0\lbr\fairchild-semic.lbr
F 1263294420 5020 C:\Program Files\EAGLE-5.8.0\lbr\farnell.lbr
F 1263294420 22538 C:\Program Files\EAGLE-5.8.0\lbr\fiber-optic-hp.lbr
F 1263294420 13344 C:\Program Files\EAGLE-5.8.0\lbr\fiber-optic-siemens.lbr
F 1263294420 32022 C:\Program Files\EAGLE-5.8.0\lbr\fifo.lbr
F 1263294420 29646 C:\Program Files\EAGLE-5.8.0\lbr\flexipanel.lbr
F 1269950880 3334 C:\Program Files\EAGLE-5.8.0\lbr\fox-electronics.lbr
F 1208779200 27612 C:\Program Files\EAGLE-5.8.0\lbr\frames.lbr
F 1269950880 79106 C:\Program Files\EAGLE-5.8.0\lbr\freescale.lbr
F 1263294420 16389 C:\Program Files\EAGLE-5.8.0\lbr\ftdichip.lbr
F 1263294420 34526 C:\Program Files\EAGLE-5.8.0\lbr\fuse.lbr
F 1263294420 21008 C:\Program Files\EAGLE-5.8.0\lbr\gennum.lbr
F 1263294420 56459 C:\Program Files\EAGLE-5.8.0\lbr\heatsink.lbr
F 1208779200 19499 C:\Program Files\EAGLE-5.8.0\lbr\holes.lbr
F 1263294420 10749 C:\Program Files\EAGLE-5.8.0\lbr\holtek.lbr
F 1263294420 151826 C:\Program Files\EAGLE-5.8.0\lbr\ic-package.lbr
F 1263294420 2798 C:\Program Files\EAGLE-5.8.0\lbr\inductor-coilcraft.lbr
F 1263294420 121072 C:\Program Files\EAGLE-5.8.0\lbr\inductor-neosid.lbr
F 1263294420 55530 C:\Program Files\EAGLE-5.8.0\lbr\inductor-nkl.lbr
F 1263294420 98201 C:\Program Files\EAGLE-5.8.0\lbr\inductors.lbr
F 1263294420 91557 C:\Program Files\EAGLE-5.8.0\lbr\infineon-tricore.lbr
F 1263294420 41881 C:\Program Files\EAGLE-5.8.0\lbr\infineon.lbr
F 1263294420 5174 C:\Program Files\EAGLE-5.8.0\lbr\intersil.lbr
F 1263294420 20728 C:\Program Files\EAGLE-5.8.0\lbr\ir.lbr
F 1263294420 8653 C:\Program Files\EAGLE-5.8.0\lbr\isd.lbr
F 1263294420 3521 C:\Program Files\EAGLE-5.8.0\lbr\jump-0r-smd.lbr
F 1263294420 53447 C:\Program Files\EAGLE-5.8.0\lbr\jumper.lbr
F 1263294420 5973 C:\Program Files\EAGLE-5.8.0\lbr\lantronix.lbr
F 1263294420 303950 C:\Program Files\EAGLE-5.8.0\lbr\lattice.lbr
F 1263294420 4865 C:\Program Files\EAGLE-5.8.0\lbr\lc-filter.lbr
F 1263294420 10451 C:\Program Files\EAGLE-5.8.0\lbr\led-7-segment.lbr
F 1263294420 6266 C:\Program Files\EAGLE-5.8.0\lbr\led-citizen-electronics.lbr
F 1263294420 17248 C:\Program Files\EAGLE-5.8.0\lbr\led-lumiled.lbr
F 1269950880 179043 C:\Program Files\EAGLE-5.8.0\lbr\led.lbr
F 1263294420 3462 C:\Program Files\EAGLE-5.8.0\lbr\lem.lbr
F 1269950880 63663 C:\Program Files\EAGLE-5.8.0\lbr\linear-technology.lbr
F 1263294420 260956 C:\Program Files\EAGLE-5.8.0\lbr\linear.lbr
F 1263294420 8976 C:\Program Files\EAGLE-5.8.0\lbr\linx.lbr
F 1263294420 151342 C:\Program Files\EAGLE-5.8.0\lbr\logo.lbr
F 1263294420 4694 C:\Program Files\EAGLE-5.8.0\lbr\lprs.lbr
F 1263294420 11787 C:\Program Files\EAGLE-5.8.0\lbr\lumiled.lbr
F 1263294420 15185 C:\Program Files\EAGLE-5.8.0\lbr\marks.lbr
F 1263294420 413865 C:\Program Files\EAGLE-5.8.0\lbr\maxim.lbr
F 1263294420 15314 C:\Program Files\EAGLE-5.8.0\lbr\maxstream.lbr
F 1263294420 3203 C:\Program Files\EAGLE-5.8.0\lbr\melexis.lbr
F 1263294420 56408 C:\Program Files\EAGLE-5.8.0\lbr\memory-hitachi.lbr
F 1263294420 408360 C:\Program Files\EAGLE-5.8.0\lbr\memory-idt.lbr
F 1263294420 40927 C:\Program Files\EAGLE-5.8.0\lbr\memory-micron.lbr
F 1263294420 20054 C:\Program Files\EAGLE-5.8.0\lbr\memory-motorola-dram.lbr
F 1263294420 34821 C:\Program Files\EAGLE-5.8.0\lbr\memory-nec.lbr
F 1263294420 20233 C:\Program Files\EAGLE-5.8.0\lbr\memory-samsung.lbr
F 1263294420 81730 C:\Program Files\EAGLE-5.8.0\lbr\memory-sram.lbr
F 1269950880 110426 C:\Program Files\EAGLE-5.8.0\lbr\memory.lbr
F 1263294420 3292 C:\Program Files\EAGLE-5.8.0\lbr\mems.lbr
F 1263294420 9593 C:\Program Files\EAGLE-5.8.0\lbr\micrel.lbr
F 1263294420 130000 C:\Program Files\EAGLE-5.8.0\lbr\micro-fujitsu.lbr
F 1263294420 57759 C:\Program Files\EAGLE-5.8.0\lbr\micro-harris.lbr
F 1263294420 39061 C:\Program Files\EAGLE-5.8.0\lbr\micro-hitachi.lbr
F 1263294420 15537 C:\Program Files\EAGLE-5.8.0\lbr\micro-infineon.lbr
F 1263294420 465787 C:\Program Files\EAGLE-5.8.0\lbr\micro-intel.lbr
F 1263294420 103029 C:\Program Files\EAGLE-5.8.0\lbr\micro-mc68000.lbr
F 1263294420 222571 C:\Program Files\EAGLE-5.8.0\lbr\micro-motorola.lbr
F 1263294420 221605 C:\Program Files\EAGLE-5.8.0\lbr\micro-philips.lbr
F 1263294420 8527 C:\Program Files\EAGLE-5.8.0\lbr\micro-renesas.lbr
F 1263294420 7328 C:\Program Files\EAGLE-5.8.0\lbr\micro-samsung.lbr
F 1263294420 495212 C:\Program Files\EAGLE-5.8.0\lbr\micro-siemens.lbr
F 1269950880 323830 C:\Program Files\EAGLE-5.8.0\lbr\microchip.lbr
F 1263294420 11530 C:\Program Files\EAGLE-5.8.0\lbr\micron.lbr
F 1263294420 38466 C:\Program Files\EAGLE-5.8.0\lbr\micronas.lbr
F 1263294420 10015 C:\Program Files\EAGLE-5.8.0\lbr\microphon.lbr
F 1263294420 10070 C:\Program Files\EAGLE-5.8.0\lbr\microwave.lbr
F 1263294420 3613 C:\Program Files\EAGLE-5.8.0\lbr\midori-sensor.lbr
F 1263294420 11942 C:\Program Files\EAGLE-5.8.0\lbr\minicircuits.lbr
F 1263294420 26314 C:\Program Files\EAGLE-5.8.0\lbr\motorola-sensor-driver.lbr
F 1263294420 6486 C:\Program Files\EAGLE-5.8.0\lbr\murata-filter.lbr
F 1263294420 4064 C:\Program Files\EAGLE-5.8.0\lbr\murata-sensor.lbr
F 1263294420 3883 C:\Program Files\EAGLE-5.8.0\lbr\nanotec.lbr
F 1263294420 10182 C:\Program Files\EAGLE-5.8.0\lbr\national-instruments.lbr
F 1269950880 20059 C:\Program Files\EAGLE-5.8.0\lbr\national-semiconductor.lbr
F 1263294420 6942 C:\Program Files\EAGLE-5.8.0\lbr\nec-lqfp100-pack.lbr
F 1263294420 8139 C:\Program Files\EAGLE-5.8.0\lbr\nrj-semiconductor.lbr
F 1263294420 3166 C:\Program Files\EAGLE-5.8.0\lbr\omnivision.lbr
F 1263294420 5534 C:\Program Files\EAGLE-5.8.0\lbr\on-semiconductor.lbr
F 1263294420 73167 C:\Program Files\EAGLE-5.8.0\lbr\opto-honeywell-3000.lbr
F 1263294420 68556 C:\Program Files\EAGLE-5.8.0\lbr\opto-honeywell-4000.lbr
F 1263294420 106789 C:\Program Files\EAGLE-5.8.0\lbr\opto-honeywell.lbr
F 1263294420 8267 C:\Program Files\EAGLE-5.8.0\lbr\opto-micro-linear.lbr
F 1263294420 17068 C:\Program Files\EAGLE-5.8.0\lbr\opto-trans-siemens.lbr
F 1263294420 12462 C:\Program Files\EAGLE-5.8.0\lbr\opto-transmittter-hp.lbr
F 1263294420 8502 C:\Program Files\EAGLE-5.8.0\lbr\opto-vishay.lbr
F 1263294420 97664 C:\Program Files\EAGLE-5.8.0\lbr\optocoupler.lbr
F 1263294420 40343 C:\Program Files\EAGLE-5.8.0\lbr\pal.lbr
F 1263294420 22161 C:\Program Files\EAGLE-5.8.0\lbr\photo-elements.lbr
F 1263294420 23890 C:\Program Files\EAGLE-5.8.0\lbr\piher.lbr
F 1263294420 330304 C:\Program Files\EAGLE-5.8.0\lbr\pinhead.lbr
F 1263294420 96847 C:\Program Files\EAGLE-5.8.0\lbr\plcc-socket.lbr
F 1263294420 63180 C:\Program Files\EAGLE-5.8.0\lbr\pld-intel.lbr
F 1263294420 71155 C:\Program Files\EAGLE-5.8.0\lbr\plxtech.lbr
F 1263294420 3065 C:\Program Files\EAGLE-5.8.0\lbr\pot-vitrohm.lbr
F 1263294420 3856 C:\Program Files\EAGLE-5.8.0\lbr\pot-xicor.lbr
F 1269950880 49268 C:\Program Files\EAGLE-5.8.0\lbr\pot.lbr
F 1263294420 11106 C:\Program Files\EAGLE-5.8.0\lbr\ptc-ntc.lbr
F 1263294420 59177 C:\Program Files\EAGLE-5.8.0\lbr\quantum-research-group.lbr
F 1269950880 342570 C:\Program Files\EAGLE-5.8.0\lbr\rcl.lbr
F 1269950880 7933 C:\Program Files\EAGLE-5.8.0\lbr\recom-international.lbr
F 1263294420 36131 C:\Program Files\EAGLE-5.8.0\lbr\rectifier.lbr
F 1263294420 3378421 C:\Program Files\EAGLE-5.8.0\lbr\ref-packages-longpad.lbr
F 1263294420 3397493 C:\Program Files\EAGLE-5.8.0\lbr\ref-packages.lbr
F 1263294420 371994 C:\Program Files\EAGLE-5.8.0\lbr\relay.lbr
F 1263294420 22185 C:\Program Files\EAGLE-5.8.0\lbr\renesas.lbr
F 1263294420 33034 C:\Program Files\EAGLE-5.8.0\lbr\resistor-bourns.lbr
F 1263294420 41154 C:\Program Files\EAGLE-5.8.0\lbr\resistor-dil.lbr
F 1263294420 35174 C:\Program Files\EAGLE-5.8.0\lbr\resistor-net.lbr
F 1263294420 51287 C:\Program Files\EAGLE-5.8.0\lbr\resistor-power.lbr
F 1263294420 4493 C:\Program Files\EAGLE-5.8.0\lbr\resistor-ruf.lbr
F 1263294420 18058 C:\Program Files\EAGLE-5.8.0\lbr\resistor-shunt.lbr
F 1263294420 71526 C:\Program Files\EAGLE-5.8.0\lbr\resistor-sil.lbr
F 1263294420 299561 C:\Program Files\EAGLE-5.8.0\lbr\resistor.lbr
F 1263294420 16068 C:\Program Files\EAGLE-5.8.0\lbr\rf-micro-devices.lbr
F 1263294420 6847 C:\Program Files\EAGLE-5.8.0\lbr\rf-solutions.lbr
F 1263294420 11274 C:\Program Files\EAGLE-5.8.0\lbr\rohm.lbr
F 1263294420 12826 C:\Program Files\EAGLE-5.8.0\lbr\semicon-smd-ipc.lbr
F 1269950880 3553 C:\Program Files\EAGLE-5.8.0\lbr\sensor-comus-group.lbr
F 1263294420 3510 C:\Program Files\EAGLE-5.8.0\lbr\sensor-heraeus.lbr
F 1263294420 21022 C:\Program Files\EAGLE-5.8.0\lbr\sharp.lbr
F 1263294420 15956 C:\Program Files\EAGLE-5.8.0\lbr\silabs.lbr
F 1263294420 6101 C:\Program Files\EAGLE-5.8.0\lbr\sipex.lbr
F 1263294420 1616086 C:\Program Files\EAGLE-5.8.0\lbr\smd-ipc.lbr
F 1263294420 181345 C:\Program Files\EAGLE-5.8.0\lbr\smd-special.lbr
F 1263294420 17843 C:\Program Files\EAGLE-5.8.0\lbr\solomon-systech.lbr
F 1263294420 6374 C:\Program Files\EAGLE-5.8.0\lbr\solpad.lbr
F 1263294420 4286 C:\Program Files\EAGLE-5.8.0\lbr\special-drill.lbr
F 1263294420 145331 C:\Program Files\EAGLE-5.8.0\lbr\special.lbr
F 1263294420 130362 C:\Program Files\EAGLE-5.8.0\lbr\st-microelectronics.lbr
F 1263294420 4260 C:\Program Files\EAGLE-5.8.0\lbr\supertex.lbr
F 1263294420 9178 C:\Program Files\EAGLE-5.8.0\lbr\supply1.lbr
F 1208779200 13291 C:\Program Files\EAGLE-5.8.0\lbr\supply2.lbr
F 1263294420 3342 C:\Program Files\EAGLE-5.8.0\lbr\switch-alps.lbr
F 1263294420 226922 C:\Program Files\EAGLE-5.8.0\lbr\switch-dil.lbr
F 1263294420 51375 C:\Program Files\EAGLE-5.8.0\lbr\switch-misc.lbr
F 1263294420 30302 C:\Program Files\EAGLE-5.8.0\lbr\switch-omron.lbr
F 1269950880 181234 C:\Program Files\EAGLE-5.8.0\lbr\switch.lbr
F 1263294420 2556 C:\Program Files\EAGLE-5.8.0\lbr\telcom.lbr
F 1263294420 5636 C:\Program Files\EAGLE-5.8.0\lbr\telecontrolli.lbr
F 1263294420 7540 C:\Program Files\EAGLE-5.8.0\lbr\telefunken.lbr
F 1263294420 22555 C:\Program Files\EAGLE-5.8.0\lbr\testpad.lbr
F 1269950880 805956 C:\Program Files\EAGLE-5.8.0\lbr\texas.lbr
F 1263294420 10160 C:\Program Files\EAGLE-5.8.0\lbr\toshiba.lbr
F 1263294420 11115 C:\Program Files\EAGLE-5.8.0\lbr\traco-electronic.lbr
F 1263294420 4954 C:\Program Files\EAGLE-5.8.0\lbr\trafo-bei.lbr
F 1263294420 120892 C:\Program Files\EAGLE-5.8.0\lbr\trafo-siemens.lbr
F 1263294420 5883 C:\Program Files\EAGLE-5.8.0\lbr\trafo-xicon.lbr
F 1263294420 188841 C:\Program Files\EAGLE-5.8.0\lbr\trafo.lbr
F 1263294420 68212 C:\Program Files\EAGLE-5.8.0\lbr\transistor-fet.lbr
F 1263294420 74517 C:\Program Files\EAGLE-5.8.0\lbr\transistor-neu-to92.lbr
F 1263294420 57551 C:\Program Files\EAGLE-5.8.0\lbr\transistor-npn.lbr
F 1269950880 44403 C:\Program Files\EAGLE-5.8.0\lbr\transistor-pnp.lbr
F 1263294420 95792 C:\Program Files\EAGLE-5.8.0\lbr\transistor-power.lbr
F 1263294420 75086 C:\Program Files\EAGLE-5.8.0\lbr\transistor-small-signal.lbr
F 1263294420 76979 C:\Program Files\EAGLE-5.8.0\lbr\transistor.lbr
F 1263294420 31445 C:\Program Files\EAGLE-5.8.0\lbr\triac.lbr
F 1263294420 4422 C:\Program Files\EAGLE-5.8.0\lbr\tripas.lbr
F 1263294420 8686 C:\Program Files\EAGLE-5.8.0\lbr\u-blox.lbr
F 1263294420 16119 C:\Program Files\EAGLE-5.8.0\lbr\uln-udn.lbr
F 1263294420 4414 C:\Program Files\EAGLE-5.8.0\lbr\v-reg-micrel.lbr
F 1263294420 47319 C:\Program Files\EAGLE-5.8.0\lbr\v-reg.lbr
F 1263294420 67714 C:\Program Files\EAGLE-5.8.0\lbr\varistor.lbr
F 1263294420 78518 C:\Program Files\EAGLE-5.8.0\lbr\wafer-scale-psd.lbr
F 1263294420 10189 C:\Program Files\EAGLE-5.8.0\lbr\wirepad.lbr
F 1263294420 69035 C:\Program Files\EAGLE-5.8.0\lbr\wuerth-elektronik.lbr
F 1263294420 3552 C:\Program Files\EAGLE-5.8.0\lbr\xicor.lbr
F 1263294420 199820 C:\Program Files\EAGLE-5.8.0\lbr\xilinx-virtex-v5.lbr
F 1263294420 23960 C:\Program Files\EAGLE-5.8.0\lbr\xilinx-xc18v.lbr
F 1263294420 2177375 C:\Program Files\EAGLE-5.8.0\lbr\xilinx-xcv.lbr
F 1263294420 56792 C:\Program Files\EAGLE-5.8.0\lbr\zetex.lbr
F 1263294420 13093 C:\Program Files\EAGLE-5.8.0\lbr\zilog.lbr
F 1166004980 683 C:\Program Files\EAGLE-5.8.0\projects\DESCRIPTION
F 1166004980 270 C:\Program Files\EAGLE-5.8.0\projects\examples\DESCRIPTION
F 1208779200 161 C:\Program Files\EAGLE-5.8.0\projects\examples\elektro\DESCRIPTION
F 1208779200 39047 C:\Program Files\EAGLE-5.8.0\projects\examples\elektro\stern-dreieck-anlauf.sch
F 1166004980 273 C:\Program Files\EAGLE-5.8.0\projects\examples\hexapod\DESCRIPTION
F 1208779200 464 C:\Program Files\EAGLE-5.8.0\projects\examples\hexapod\eagle.epf
F 1241438760 73658 C:\Program Files\EAGLE-5.8.0\projects\examples\hexapod\hexapod.brd
F 1208779200 76140 C:\Program Files\EAGLE-5.8.0\projects\examples\hexapod\hexapod.sch
F 1166004980 362 C:\Program Files\EAGLE-5.8.0\projects\examples\singlesided\DESCRIPTION
F 1208779200 3597 C:\Program Files\EAGLE-5.8.0\projects\examples\singlesided\eagle.epf
F 1208779200 16879 C:\Program Files\EAGLE-5.8.0\projects\examples\singlesided\singlesided.brd
F 1208779200 111266 C:\Program Files\EAGLE-5.8.0\projects\examples\singlesided\singlesided.sch
F 1059736260 2561 C:\Program Files\EAGLE-5.8.0\projects\examples\singlesided\singlesided_h.ctl
F 1059736260 2561 C:\Program Files\EAGLE-5.8.0\projects\examples\singlesided\singlesided_v.ctl
F 1208779200 28000 C:\Program Files\EAGLE-5.8.0\projects\examples\tutorial\bus.sch
F 1208779200 207330 C:\Program Files\EAGLE-5.8.0\projects\examples\tutorial\demo1.sch
F 1208779200 18001 C:\Program Files\EAGLE-5.8.0\projects\examples\tutorial\demo2.brd
F 1208779200 207330 C:\Program Files\EAGLE-5.8.0\projects\examples\tutorial\demo2.sch
F 1208779200 19312 C:\Program Files\EAGLE-5.8.0\projects\examples\tutorial\demo3.brd
F 1208779200 207331 C:\Program Files\EAGLE-5.8.0\projects\examples\tutorial\demo3.sch
F 1166004980 365 C:\Program Files\EAGLE-5.8.0\projects\examples\tutorial\DESCRIPTION
F 1208779200 39941 C:\Program Files\EAGLE-5.8.0\projects\examples\tutorial\hexapodu.brd
F 1059736260 2431 C:\Program Files\EAGLE-5.8.0\projects\examples\tutorial\hexapodu.ctl
F 1208779200 1417 C:\Program Files\EAGLE-5.8.0\scr\defaultcolors.scr
F 1208779200 400 C:\Program Files\EAGLE-5.8.0\scr\delete-signals.scr
F 1166004980 816 C:\Program Files\EAGLE-5.8.0\scr\DESCRIPTION
F 977479200 1097 C:\Program Files\EAGLE-5.8.0\scr\eagle.scr
F 1134382560 2276 C:\Program Files\EAGLE-5.8.0\scr\eagleassign.scr
F 1208779200 510 C:\Program Files\EAGLE-5.8.0\scr\elektro-init.scr
F 977479200 495 C:\Program Files\EAGLE-5.8.0\scr\euro.scr
F 977479200 222 C:\Program Files\EAGLE-5.8.0\scr\fill.scr
F 977479200 1168 C:\Program Files\EAGLE-5.8.0\scr\menu.scr
F 1080119480 3074 C:\Program Files\EAGLE-5.8.0\scr\mylayers.scr
F 989838180 284 C:\Program Files\EAGLE-5.8.0\scr\nofill.scr
F 1263294420 25974 C:\Program Files\EAGLE-5.8.0\ulp\bom.ulp
F 1017306550 15414 C:\Program Files\EAGLE-5.8.0\ulp\cam2dxf.ulp
F 1112087640 17439 C:\Program Files\EAGLE-5.8.0\ulp\cam2image.ulp
F 1017306550 718 C:\Program Files\EAGLE-5.8.0\ulp\cam2print-box-grey-optimize.bmp
F 1017306550 718 C:\Program Files\EAGLE-5.8.0\ulp\cam2print-box-grey-poscoord.bmp
F 1017306550 718 C:\Program Files\EAGLE-5.8.0\ulp\cam2print-box-grey-quickplot.bmp
F 1208779200 25188 C:\Program Files\EAGLE-5.8.0\ulp\cam2print.ulp
F 1059736260 5214 C:\Program Files\EAGLE-5.8.0\ulp\change-pad-in-lbr-1.bmp
F 1059736260 5266 C:\Program Files\EAGLE-5.8.0\ulp\change-pad-in-lbr-x.bmp
F 1112087640 16032 C:\Program Files\EAGLE-5.8.0\ulp\change-pad-in-lbr.ulp
F 1208779200 2881 C:\Program Files\EAGLE-5.8.0\ulp\clear-layer-in-lbr.ulp
F 1214913660 7393 C:\Program Files\EAGLE-5.8.0\ulp\cmd-change-brd-width.ulp
F 1017306550 3180 C:\Program Files\EAGLE-5.8.0\ulp\cmd-change-class.ulp
F 1208779200 10473 C:\Program Files\EAGLE-5.8.0\ulp\cmd-change-swap-layer.ulp
F 1166004980 7862 C:\Program Files\EAGLE-5.8.0\ulp\cmd-draw-group.bmp
F 1166004980 7862 C:\Program Files\EAGLE-5.8.0\ulp\cmd-draw-hole-ellipse-calcstep.bmp
F 1166004980 7862 C:\Program Files\EAGLE-5.8.0\ulp\cmd-draw-hole-ellipse-degstep.bmp
F 1166004980 7862 C:\Program Files\EAGLE-5.8.0\ulp\cmd-draw-hole-ellipse4-calcstep.bmp
F 1166004980 7862 C:\Program Files\EAGLE-5.8.0\ulp\cmd-draw-hole-ellipse4-degstep.bmp
F 1166004980 7862 C:\Program Files\EAGLE-5.8.0\ulp\cmd-draw-hole-none-calcstep.bmp
F 1166004980 7862 C:\Program Files\EAGLE-5.8.0\ulp\cmd-draw-hole-none-degstep.bmp
F 1166004980 7862 C:\Program Files\EAGLE-5.8.0\ulp\cmd-draw-hole-none.bmp
F 1166004980 7862 C:\Program Files\EAGLE-5.8.0\ulp\cmd-draw-move-circle-match-calcstep.bmp
F 1166004980 7862 C:\Program Files\EAGLE-5.8.0\ulp\cmd-draw-move-circle-match-degstep.bmp
F 1166004980 7862 C:\Program Files\EAGLE-5.8.0\ulp\cmd-draw-move-circle-no_match-calcstep.bmp
F 1166004980 7862 C:\Program Files\EAGLE-5.8.0\ulp\cmd-draw-move-circle-no_match-degstep.bmp
F 1166004980 7862 C:\Program Files\EAGLE-5.8.0\ulp\cmd-draw-move-ellipse-match-calcstep.bmp
F 1166004980 7862 C:\Program Files\EAGLE-5.8.0\ulp\cmd-draw-move-ellipse-match-degstep.bmp
F 1166004980 7862 C:\Program Files\EAGLE-5.8.0\ulp\cmd-draw-move-ellipse-no_match-calcstep.bmp
F 1166004980 7862 C:\Program Files\EAGLE-5.8.0\ulp\cmd-draw-move-ellipse-no_match-degstep.bmp
F 1166004980 7862 C:\Program Files\EAGLE-5.8.0\ulp\cmd-draw-move-ellipse4-match-calcstep.bmp
F 1166004980 7862 C:\Program Files\EAGLE-5.8.0\ulp\cmd-draw-move-ellipse4-match-degstep.bmp
F 1166004980 7862 C:\Program Files\EAGLE-5.8.0\ulp\cmd-draw-move-ellipse4-no_match-calcstep.bmp
F 1166004980 7862 C:\Program Files\EAGLE-5.8.0\ulp\cmd-draw-move-ellipse4-no_match-degstep.bmp
F 1166004980 7862 C:\Program Files\EAGLE-5.8.0\ulp\cmd-draw-move-match-ellipse-none.bmp
F 1166004980 7862 C:\Program Files\EAGLE-5.8.0\ulp\cmd-draw-move-match-none.bmp
F 1166004980 7862 C:\Program Files\EAGLE-5.8.0\ulp\cmd-draw-move-no_match-ellipse-none.bmp
F 1166004980 7862 C:\Program Files\EAGLE-5.8.0\ulp\cmd-draw-move-no_match-none.bmp
F 1166004980 7862 C:\Program Files\EAGLE-5.8.0\ulp\cmd-draw-pad-ellipse-calcstep.bmp
F 1166004980 7862 C:\Program Files\EAGLE-5.8.0\ulp\cmd-draw-pad-ellipse-degstep.bmp
F 1166004980 7862 C:\Program Files\EAGLE-5.8.0\ulp\cmd-draw-pad-ellipse4-calcstep.bmp
F 1166004980 7862 C:\Program Files\EAGLE-5.8.0\ulp\cmd-draw-pad-ellipse4-degstep.bmp
F 1166004980 7862 C:\Program Files\EAGLE-5.8.0\ulp\cmd-draw-pad-none-calcstep.bmp
F 1166004980 7862 C:\Program Files\EAGLE-5.8.0\ulp\cmd-draw-pad-none-degstep.bmp
F 1166004980 7862 C:\Program Files\EAGLE-5.8.0\ulp\cmd-draw-pad-none.bmp
F 1166004980 7862 C:\Program Files\EAGLE-5.8.0\ulp\cmd-draw-polygon-circle-calcstep.bmp
F 1166004980 7862 C:\Program Files\EAGLE-5.8.0\ulp\cmd-draw-polygon-circle-degstep.bmp
F 1166004980 7862 C:\Program Files\EAGLE-5.8.0\ulp\cmd-draw-polygon-ellipse-calcdeg.bmp
F 1166004980 7862 C:\Program Files\EAGLE-5.8.0\ulp\cmd-draw-polygon-ellipse-calcstep.bmp
F 1166004980 7862 C:\Program Files\EAGLE-5.8.0\ulp\cmd-draw-polygon-ellipse-degstep.bmp
F 1166004980 7862 C:\Program Files\EAGLE-5.8.0\ulp\cmd-draw-polygon-ellipse-none.bmp
F 1166004980 7862 C:\Program Files\EAGLE-5.8.0\ulp\cmd-draw-polygon-ellipse4-calcstep.bmp
F 1166004980 7862 C:\Program Files\EAGLE-5.8.0\ulp\cmd-draw-polygon-ellipse4-degstep.bmp
F 1166004980 7862 C:\Program Files\EAGLE-5.8.0\ulp\cmd-draw-polygon-ellipse4-none.bmp
F 1166004980 7862 C:\Program Files\EAGLE-5.8.0\ulp\cmd-draw-polygon-none-calcstep.bmp
F 1166004980 7862 C:\Program Files\EAGLE-5.8.0\ulp\cmd-draw-polygon-none.bmp
F 1166004980 7862 C:\Program Files\EAGLE-5.8.0\ulp\cmd-draw-smd-circle-match-calcstep.bmp
F 1166004980 7862 C:\Program Files\EAGLE-5.8.0\ulp\cmd-draw-smd-circle-match-degstep.bmp
F 1166004980 7862 C:\Program Files\EAGLE-5.8.0\ulp\cmd-draw-smd-circle-no_match-calcstep.bmp
F 1166004980 7862 C:\Program Files\EAGLE-5.8.0\ulp\cmd-draw-smd-cricle-no_match-degstep.bmp
F 1166004980 7862 C:\Program Files\EAGLE-5.8.0\ulp\cmd-draw-smd-ellipse-match-calcstep.bmp
F 1166004980 7862 C:\Program Files\EAGLE-5.8.0\ulp\cmd-draw-smd-ellipse-match-degstap.bmp
F 1166004980 7862 C:\Program Files\EAGLE-5.8.0\ulp\cmd-draw-smd-ellipse-no_match-calcstep.bmp
F 1166004980 7862 C:\Program Files\EAGLE-5.8.0\ulp\cmd-draw-smd-ellipse-no_match-degstep.bmp
F 1166004980 7862 C:\Program Files\EAGLE-5.8.0\ulp\cmd-draw-smd-ellipse4-match-calcstep.bmp
F 1166004980 7862 C:\Program Files\EAGLE-5.8.0\ulp\cmd-draw-smd-ellipse4-match-degstep.bmp
F 1166004980 7862 C:\Program Files\EAGLE-5.8.0\ulp\cmd-draw-smd-ellipse4-no_match-calcstep.bmp
F 1166004980 7862 C:\Program Files\EAGLE-5.8.0\ulp\cmd-draw-smd-ellipse4-no_match-degstep.bmp
F 1166004980 7862 C:\Program Files\EAGLE-5.8.0\ulp\cmd-draw-smd-match-degstep.bmp
F 1166004980 7862 C:\Program Files\EAGLE-5.8.0\ulp\cmd-draw-smd-match-none.bmp
F 1166004980 7862 C:\Program Files\EAGLE-5.8.0\ulp\cmd-draw-smd-no_match-degsetp.bmp
F 1166004980 7862 C:\Program Files\EAGLE-5.8.0\ulp\cmd-draw-smd-no_match-none.bmp
F 1166004980 7862 C:\Program Files\EAGLE-5.8.0\ulp\cmd-draw-wire-calc-ellipse.bmp
F 1166004980 7862 C:\Program Files\EAGLE-5.8.0\ulp\cmd-draw-wire-calcstep-none.bmp
F 1166004980 7862 C:\Program Files\EAGLE-5.8.0\ulp\cmd-draw-wire-circle-calcstep.bmp
F 1166004980 7862 C:\Program Files\EAGLE-5.8.0\ulp\cmd-draw-wire-circle-degstep.bmp
F 1166004980 7862 C:\Program Files\EAGLE-5.8.0\ulp\cmd-draw-wire-clac-ellipse4.bmp
F 1166004980 7862 C:\Program Files\EAGLE-5.8.0\ulp\cmd-draw-wire-degstep-none.bmp
F 1166004980 7862 C:\Program Files\EAGLE-5.8.0\ulp\cmd-draw-wire-ellipse.bmp
F 1166004980 7862 C:\Program Files\EAGLE-5.8.0\ulp\cmd-draw-wire-none.bmp
F 1166004980 7862 C:\Program Files\EAGLE-5.8.0\ulp\cmd-draw-wire-step-ellipse.bmp
F 1166004980 7862 C:\Program Files\EAGLE-5.8.0\ulp\cmd-draw-wire-step-ellipse4.bmp
F 1214913660 63733 C:\Program Files\EAGLE-5.8.0\ulp\cmd-draw.ulp
F 1263294420 9843 C:\Program Files\EAGLE-5.8.0\ulp\cmd-net-list2sch.ulp
F 1144062970 9179 C:\Program Files\EAGLE-5.8.0\ulp\cmd-netscript2sch.ulp
F 1023102560 5865 C:\Program Files\EAGLE-5.8.0\ulp\cmd-place-restrict-name-value.ulp
F 1166004980 1010 C:\Program Files\EAGLE-5.8.0\ulp\cmd-rename-in-lbr.ulp
F 1059736260 26727 C:\Program Files\EAGLE-5.8.0\ulp\cmd-renumber.ulp
F 1017306550 2532 C:\Program Files\EAGLE-5.8.0\ulp\cmd-showzoom.ulp
F 1239710700 6673 C:\Program Files\EAGLE-5.8.0\ulp\cmd-snap-board.ulp
F 1023102560 4460 C:\Program Files\EAGLE-5.8.0\ulp\cmd-snappads.ulp
F 1269950880 14703 C:\Program Files\EAGLE-5.8.0\ulp\copy-layer-to-any-layer.ulp
F 1059736260 8338 C:\Program Files\EAGLE-5.8.0\ulp\copy-silk-screen.ulp
F 1144062970 2955 C:\Program Files\EAGLE-5.8.0\ulp\copy-text-as-wire.ulp
F 1263294420 11602 C:\Program Files\EAGLE-5.8.0\ulp\copy-wire-to-solder-mask.ulp
F 1017306550 1404 C:\Program Files\EAGLE-5.8.0\ulp\count.ulp
F 1017306550 1017 C:\Program Files\EAGLE-5.8.0\ulp\del-devices.ulp
F 1017306550 1134 C:\Program Files\EAGLE-5.8.0\ulp\del-empty-devices.ulp
F 1017306550 2430 C:\Program Files\EAGLE-5.8.0\ulp\del-pack-sym.ulp
F 1166004980 904 C:\Program Files\EAGLE-5.8.0\ulp\DESCRIPTION
F 1214913660 14431 C:\Program Files\EAGLE-5.8.0\ulp\dif40.ulp
F 1017306550 4706 C:\Program Files\EAGLE-5.8.0\ulp\dose-pro.ulp
F 1225108980 2397 C:\Program Files\EAGLE-5.8.0\ulp\drill-aid.ulp
F 1017306550 3170 C:\Program Files\EAGLE-5.8.0\ulp\drillcfg.ulp
F 1225108980 43776 C:\Program Files\EAGLE-5.8.0\ulp\drillegend.ulp
F 1263294420 49791 C:\Program Files\EAGLE-5.8.0\ulp\dxf.ulp
F 1269950880 42311 C:\Program Files\EAGLE-5.8.0\ulp\e-attributverwaltung.ulp
F 1208779200 14625 C:\Program Files\EAGLE-5.8.0\ulp\e-bauteil-erstellen.ulp
F 1263294420 34094 C:\Program Files\EAGLE-5.8.0\ulp\e-brueckenverwaltung.ulp
F 1263294420 40430 C:\Program Files\EAGLE-5.8.0\ulp\e-klemmenplan.ulp
F 1214913660 10545 C:\Program Files\EAGLE-5.8.0\ulp\e-makelist.ulp
F 1208779200 2996 C:\Program Files\EAGLE-5.8.0\ulp\e-packages-aus-devices-pin-ist-padname.ulp
F 1017306550 12102 C:\Program Files\EAGLE-5.8.0\ulp\eagle.bmp
F 1166004980 7476 C:\Program Files\EAGLE-5.8.0\ulp\edit-used-dev-pac-sym.ulp
F 1017306550 1516 C:\Program Files\EAGLE-5.8.0\ulp\editnext-dev-sym-pac.ulp
F 1080119480 830 C:\Program Files\EAGLE-5.8.0\ulp\editnext-lbr.ulp
F 1017306550 486 C:\Program Files\EAGLE-5.8.0\ulp\editnext-sheet.ulp
F 1017306550 1505 C:\Program Files\EAGLE-5.8.0\ulp\editprev-dev-sym-pac.ulp
F 1080119480 854 C:\Program Files\EAGLE-5.8.0\ulp\editprev-lbr.ulp
F 1017306550 412 C:\Program Files\EAGLE-5.8.0\ulp\editprev-sheet.ulp
F 1017306550 468 C:\Program Files\EAGLE-5.8.0\ulp\ex-argv-path.ulp
F 1144062970 18696 C:\Program Files\EAGLE-5.8.0\ulp\ex-dialogs.ulp
F 1017306550 718 C:\Program Files\EAGLE-5.8.0\ulp\ex-dlglist.ulp
F 1017306550 757 C:\Program Files\EAGLE-5.8.0\ulp\ex-file-copy.ulp
F 1269950880 623 C:\Program Files\EAGLE-5.8.0\ulp\ex-include.ulp
F 1017306550 1781 C:\Program Files\EAGLE-5.8.0\ulp\ex-input-file.ulp
F 1112087640 2296 C:\Program Files\EAGLE-5.8.0\ulp\ex-loop-lbrs.ulp
F 1017306550 867 C:\Program Files\EAGLE-5.8.0\ulp\ex-run-script.ulp
F 1017306550 2591 C:\Program Files\EAGLE-5.8.0\ulp\exp-descr-html.ulp
F 1017306550 2995 C:\Program Files\EAGLE-5.8.0\ulp\exp-descr-script.ulp
F 1225108980 30451 C:\Program Files\EAGLE-5.8.0\ulp\exp-project-lbr.ulp
F 1214913660 10795 C:\Program Files\EAGLE-5.8.0\ulp\exp2image.ulp
F 1239710700 2362 C:\Program Files\EAGLE-5.8.0\ulp\export-class.ulp
F 1263294420 47105 C:\Program Files\EAGLE-5.8.0\ulp\fabmaster.ulp
F 1080119480 3368 C:\Program Files\EAGLE-5.8.0\ulp\fill-via4vacuum.ulp
F 1208779200 16179 C:\Program Files\EAGLE-5.8.0\ulp\find-single-ended-wire.ulp
F 1214913660 43072 C:\Program Files\EAGLE-5.8.0\ulp\find.ulp
F 1017306550 4092 C:\Program Files\EAGLE-5.8.0\ulp\gluemark.ulp
F 1017306550 1300 C:\Program Files\EAGLE-5.8.0\ulp\glueout.ulp
F 1144062970 73239 C:\Program Files\EAGLE-5.8.0\ulp\hyperlynx.ulp
F 1017306550 1206 C:\Program Files\EAGLE-5.8.0\ulp\import-bmp-c16.bmp
F 1017306550 198 C:\Program Files\EAGLE-5.8.0\ulp\import-bmp-c2.bmp
F 1017306550 5430 C:\Program Files\EAGLE-5.8.0\ulp\import-bmp-c256-0.bmp
F 1017306550 5430 C:\Program Files\EAGLE-5.8.0\ulp\import-bmp-c256-1.bmp
F 1017306550 5430 C:\Program Files\EAGLE-5.8.0\ulp\import-bmp-c256-2.bmp
F 1017306550 5430 C:\Program Files\EAGLE-5.8.0\ulp\import-bmp-c256-3.bmp
F 1017306550 5430 C:\Program Files\EAGLE-5.8.0\ulp\import-bmp-c256-4.bmp
F 1017306550 5430 C:\Program Files\EAGLE-5.8.0\ulp\import-bmp-c256-5.bmp
F 1017306550 5430 C:\Program Files\EAGLE-5.8.0\ulp\import-bmp-c256-6.bmp
F 1017306550 5430 C:\Program Files\EAGLE-5.8.0\ulp\import-bmp-c256-7.bmp
F 1017306550 82254 C:\Program Files\EAGLE-5.8.0\ulp\import-bmp-c256.bmp
F 1017306550 9118 C:\Program Files\EAGLE-5.8.0\ulp\import-bmp-dpi.bmp
F 1017306550 9118 C:\Program Files\EAGLE-5.8.0\ulp\import-bmp-ratio.bmp
F 1017306550 9118 C:\Program Files\EAGLE-5.8.0\ulp\import-bmp-scale.bmp
F 1208779200 28233 C:\Program Files\EAGLE-5.8.0\ulp\import-bmp.ulp
F 1017306550 58450 C:\Program Files\EAGLE-5.8.0\ulp\import-ultiboard-ddf.ulp
F 1059736260 5577 C:\Program Files\EAGLE-5.8.0\ulp\length-freq-ri.ulp
F 1225108980 7101 C:\Program Files\EAGLE-5.8.0\ulp\length.ulp
F 1269950880 125737 C:\Program Files\EAGLE-5.8.0\ulp\make-symbol-device-package-bsdl.ulp
F 1166004980 18672 C:\Program Files\EAGLE-5.8.0\ulp\make-value-consistent.ulp
F 1166004980 28278 C:\Program Files\EAGLE-5.8.0\ulp\make_bga_package.bmp
F 1134382560 3318 C:\Program Files\EAGLE-5.8.0\ulp\make_package_dual.bmp
F 1134382560 12918 C:\Program Files\EAGLE-5.8.0\ulp\make_package_meass_pacinfo.bmp
F 1134382560 12918 C:\Program Files\EAGLE-5.8.0\ulp\make_package_meass_pacinfo2.bmp
F 1134382560 20278 C:\Program Files\EAGLE-5.8.0\ulp\make_package_meass_padinfo-oct.bmp
F 1134382560 20278 C:\Program Files\EAGLE-5.8.0\ulp\make_package_meass_padinfo-round.bmp
F 1134382560 20278 C:\Program Files\EAGLE-5.8.0\ulp\make_package_meass_padinfo-sqr.bmp
F 1134382560 20278 C:\Program Files\EAGLE-5.8.0\ulp\make_package_meass_padinfo.bmp
F 1134382560 20278 C:\Program Files\EAGLE-5.8.0\ulp\make_package_meass_smdinfo.bmp
F 1134382560 3318 C:\Program Files\EAGLE-5.8.0\ulp\make_package_quad_left.bmp
F 1134382560 3318 C:\Program Files\EAGLE-5.8.0\ulp\make_package_quad_middle.bmp
F 1103019190 3118 C:\Program Files\EAGLE-5.8.0\ulp\make_symbol_dual1.bmp
F 1103019190 3118 C:\Program Files\EAGLE-5.8.0\ulp\make_symbol_dual2.bmp
F 1103019190 3118 C:\Program Files\EAGLE-5.8.0\ulp\make_symbol_quad.bmp
F 1103019190 3118 C:\Program Files\EAGLE-5.8.0\ulp\make_symbol_single.bmp
F 1166004980 3118 C:\Program Files\EAGLE-5.8.0\ulp\make_symbol_stripe.bmp
F 1134382560 42118 C:\Program Files\EAGLE-5.8.0\ulp\microstrip-radial-stub.bmp
F 1134382560 10461 C:\Program Files\EAGLE-5.8.0\ulp\microstrip-radial-stub.ulp
F 1059736260 16078 C:\Program Files\EAGLE-5.8.0\ulp\mill-outlines-bott.bmp
F 1059736260 16078 C:\Program Files\EAGLE-5.8.0\ulp\mill-outlines-cnc.bmp
F 1017306550 16278 C:\Program Files\EAGLE-5.8.0\ulp\mill-outlines-coppdim.bmp
F 1059736260 2806 C:\Program Files\EAGLE-5.8.0\ulp\mill-outlines-drc-info.bmp
F 1017306550 16078 C:\Program Files\EAGLE-5.8.0\ulp\mill-outlines-drill.bmp
F 1017306550 16078 C:\Program Files\EAGLE-5.8.0\ulp\mill-outlines-eagle.bmp
F 1017306550 16078 C:\Program Files\EAGLE-5.8.0\ulp\mill-outlines-free.bmp
F 1017306550 16078 C:\Program Files\EAGLE-5.8.0\ulp\mill-outlines-hole.bmp
F 1059736260 16078 C:\Program Files\EAGLE-5.8.0\ulp\mill-outlines-hpgl.bmp
F 1059736260 16078 C:\Program Files\EAGLE-5.8.0\ulp\mill-outlines-isol-pour.bmp
F 1059736260 16278 C:\Program Files\EAGLE-5.8.0\ulp\mill-outlines-mildimension.bmp
F 1017306550 16078 C:\Program Files\EAGLE-5.8.0\ulp\mill-outlines-mirror.bmp
F 1059736260 16078 C:\Program Files\EAGLE-5.8.0\ulp\mill-outlines-no-blowup.bmp
F 1017306550 16078 C:\Program Files\EAGLE-5.8.0\ulp\mill-outlines-nomir.bmp
F 1059736260 16278 C:\Program Files\EAGLE-5.8.0\ulp\mill-outlines-null_reference.bmp
F 1017306550 16078 C:\Program Files\EAGLE-5.8.0\ulp\mill-outlines-ovrlpfp.bmp
F 1017306550 16078 C:\Program Files\EAGLE-5.8.0\ulp\mill-outlines-ovrlppp.bmp
F 1017306550 16078 C:\Program Files\EAGLE-5.8.0\ulp\mill-outlines-pour.bmp
F 1059736260 16078 C:\Program Files\EAGLE-5.8.0\ulp\mill-outlines-script.bmp
F 1059736260 16078 C:\Program Files\EAGLE-5.8.0\ulp\mill-outlines-sec-isolate.bmp
F 1017306550 16078 C:\Program Files\EAGLE-5.8.0\ulp\mill-outlines-spacing.bmp
F 1059736260 16078 C:\Program Files\EAGLE-5.8.0\ulp\mill-outlines-top.bmp
F 1017306550 16078 C:\Program Files\EAGLE-5.8.0\ulp\mill-outlines-via.bmp
F 1214913660 64241 C:\Program Files\EAGLE-5.8.0\ulp\mill-outlines.ulp
F 1263294420 9243 C:\Program Files\EAGLE-5.8.0\ulp\mirror-board.ulp
F 1231412640 7914 C:\Program Files\EAGLE-5.8.0\ulp\mount-trace.ulp
F 1017306550 1463 C:\Program Files\EAGLE-5.8.0\ulp\mount.ulp
F 1017306550 2502 C:\Program Files\EAGLE-5.8.0\ulp\mountsmd.ulp
F 1017306550 958 C:\Program Files\EAGLE-5.8.0\ulp\nextdevdescript.ulp
F 1017306550 1000 C:\Program Files\EAGLE-5.8.0\ulp\nextpacdescript.ulp
F 1231412640 8728 C:\Program Files\EAGLE-5.8.0\ulp\normalize-text.ulp
F 1080119480 12627 C:\Program Files\EAGLE-5.8.0\ulp\outlines.ulp
F 1166004980 3972 C:\Program Files\EAGLE-5.8.0\ulp\panelize.ulp
F 1017306550 2868 C:\Program Files\EAGLE-5.8.0\ulp\part2html.ulp
F 1017306550 952 C:\Program Files\EAGLE-5.8.0\ulp\prevdevdescript.ulp
F 1017306550 947 C:\Program Files\EAGLE-5.8.0\ulp\prevpacdescript.ulp
F 1112087640 23719 C:\Program Files\EAGLE-5.8.0\ulp\print-inductor.ulp
F 1017306550 2031 C:\Program Files\EAGLE-5.8.0\ulp\remove-dev-sym-pac.ulp
F 1214913660 1205 C:\Program Files\EAGLE-5.8.0\ulp\rename-signal.ulp
F 1112087640 3198 C:\Program Files\EAGLE-5.8.0\ulp\renamnet-suffix.ulp
F 1091617980 10756 C:\Program Files\EAGLE-5.8.0\ulp\renumber-sch.ulp
F 1166004980 14406 C:\Program Files\EAGLE-5.8.0\ulp\renumber-sheet.ulp
F 1225108980 671 C:\Program Files\EAGLE-5.8.0\ulp\run-loop-all-devicesets-script.ulp
F 1144062970 948 C:\Program Files\EAGLE-5.8.0\ulp\run-loop-all-lbr-script.ulp
F 1144062970 1042 C:\Program Files\EAGLE-5.8.0\ulp\run-loop-all-lbr-ulp.ulp
F 1225108980 660 C:\Program Files\EAGLE-5.8.0\ulp\run-loop-all-packages-script.ulp
F 1225108980 657 C:\Program Files\EAGLE-5.8.0\ulp\run-loop-all-symbols-script.ulp
F 1225108980 4761 C:\Program Files\EAGLE-5.8.0\ulp\set-all-devices-attribute.ulp
F 1134382560 1169 C:\Program Files\EAGLE-5.8.0\ulp\set_name_value.ulp
F 1231412640 3182 C:\Program Files\EAGLE-5.8.0\ulp\showclass.ulp
F 1080119480 6706 C:\Program Files\EAGLE-5.8.0\ulp\silk.ulp
F 1017306550 1273 C:\Program Files\EAGLE-5.8.0\ulp\smash-all-sch.ulp
F 1017306550 2670 C:\Program Files\EAGLE-5.8.0\ulp\smd-coordinate.ulp
F 1059736260 10434 C:\Program Files\EAGLE-5.8.0\ulp\snap-on-grid-sch.ulp
F 1080119480 1094 C:\Program Files\EAGLE-5.8.0\ulp\snap-pin-in-symbol.ulp
F 1112087640 15196 C:\Program Files\EAGLE-5.8.0\ulp\spiral-coil.ulp
F 1166004980 7341 C:\Program Files\EAGLE-5.8.0\ulp\split-device-symbol.ulp
F 1091617980 86 C:\Program Files\EAGLE-5.8.0\ulp\statistic-brd-checkmin.val
F 1269950880 87215 C:\Program Files\EAGLE-5.8.0\ulp\statistic-brd.ulp
F 1208779200 22005 C:\Program Files\EAGLE-5.8.0\ulp\statistic-lbr.ulp
F 1208779200 20680 C:\Program Files\EAGLE-5.8.0\ulp\statistic-sch.ulp
F 1017306550 198 C:\Program Files\EAGLE-5.8.0\ulp\statistic_attention_min_value.bmp
F 1208779200 2829 C:\Program Files\EAGLE-5.8.0\ulp\trace-layer.ulp
F 1059736260 356 C:\Program Files\EAGLE-5.8.0\ulp\ulpmessage.ulp
F 1119352500 35567 C:\Program Files\EAGLE-5.8.0\ulp\unidat.ulp
F 1080119480 296 C:\Program Files\EAGLE-5.8.0\ulp\update-packages.ulp
F 1017306550 1829 C:\Program Files\EAGLE-5.8.0\ulp\useful-routines.ulp
F 1017306550 1126 C:\Program Files\EAGLE-5.8.0\ulp\warning.bmp
F 0 0 C:\Program Files\EAGLE-5.8.0\bin\eagle.key
F 1269950880 9539584 C:\Program Files\EAGLE-5.8.0\bin\eaglecon.exe
R HKEY_LOCAL_MACHINE\Software\CadSoft\EAGLE\5.8.0
R HKEY_LOCAL_MACHINE\Software\Microsoft\Windows\CurrentVersion\App Paths\eagle.exe
R HKEY_CLASSES_ROOT\Applications\eagle.exe\shell\open\command
R HKEY_LOCAL_MACHINE\Software\Microsoft\Windows\CurrentVersion\Uninstall\EAGLE 5.8.0
D C:\ProgramData\Microsoft\Windows\Start Menu\Programs\EAGLE Layout Editor 5.8.0
F 0 0 C:\ProgramData\Microsoft\Windows\Start Menu\Programs\EAGLE Layout Editor 5.8.0\EAGLE 5.8.0.lnk
F 0 0 C:\ProgramData\Microsoft\Windows\Start Menu\Programs\EAGLE Layout Editor 5.8.0\Manual.lnk
F 0 0 C:\ProgramData\Microsoft\Windows\Start Menu\Programs\EAGLE Layout Editor 5.8.0\Tutorial.lnk
F 0 0 C:\ProgramData\Microsoft\Windows\Start Menu\Programs\EAGLE Layout Editor 5.8.0\Update Documentation.lnk
F 0 0 C:\ProgramData\Microsoft\Windows\Start Menu\Programs\EAGLE Layout Editor 5.8.0\Readme.lnk
