
12/24/2010 05:22:27 AM SetSynchronousContext: Object reference not set to an instance of an object.
   at Vixen.IExecutionImpl.SetSynchronousContext(Int32 contextHandle, IExecutable executableObject)

12/24/2010 05:33:28 AM SetSynchronousContext: Object reference not set to an instance of an object.
   at Vixen.IExecutionImpl.SetSynchronousContext(Int32 contextHandle, IExecutable executableObject)

12/24/2010 05:34:06 AM SetSynchronousContext: Object reference not set to an instance of an object.
   at Vixen.IExecutionImpl.SetSynchronousContext(Int32 contextHandle, IExecutable executableObject)

12/24/2010 05:35:23 AM SetSynchronousContext: Object reference not set to an instance of an object.
   at Vixen.IExecutionImpl.SetSynchronousContext(Int32 contextHandle, IExecutable executableObject)

12/24/2010 05:35:33 AM SetSynchronousContext: Object reference not set to an instance of an object.
   at Vixen.IExecutionImpl.SetSynchronousContext(Int32 contextHandle, IExecutable executableObject)

12/24/2010 05:36:17 AM ExecutePlay: Exception of type 'ScriptEngine.CompileException' was thrown.
   at ScriptEngine.ScriptEngine.Initialize(EventSequence sequence)
   at Vixen.Engine8.Initialize(EventSequence sequence)
   at Vixen.Engine8.Initialize(IExecutable obj)
   at Vixen.IExecutionImpl.ExecutePlay(Int32 contextHandle, Int32 startMillisecond, Int32 endMillisecond, Boolean logAudio)

12/24/2010 05:37:02 AM ExecutePlay: Exception of type 'ScriptEngine.CompileException' was thrown.
   at ScriptEngine.ScriptEngine.Initialize(EventSequence sequence)
   at Vixen.Engine8.Initialize(EventSequence sequence)
   at Vixen.Engine8.Initialize(IExecutable obj)
   at Vixen.IExecutionImpl.ExecutePlay(Int32 contextHandle, Int32 startMillisecond, Int32 endMillisecond, Boolean logAudio)

12/24/2010 05:37:41 AM ExecutePlay: Exception of type 'ScriptEngine.CompileException' was thrown.
   at ScriptEngine.ScriptEngine.Initialize(EventSequence sequence)
   at Vixen.Engine8.Initialize(EventSequence sequence)
   at Vixen.Engine8.Initialize(IExecutable obj)
   at Vixen.IExecutionImpl.ExecutePlay(Int32 contextHandle, Int32 startMillisecond, Int32 endMillisecond, Boolean logAudio)

12/24/2010 05:39:35 AM ExecutePlay: Exception of type 'ScriptEngine.CompileException' was thrown.
   at ScriptEngine.ScriptEngine.Initialize(EventSequence sequence)
   at Vixen.Engine8.Initialize(EventSequence sequence)
   at Vixen.Engine8.Initialize(IExecutable obj)
   at Vixen.IExecutionImpl.ExecutePlay(Int32 contextHandle, Int32 startMillisecond, Int32 endMillisecond, Boolean logAudio)

12/24/2010 05:46:41 AM ExecutePlay: Exception of type 'ScriptEngine.CompileException' was thrown.
   at ScriptEngine.ScriptEngine.Initialize(EventSequence sequence)
   at Vixen.Engine8.Initialize(EventSequence sequence)
   at Vixen.Engine8.Initialize(IExecutable obj)
   at Vixen.IExecutionImpl.ExecutePlay(Int32 contextHandle, Int32 startMillisecond, Int32 endMillisecond, Boolean logAudio)

12/24/2010 05:46:51 AM ExecutePlay: Exception of type 'ScriptEngine.CompileException' was thrown.
   at ScriptEngine.ScriptEngine.Initialize(EventSequence sequence)
   at Vixen.Engine8.Initialize(EventSequence sequence)
   at Vixen.Engine8.Initialize(IExecutable obj)
   at Vixen.IExecutionImpl.ExecutePlay(Int32 contextHandle, Int32 startMillisecond, Int32 endMillisecond, Boolean logAudio)

12/24/2010 05:48:43 AM ExecutePlay: Exception of type 'ScriptEngine.CompileException' was thrown.
   at ScriptEngine.ScriptEngine.Initialize(EventSequence sequence)
   at Vixen.Engine8.Initialize(EventSequence sequence)
   at Vixen.Engine8.Initialize(IExecutable obj)
   at Vixen.IExecutionImpl.ExecutePlay(Int32 contextHandle, Int32 startMillisecond, Int32 endMillisecond, Boolean logAudio)

12/24/2010 05:53:59 AM ExecutePlay: Exception of type 'ScriptEngine.CompileException' was thrown.
   at ScriptEngine.ScriptEngine.Initialize(EventSequence sequence)
   at Vixen.Engine8.Initialize(EventSequence sequence)
   at Vixen.Engine8.Initialize(IExecutable obj)
   at Vixen.IExecutionImpl.ExecutePlay(Int32 contextHandle, Int32 startMillisecond, Int32 endMillisecond, Boolean logAudio)

12/24/2010 05:54:41 AM ExecutePlay: Exception of type 'ScriptEngine.CompileException' was thrown.
   at ScriptEngine.ScriptEngine.Initialize(EventSequence sequence)
   at Vixen.Engine8.Initialize(EventSequence sequence)
   at Vixen.Engine8.Initialize(IExecutable obj)
   at Vixen.IExecutionImpl.ExecutePlay(Int32 contextHandle, Int32 startMillisecond, Int32 endMillisecond, Boolean logAudio)

12/26/2010 07:52:51 AM ExecutePlay: Exception of type 'ScriptEngine.CompileException' was thrown.
   at ScriptEngine.ScriptEngine.Initialize(EventSequence sequence)
   at Vixen.Engine8.Initialize(EventSequence sequence)
   at Vixen.Engine8.Initialize(IExecutable obj)
   at Vixen.IExecutionImpl.ExecutePlay(Int32 contextHandle, Int32 startMillisecond, Int32 endMillisecond, Boolean logAudio)

12/26/2010 08:01:23 AM ExecutePlay: Exception of type 'ScriptEngine.CompileException' was thrown.
   at ScriptEngine.ScriptEngine.Initialize(EventSequence sequence)
   at Vixen.Engine8.Initialize(EventSequence sequence)
   at Vixen.Engine8.Initialize(IExecutable obj)
   at Vixen.IExecutionImpl.ExecutePlay(Int32 contextHandle, Int32 startMillisecond, Int32 endMillisecond, Boolean logAudio)

12/26/2010 08:08:57 AM ExecutePlay: Exception of type 'ScriptEngine.CompileException' was thrown.
   at ScriptEngine.ScriptEngine.Initialize(EventSequence sequence)
   at Vixen.Engine8.Initialize(EventSequence sequence)
   at Vixen.Engine8.Initialize(IExecutable obj)
   at Vixen.IExecutionImpl.ExecutePlay(Int32 contextHandle, Int32 startMillisecond, Int32 endMillisecond, Boolean logAudio)

12/26/2010 08:09:13 AM ExecutePlay: Exception of type 'ScriptEngine.CompileException' was thrown.
   at ScriptEngine.ScriptEngine.Initialize(EventSequence sequence)
   at Vixen.Engine8.Initialize(EventSequence sequence)
   at Vixen.Engine8.Initialize(IExecutable obj)
   at Vixen.IExecutionImpl.ExecutePlay(Int32 contextHandle, Int32 startMillisecond, Int32 endMillisecond, Boolean logAudio)

12/26/2010 08:10:05 AM ExecutePlay: Exception of type 'ScriptEngine.CompileException' was thrown.
   at ScriptEngine.ScriptEngine.Initialize(EventSequence sequence)
   at Vixen.Engine8.Initialize(EventSequence sequence)
   at Vixen.Engine8.Initialize(IExecutable obj)
   at Vixen.IExecutionImpl.ExecutePlay(Int32 contextHandle, Int32 startMillisecond, Int32 endMillisecond, Boolean logAudio)

12/26/2010 08:11:47 AM ExecutePlay: Exception of type 'ScriptEngine.CompileException' was thrown.
   at ScriptEngine.ScriptEngine.Initialize(EventSequence sequence)
   at Vixen.Engine8.Initialize(EventSequence sequence)
   at Vixen.Engine8.Initialize(IExecutable obj)
   at Vixen.IExecutionImpl.ExecutePlay(Int32 contextHandle, Int32 startMillisecond, Int32 endMillisecond, Boolean logAudio)

12/26/2010 08:38:39 AM ExecutePlay: Exception of type 'ScriptEngine.CompileException' was thrown.
   at ScriptEngine.ScriptEngine.Initialize(EventSequence sequence)
   at Vixen.Engine8.Initialize(EventSequence sequence)
   at Vixen.Engine8.Initialize(IExecutable obj)
   at Vixen.IExecutionImpl.ExecutePlay(Int32 contextHandle, Int32 startMillisecond, Int32 endMillisecond, Boolean logAudio)

12/27/2010 07:13:20 AM ExecutePlay: Exception of type 'ScriptEngine.CompileException' was thrown.
   at ScriptEngine.ScriptEngine.Initialize(EventSequence sequence)
   at Vixen.Engine8.Initialize(EventSequence sequence)
   at Vixen.Engine8.Initialize(IExecutable obj)
   at Vixen.IExecutionImpl.ExecutePlay(Int32 contextHandle, Int32 startMillisecond, Int32 endMillisecond, Boolean logAudio)

12/27/2010 07:30:00 AM ExecutePlay: Exception of type 'ScriptEngine.CompileException' was thrown.
   at ScriptEngine.ScriptEngine.Initialize(EventSequence sequence)
   at Vixen.Engine8.Initialize(EventSequence sequence)
   at Vixen.Engine8.Initialize(IExecutable obj)
   at Vixen.IExecutionImpl.ExecutePlay(Int32 contextHandle, Int32 startMillisecond, Int32 endMillisecond, Boolean logAudio)

12/27/2010 07:34:57 AM ExecutePlay: Exception of type 'ScriptEngine.CompileException' was thrown.
   at ScriptEngine.ScriptEngine.Initialize(EventSequence sequence)
   at Vixen.Engine8.Initialize(EventSequence sequence)
   at Vixen.Engine8.Initialize(IExecutable obj)
   at Vixen.IExecutionImpl.ExecutePlay(Int32 contextHandle, Int32 startMillisecond, Int32 endMillisecond, Boolean logAudio)

12/27/2010 07:59:01 AM ExecutePlay: Exception of type 'ScriptEngine.CompileException' was thrown.
   at ScriptEngine.ScriptEngine.Initialize(EventSequence sequence)
   at Vixen.Engine8.Initialize(EventSequence sequence)
   at Vixen.Engine8.Initialize(IExecutable obj)
   at Vixen.IExecutionImpl.ExecutePlay(Int32 contextHandle, Int32 startMillisecond, Int32 endMillisecond, Boolean logAudio)

12/28/2010 08:14:00 AM ExecutePlay: Exception of type 'ScriptEngine.CompileException' was thrown.
   at ScriptEngine.ScriptEngine.Initialize(EventSequence sequence)
   at Vixen.Engine8.Initialize(EventSequence sequence)
   at Vixen.Engine8.Initialize(IExecutable obj)
   at Vixen.IExecutionImpl.ExecutePlay(Int32 contextHandle, Int32 startMillisecond, Int32 endMillisecond, Boolean logAudio)

12/28/2010 08:18:24 AM ExecutePlay: Exception of type 'ScriptEngine.CompileException' was thrown.
   at ScriptEngine.ScriptEngine.Initialize(EventSequence sequence)
   at Vixen.Engine8.Initialize(EventSequence sequence)
   at Vixen.Engine8.Initialize(IExecutable obj)
   at Vixen.IExecutionImpl.ExecutePlay(Int32 contextHandle, Int32 startMillisecond, Int32 endMillisecond, Boolean logAudio)

12/28/2010 08:25:45 AM RequestContext: Error loading profile Original Peak

12/28/2010 08:26:02 AM RequestContext: Error loading profile Original Peak

12/28/2010 10:13:47 AM RequestContext: Error loading profile Original Peak

12/28/2010 10:19:28 AM RequestContext: Error loading profile Original Peak

01/22/2011 05:51:04 PM RequestContext: Error loading profile Original Peak
