D C:\Program Files\EAGLE-5.4.0
F 1214920860 42853 C:\Program Files\EAGLE-5.4.0\bin\eagle.def
F 1231419840 8028160 C:\Program Files\EAGLE-5.4.0\bin\eagle.exe
F 1231419840 720159 C:\Program Files\EAGLE-5.4.0\bin\eagle_de.htm
F 1231419840 308459 C:\Program Files\EAGLE-5.4.0\bin\eagle_de.qm
F 1231419840 649322 C:\Program Files\EAGLE-5.4.0\bin\eagle_en.htm
F 1208786400 4198 C:\Program Files\EAGLE-5.4.0\bin\freeware.key
F 840459060 798 C:\Program Files\EAGLE-5.4.0\bin\layers.new
F 1208786400 1768 C:\Program Files\EAGLE-5.4.0\bin\platforms-lin.png
F 1208786400 1907 C:\Program Files\EAGLE-5.4.0\bin\platforms-mac.png
F 1208786400 2019 C:\Program Files\EAGLE-5.4.0\bin\platforms-win.png
F 1231419840 88118 C:\Program Files\EAGLE-5.4.0\bin\qt_de.qm
F 1166012180 583 C:\Program Files\EAGLE-5.4.0\bin\uninstall.bat
F 829572600 103152 C:\Program Files\EAGLE-5.4.0\bin\update26.exe
F 1166012180 420 C:\Program Files\EAGLE-5.4.0\cam\DESCRIPTION
F 1166012180 1487 C:\Program Files\EAGLE-5.4.0\cam\excellon.cam
F 1208786400 9991 C:\Program Files\EAGLE-5.4.0\cam\gerb274x-4layer.cam
F 1166012180 5291 C:\Program Files\EAGLE-5.4.0\cam\gerb274x.cam
F 1166012180 6827 C:\Program Files\EAGLE-5.4.0\cam\gerber.cam
F 829572600 921 C:\Program Files\EAGLE-5.4.0\cam\glaser.whl
F 1166012180 2198 C:\Program Files\EAGLE-5.4.0\cam\layout2.cam
F 1166012180 1716 C:\Program Files\EAGLE-5.4.0\cam\schematic.cam
F 1208786400 4602657 C:\Program Files\EAGLE-5.4.0\doc\elektro-tutorial.pdf
F 1208786400 1657 C:\Program Files\EAGLE-5.4.0\doc\library_de.txt
F 1208786400 1676 C:\Program Files\EAGLE-5.4.0\doc\library_en.txt
F 1166012180 2536 C:\Program Files\EAGLE-5.4.0\doc\license_de.txt
F 1166012180 3971 C:\Program Files\EAGLE-5.4.0\doc\license_en.txt
F 1231419840 4496172 C:\Program Files\EAGLE-5.4.0\doc\manual_de.pdf
F 1231419840 4323480 C:\Program Files\EAGLE-5.4.0\doc\manual_en.pdf
F 1225116180 4743 C:\Program Files\EAGLE-5.4.0\doc\README_de.txt
F 1225116180 4623 C:\Program Files\EAGLE-5.4.0\doc\README_en.txt
F 1231419840 901470 C:\Program Files\EAGLE-5.4.0\doc\tutorial_de.pdf
F 1231419840 858666 C:\Program Files\EAGLE-5.4.0\doc\tutorial_en.pdf
F 1231419840 250415 C:\Program Files\EAGLE-5.4.0\doc\UPDATE_de.txt
F 1231419840 213409 C:\Program Files\EAGLE-5.4.0\doc\UPDATE_en.txt
F 1166012180 2343 C:\Program Files\EAGLE-5.4.0\dru\default.dru
F 1166012180 656 C:\Program Files\EAGLE-5.4.0\dru\DESCRIPTION
F 1208786400 212306 C:\Program Files\EAGLE-5.4.0\lbr\19inch.lbr
F 1208786400 91784 C:\Program Files\EAGLE-5.4.0\lbr\40xx.lbr
F 1208786400 6914 C:\Program Files\EAGLE-5.4.0\lbr\41xx.lbr
F 1219068120 56020 C:\Program Files\EAGLE-5.4.0\lbr\45xx.lbr
F 1208786400 94535 C:\Program Files\EAGLE-5.4.0\lbr\74ac-logic.lbr
F 1208786400 525096 C:\Program Files\EAGLE-5.4.0\lbr\74ttl-din.lbr
F 1208786400 288038 C:\Program Files\EAGLE-5.4.0\lbr\74xx-eu.lbr
F 1208786400 27213 C:\Program Files\EAGLE-5.4.0\lbr\74xx-little-de.lbr
F 1208786400 24517 C:\Program Files\EAGLE-5.4.0\lbr\74xx-little-us.lbr
F 1208786400 295389 C:\Program Files\EAGLE-5.4.0\lbr\74xx-us.lbr
F 1208786400 18916 C:\Program Files\EAGLE-5.4.0\lbr\751xx.lbr
F 1208786400 9219 C:\Program Files\EAGLE-5.4.0\lbr\agilent-technologies.lbr
F 1208786400 21570 C:\Program Files\EAGLE-5.4.0\lbr\allegro.lbr
F 1208786400 395003 C:\Program Files\EAGLE-5.4.0\lbr\altera-cyclone-II.lbr
F 1225116180 75529 C:\Program Files\EAGLE-5.4.0\lbr\altera-cyclone-III.lbr
F 1208786400 691949 C:\Program Files\EAGLE-5.4.0\lbr\altera.lbr
F 1208786400 80527 C:\Program Files\EAGLE-5.4.0\lbr\am29-memory.lbr
F 1208786400 189531 C:\Program Files\EAGLE-5.4.0\lbr\amd-mach.lbr
F 1208786400 7718 C:\Program Files\EAGLE-5.4.0\lbr\amd.lbr
F 1208786400 4384 C:\Program Files\EAGLE-5.4.0\lbr\amis.lbr
F 1231419840 399270 C:\Program Files\EAGLE-5.4.0\lbr\analog-devices.lbr
F 1208786400 8256 C:\Program Files\EAGLE-5.4.0\lbr\ase.lbr
F 1231419840 284841 C:\Program Files\EAGLE-5.4.0\lbr\atmel.lbr
F 1225116180 5516 C:\Program Files\EAGLE-5.4.0\lbr\austriamicrosystems.lbr
F 1208786400 8404 C:\Program Files\EAGLE-5.4.0\lbr\axis.lbr
F 1225116180 56019 C:\Program Files\EAGLE-5.4.0\lbr\battery.lbr
F 1231419840 264108 C:\Program Files\EAGLE-5.4.0\lbr\burr-brown.lbr
F 1208786400 25748 C:\Program Files\EAGLE-5.4.0\lbr\busbar.lbr
F 1231419840 29112 C:\Program Files\EAGLE-5.4.0\lbr\buzzer.lbr
F 1208786400 8185 C:\Program Files\EAGLE-5.4.0\lbr\c-trimm.lbr
F 1208786400 3209 C:\Program Files\EAGLE-5.4.0\lbr\california-micro-devices.lbr
F 1208786400 29098 C:\Program Files\EAGLE-5.4.0\lbr\capacitor-wima.lbr
F 1231419840 110029 C:\Program Files\EAGLE-5.4.0\lbr\ChangeLog.txt
F 1208786400 19109 C:\Program Files\EAGLE-5.4.0\lbr\chipcard-siemens.lbr
F 1208786400 5479 C:\Program Files\EAGLE-5.4.0\lbr\cirrus-logic.lbr
F 1208786400 438338 C:\Program Files\EAGLE-5.4.0\lbr\con-3m.lbr
F 1208786400 104904 C:\Program Files\EAGLE-5.4.0\lbr\con-amp-champ.lbr
F 1208786400 18616 C:\Program Files\EAGLE-5.4.0\lbr\con-amp-micromatch.lbr
F 1208786400 146058 C:\Program Files\EAGLE-5.4.0\lbr\con-amp-mt.lbr
F 1208786400 35385 C:\Program Files\EAGLE-5.4.0\lbr\con-amp-mt6.lbr
F 1208786400 222985 C:\Program Files\EAGLE-5.4.0\lbr\con-amp-quick.lbr
F 1225116180 1204826 C:\Program Files\EAGLE-5.4.0\lbr\con-amp.lbr
F 1208786400 17990 C:\Program Files\EAGLE-5.4.0\lbr\con-amphenol.lbr
F 1231419840 22538 C:\Program Files\EAGLE-5.4.0\lbr\con-avx.lbr
F 1208786400 9752 C:\Program Files\EAGLE-5.4.0\lbr\con-berg.lbr
F 1208786400 15411 C:\Program Files\EAGLE-5.4.0\lbr\con-bosch.lbr
F 1208786400 10028 C:\Program Files\EAGLE-5.4.0\lbr\con-chipcard-iso7816.lbr
F 1208786400 27014 C:\Program Files\EAGLE-5.4.0\lbr\con-coax.lbr
F 1208786400 96775 C:\Program Files\EAGLE-5.4.0\lbr\con-commcon.lbr
F 1208786400 13355 C:\Program Files\EAGLE-5.4.0\lbr\con-conrad.lbr
F 1208786400 394064 C:\Program Files\EAGLE-5.4.0\lbr\con-cpci.lbr
F 1214920860 3881 C:\Program Files\EAGLE-5.4.0\lbr\con-cui.lbr
F 1208786400 70219 C:\Program Files\EAGLE-5.4.0\lbr\con-cypressindustries.lbr
F 1219068120 94288 C:\Program Files\EAGLE-5.4.0\lbr\con-deutsch.lbr
F 1214920860 76438 C:\Program Files\EAGLE-5.4.0\lbr\con-dil.lbr
F 1208786400 2864 C:\Program Files\EAGLE-5.4.0\lbr\con-elco.lbr
F 1208786400 77282 C:\Program Files\EAGLE-5.4.0\lbr\con-erni.lbr
F 1208786400 6138 C:\Program Files\EAGLE-5.4.0\lbr\con-faston.lbr
F 1208786400 21710 C:\Program Files\EAGLE-5.4.0\lbr\con-fci.lbr
F 1208786400 2966 C:\Program Files\EAGLE-5.4.0\lbr\con-friwo.lbr
F 1208786400 63932 C:\Program Files\EAGLE-5.4.0\lbr\con-harting-h.lbr
F 1208786400 136716 C:\Program Files\EAGLE-5.4.0\lbr\con-harting-ml.lbr
F 1208786400 83922 C:\Program Files\EAGLE-5.4.0\lbr\con-harting-v.lbr
F 1208786400 85951 C:\Program Files\EAGLE-5.4.0\lbr\con-harting.lbr
F 1225116180 106022 C:\Program Files\EAGLE-5.4.0\lbr\con-hirose.lbr
F 1208786400 64314 C:\Program Files\EAGLE-5.4.0\lbr\con-hirschmann.lbr
F 1208786400 8292 C:\Program Files\EAGLE-5.4.0\lbr\con-jack.lbr
F 1208786400 22723 C:\Program Files\EAGLE-5.4.0\lbr\con-jae.lbr
F 1225116180 31273 C:\Program Files\EAGLE-5.4.0\lbr\con-jst.lbr
F 1214920860 5037 C:\Program Files\EAGLE-5.4.0\lbr\con-kycon.lbr
F 1208786400 54705 C:\Program Files\EAGLE-5.4.0\lbr\con-lemo.lbr
F 1208786400 848795 C:\Program Files\EAGLE-5.4.0\lbr\con-leotronics.lbr
F 1208786400 177777 C:\Program Files\EAGLE-5.4.0\lbr\con-lsta.lbr
F 1208786400 138485 C:\Program Files\EAGLE-5.4.0\lbr\con-lstb.lbr
F 1219068120 124942 C:\Program Files\EAGLE-5.4.0\lbr\con-lumberg.lbr
F 1208786400 136099 C:\Program Files\EAGLE-5.4.0\lbr\con-ml.lbr
F 1225116180 1065088 C:\Program Files\EAGLE-5.4.0\lbr\con-molex.lbr
F 1231419840 174749 C:\Program Files\EAGLE-5.4.0\lbr\con-neutrik_ag.lbr
F 1208786400 264988 C:\Program Files\EAGLE-5.4.0\lbr\con-omron.lbr
F 1208786400 6653 C:\Program Files\EAGLE-5.4.0\lbr\con-panasonic.lbr
F 1208786400 41692 C:\Program Files\EAGLE-5.4.0\lbr\con-panduit.lbr
F 1208786400 208661 C:\Program Files\EAGLE-5.4.0\lbr\con-pc.lbr
F 1208786400 33191 C:\Program Files\EAGLE-5.4.0\lbr\con-pc104.lbr
F 1208786400 12627 C:\Program Files\EAGLE-5.4.0\lbr\con-phoenix-254.lbr
F 1219068120 58178 C:\Program Files\EAGLE-5.4.0\lbr\con-phoenix-3.81.lbr
F 1225116180 20167 C:\Program Files\EAGLE-5.4.0\lbr\con-phoenix-350.lbr
F 1208786400 25103 C:\Program Files\EAGLE-5.4.0\lbr\con-phoenix-500.lbr
F 1219068120 385359 C:\Program Files\EAGLE-5.4.0\lbr\con-phoenix-508.lbr
F 1208786400 5305 C:\Program Files\EAGLE-5.4.0\lbr\con-phoenix-me_max.lbr
F 1208786400 19622 C:\Program Files\EAGLE-5.4.0\lbr\con-phoenix-mkds_5.lbr
F 1208786400 132265 C:\Program Files\EAGLE-5.4.0\lbr\con-phoenix-smkdsp.lbr
F 1208786400 176070 C:\Program Files\EAGLE-5.4.0\lbr\con-ptr500.lbr
F 1208786400 96560 C:\Program Files\EAGLE-5.4.0\lbr\con-rib.lbr
F 1208786400 19643 C:\Program Files\EAGLE-5.4.0\lbr\con-samtec.lbr
F 1208786400 3339 C:\Program Files\EAGLE-5.4.0\lbr\con-shiua-chyuan.lbr
F 1231419840 4733 C:\Program Files\EAGLE-5.4.0\lbr\con-stewart.lbr
F 1231419840 39198 C:\Program Files\EAGLE-5.4.0\lbr\con-stocko.lbr
F 1208786400 358360 C:\Program Files\EAGLE-5.4.0\lbr\con-subd.lbr
F 1225116180 101529 C:\Program Files\EAGLE-5.4.0\lbr\con-sullinselectronics.lbr
F 1208786400 193948 C:\Program Files\EAGLE-5.4.0\lbr\con-thomas-betts.lbr
F 1231419840 60474 C:\Program Files\EAGLE-5.4.0\lbr\con-tyco.lbr
F 1219068120 3393 C:\Program Files\EAGLE-5.4.0\lbr\con-tycoelectronics.lbr
F 1208786400 689039 C:\Program Files\EAGLE-5.4.0\lbr\con-vg.lbr
F 1208786400 20392 C:\Program Files\EAGLE-5.4.0\lbr\con-wago-500.lbr
F 1208786400 30157 C:\Program Files\EAGLE-5.4.0\lbr\con-wago-508.lbr
F 1208786400 1134815 C:\Program Files\EAGLE-5.4.0\lbr\con-wago.lbr
F 1208786400 733598 C:\Program Files\EAGLE-5.4.0\lbr\con-wago255.lbr
F 1208786400 343295 C:\Program Files\EAGLE-5.4.0\lbr\con-weidmueller-sl35.lbr
F 1208786400 83378 C:\Program Files\EAGLE-5.4.0\lbr\con-yamaichi.lbr
F 1231419840 40969 C:\Program Files\EAGLE-5.4.0\lbr\crystal.lbr
F 1208786400 9973 C:\Program Files\EAGLE-5.4.0\lbr\csr.lbr
F 1208786400 105668 C:\Program Files\EAGLE-5.4.0\lbr\cypress.lbr
F 1208786400 12883 C:\Program Files\EAGLE-5.4.0\lbr\dc-dc-converter.lbr
F 1166012180 1615 C:\Program Files\EAGLE-5.4.0\lbr\DESCRIPTION
F 1208786400 2300 C:\Program Files\EAGLE-5.4.0\lbr\dimensions.lbr
F 1231419840 181268 C:\Program Files\EAGLE-5.4.0\lbr\diode.lbr
F 1208786400 4610 C:\Program Files\EAGLE-5.4.0\lbr\discrete.lbr
F 1208786400 108744 C:\Program Files\EAGLE-5.4.0\lbr\display-hp.lbr
F 1219068120 19353 C:\Program Files\EAGLE-5.4.0\lbr\display-kingbright.lbr
F 1231419840 332453 C:\Program Files\EAGLE-5.4.0\lbr\display-lcd.lbr
F 1219068120 8543 C:\Program Files\EAGLE-5.4.0\lbr\docu-dummy.lbr
F 1208786400 40741 C:\Program Files\EAGLE-5.4.0\lbr\ecl.lbr
F 1208786400 147 C:\Program Files\EAGLE-5.4.0\lbr\elektro\DESCRIPTION
F 1214920860 8643 C:\Program Files\EAGLE-5.4.0\lbr\elektro\e-elektro-zeichnungsrahmen.lbr
F 1208786400 10842 C:\Program Files\EAGLE-5.4.0\lbr\elektro\e-elektromechanische-antriebe.lbr
F 1208786400 23147 C:\Program Files\EAGLE-5.4.0\lbr\elektro\e-halbleiter.lbr
F 1214920860 224984 C:\Program Files\EAGLE-5.4.0\lbr\elektro\e-klemmen.lbr
F 1208786400 8401 C:\Program Files\EAGLE-5.4.0\lbr\elektro\e-kondensatoren.lbr
F 1208786400 6052 C:\Program Files\EAGLE-5.4.0\lbr\elektro\e-lampen-signalisation.lbr
F 1208786400 3849 C:\Program Files\EAGLE-5.4.0\lbr\elektro\e-messfuehler.lbr
F 1208786400 10861 C:\Program Files\EAGLE-5.4.0\lbr\elektro\e-messinstrumente.lbr
F 1208786400 5480 C:\Program Files\EAGLE-5.4.0\lbr\elektro\e-motoren.lbr
F 1208786400 23183 C:\Program Files\EAGLE-5.4.0\lbr\elektro\e-motorschutzschalter.lbr
F 1208786400 51230 C:\Program Files\EAGLE-5.4.0\lbr\elektro\e-schalter.lbr
F 1208786400 29667 C:\Program Files\EAGLE-5.4.0\lbr\elektro\e-schuetze-relais.lbr
F 1208786400 12603 C:\Program Files\EAGLE-5.4.0\lbr\elektro\e-sicherungen.lbr
F 1208786400 25817 C:\Program Files\EAGLE-5.4.0\lbr\elektro\e-sps.lbr
F 1208786400 10956 C:\Program Files\EAGLE-5.4.0\lbr\elektro\e-spulen-transformatoren.lbr
F 1208786400 7014 C:\Program Files\EAGLE-5.4.0\lbr\elektro\e-steckverbinder.lbr
F 1208786400 5891 C:\Program Files\EAGLE-5.4.0\lbr\elektro\e-stromversorgungselemente.lbr
F 1208786400 60648 C:\Program Files\EAGLE-5.4.0\lbr\elektro\e-symbole.lbr
F 1231419840 104032 C:\Program Files\EAGLE-5.4.0\lbr\etx-board.lbr
F 1208786400 160094 C:\Program Files\EAGLE-5.4.0\lbr\exar.lbr
F 1225116180 12554 C:\Program Files\EAGLE-5.4.0\lbr\fairchild-semic.lbr
F 1208786400 5020 C:\Program Files\EAGLE-5.4.0\lbr\farnell.lbr
F 1208786400 22538 C:\Program Files\EAGLE-5.4.0\lbr\fiber-optic-hp.lbr
F 1208786400 13344 C:\Program Files\EAGLE-5.4.0\lbr\fiber-optic-siemens.lbr
F 1208786400 32022 C:\Program Files\EAGLE-5.4.0\lbr\fifo.lbr
F 1208786400 29646 C:\Program Files\EAGLE-5.4.0\lbr\flexipanel.lbr
F 1208786400 3334 C:\Program Files\EAGLE-5.4.0\lbr\fox-electronics.lbr
F 1208786400 27612 C:\Program Files\EAGLE-5.4.0\lbr\frames.lbr
F 1214920860 73643 C:\Program Files\EAGLE-5.4.0\lbr\freescale.lbr
F 1208786400 16389 C:\Program Files\EAGLE-5.4.0\lbr\ftdichip.lbr
F 1208786400 34526 C:\Program Files\EAGLE-5.4.0\lbr\fuse.lbr
F 1208786400 4909 C:\Program Files\EAGLE-5.4.0\lbr\ground-junctions.lbr
F 1208786400 56459 C:\Program Files\EAGLE-5.4.0\lbr\heatsink.lbr
F 1208786400 19499 C:\Program Files\EAGLE-5.4.0\lbr\holes.lbr
F 1208786400 151826 C:\Program Files\EAGLE-5.4.0\lbr\ic-package.lbr
F 1208786400 2798 C:\Program Files\EAGLE-5.4.0\lbr\inductor-coilcraft.lbr
F 1225116180 121008 C:\Program Files\EAGLE-5.4.0\lbr\inductor-neosid.lbr
F 1208786400 55530 C:\Program Files\EAGLE-5.4.0\lbr\inductor-nkl.lbr
F 1225116180 95801 C:\Program Files\EAGLE-5.4.0\lbr\inductors.lbr
F 1208786400 91557 C:\Program Files\EAGLE-5.4.0\lbr\infineon-tricore.lbr
F 1214920860 33446 C:\Program Files\EAGLE-5.4.0\lbr\infineon.lbr
F 1208786400 5174 C:\Program Files\EAGLE-5.4.0\lbr\intersil.lbr
F 1208786400 20728 C:\Program Files\EAGLE-5.4.0\lbr\ir.lbr
F 1208786400 8653 C:\Program Files\EAGLE-5.4.0\lbr\isd.lbr
F 1208786400 3521 C:\Program Files\EAGLE-5.4.0\lbr\jump-0r-smd.lbr
F 1208786400 53447 C:\Program Files\EAGLE-5.4.0\lbr\jumper.lbr
F 1208786400 5957 C:\Program Files\EAGLE-5.4.0\lbr\lantronix.lbr
F 1208786400 303950 C:\Program Files\EAGLE-5.4.0\lbr\lattice.lbr
F 1231419840 4865 C:\Program Files\EAGLE-5.4.0\lbr\lc-filter.lbr
F 1219068120 10451 C:\Program Files\EAGLE-5.4.0\lbr\led-7-segment.lbr
F 1208786400 6266 C:\Program Files\EAGLE-5.4.0\lbr\led-citizen-electronics.lbr
F 1208786400 17248 C:\Program Files\EAGLE-5.4.0\lbr\led-lumiled.lbr
F 1231419840 145162 C:\Program Files\EAGLE-5.4.0\lbr\led.lbr
F 1214920860 3462 C:\Program Files\EAGLE-5.4.0\lbr\lem.lbr
F 1219068120 40195 C:\Program Files\EAGLE-5.4.0\lbr\linear-technology.lbr
F 1231419840 245900 C:\Program Files\EAGLE-5.4.0\lbr\linear.lbr
F 1219068120 7734 C:\Program Files\EAGLE-5.4.0\lbr\linx.lbr
F 1208786400 4694 C:\Program Files\EAGLE-5.4.0\lbr\lprs.lbr
F 1208786400 11787 C:\Program Files\EAGLE-5.4.0\lbr\lumiled.lbr
F 1208786400 15185 C:\Program Files\EAGLE-5.4.0\lbr\marks.lbr
F 1219068120 406251 C:\Program Files\EAGLE-5.4.0\lbr\maxim.lbr
F 1208786400 15314 C:\Program Files\EAGLE-5.4.0\lbr\maxstream.lbr
F 1208786400 3203 C:\Program Files\EAGLE-5.4.0\lbr\melexis.lbr
F 1208786400 56408 C:\Program Files\EAGLE-5.4.0\lbr\memory-hitachi.lbr
F 1208786400 408360 C:\Program Files\EAGLE-5.4.0\lbr\memory-idt.lbr
F 1231419840 32869 C:\Program Files\EAGLE-5.4.0\lbr\memory-micron.lbr
F 1208786400 20054 C:\Program Files\EAGLE-5.4.0\lbr\memory-motorola-dram.lbr
F 1208786400 34821 C:\Program Files\EAGLE-5.4.0\lbr\memory-nec.lbr
F 1208786400 20233 C:\Program Files\EAGLE-5.4.0\lbr\memory-samsung.lbr
F 1208786400 81730 C:\Program Files\EAGLE-5.4.0\lbr\memory-sram.lbr
F 1208786400 75151 C:\Program Files\EAGLE-5.4.0\lbr\memory.lbr
F 1214920860 9593 C:\Program Files\EAGLE-5.4.0\lbr\micrel.lbr
F 1208786400 130000 C:\Program Files\EAGLE-5.4.0\lbr\micro-fujitsu.lbr
F 1208786400 57759 C:\Program Files\EAGLE-5.4.0\lbr\micro-harris.lbr
F 1208786400 39061 C:\Program Files\EAGLE-5.4.0\lbr\micro-hitachi.lbr
F 1208786400 15537 C:\Program Files\EAGLE-5.4.0\lbr\micro-infineon.lbr
F 1208786400 254829 C:\Program Files\EAGLE-5.4.0\lbr\micro-intel.lbr
F 1208786400 103029 C:\Program Files\EAGLE-5.4.0\lbr\micro-mc68000.lbr
F 1208786400 222571 C:\Program Files\EAGLE-5.4.0\lbr\micro-motorola.lbr
F 1208786400 206239 C:\Program Files\EAGLE-5.4.0\lbr\micro-philips.lbr
F 1208786400 8527 C:\Program Files\EAGLE-5.4.0\lbr\micro-renesas.lbr
F 1208786400 7328 C:\Program Files\EAGLE-5.4.0\lbr\micro-samsung.lbr
F 1208786400 495212 C:\Program Files\EAGLE-5.4.0\lbr\micro-siemens.lbr
F 1231419840 306832 C:\Program Files\EAGLE-5.4.0\lbr\microchip.lbr
F 1208786400 11530 C:\Program Files\EAGLE-5.4.0\lbr\micron.lbr
F 1208786400 38466 C:\Program Files\EAGLE-5.4.0\lbr\micronas.lbr
F 1208786400 10015 C:\Program Files\EAGLE-5.4.0\lbr\microphon.lbr
F 1208786400 10070 C:\Program Files\EAGLE-5.4.0\lbr\microwave.lbr
F 1208786400 3613 C:\Program Files\EAGLE-5.4.0\lbr\midori-sensor.lbr
F 1208786400 11942 C:\Program Files\EAGLE-5.4.0\lbr\minicircuits.lbr
F 1208786400 26314 C:\Program Files\EAGLE-5.4.0\lbr\motorola-sensor-driver.lbr
F 1214920860 5103 C:\Program Files\EAGLE-5.4.0\lbr\murata-filter.lbr
F 1208786400 4064 C:\Program Files\EAGLE-5.4.0\lbr\murata-sensor.lbr
F 1208786400 10182 C:\Program Files\EAGLE-5.4.0\lbr\national-instruments.lbr
F 1225116180 15671 C:\Program Files\EAGLE-5.4.0\lbr\national-semiconductor.lbr
F 1208786400 6942 C:\Program Files\EAGLE-5.4.0\lbr\nec-lqfp100-pack.lbr
F 1219068120 3166 C:\Program Files\EAGLE-5.4.0\lbr\omnivision.lbr
F 1231419840 5534 C:\Program Files\EAGLE-5.4.0\lbr\on-semiconductor.lbr
F 1208786400 73167 C:\Program Files\EAGLE-5.4.0\lbr\opto-honeywell-3000.lbr
F 1208786400 68556 C:\Program Files\EAGLE-5.4.0\lbr\opto-honeywell-4000.lbr
F 1208786400 106789 C:\Program Files\EAGLE-5.4.0\lbr\opto-honeywell.lbr
F 1208786400 8267 C:\Program Files\EAGLE-5.4.0\lbr\opto-micro-linear.lbr
F 1208786400 16431 C:\Program Files\EAGLE-5.4.0\lbr\opto-trans-siemens.lbr
F 1208786400 12462 C:\Program Files\EAGLE-5.4.0\lbr\opto-transmittter-hp.lbr
F 1208786400 8502 C:\Program Files\EAGLE-5.4.0\lbr\opto-vishay.lbr
F 1225116180 96161 C:\Program Files\EAGLE-5.4.0\lbr\optocoupler.lbr
F 1208786400 40343 C:\Program Files\EAGLE-5.4.0\lbr\pal.lbr
F 1208786400 22161 C:\Program Files\EAGLE-5.4.0\lbr\photo-elements.lbr
F 1208786400 23890 C:\Program Files\EAGLE-5.4.0\lbr\piher.lbr
F 1208786400 285125 C:\Program Files\EAGLE-5.4.0\lbr\pinhead.lbr
F 1208786400 96847 C:\Program Files\EAGLE-5.4.0\lbr\plcc-socket.lbr
F 1208786400 63180 C:\Program Files\EAGLE-5.4.0\lbr\pld-intel.lbr
F 1208786400 71155 C:\Program Files\EAGLE-5.4.0\lbr\plxtech.lbr
F 1208786400 3065 C:\Program Files\EAGLE-5.4.0\lbr\pot-vitrohm.lbr
F 1208786400 3856 C:\Program Files\EAGLE-5.4.0\lbr\pot-xicor.lbr
F 1208786400 45079 C:\Program Files\EAGLE-5.4.0\lbr\pot.lbr
F 1208786400 11106 C:\Program Files\EAGLE-5.4.0\lbr\ptc-ntc.lbr
F 1219068120 59177 C:\Program Files\EAGLE-5.4.0\lbr\quantum-research-group.lbr
F 1231419840 342219 C:\Program Files\EAGLE-5.4.0\lbr\rcl.lbr
F 1231419840 36131 C:\Program Files\EAGLE-5.4.0\lbr\rectifier.lbr
F 1231419840 3397493 C:\Program Files\EAGLE-5.4.0\lbr\ref-packages.lbr
F 1225116180 364779 C:\Program Files\EAGLE-5.4.0\lbr\relay.lbr
F 1208786400 33034 C:\Program Files\EAGLE-5.4.0\lbr\resistor-bourns.lbr
F 1231419840 41154 C:\Program Files\EAGLE-5.4.0\lbr\resistor-dil.lbr
F 1214920860 35174 C:\Program Files\EAGLE-5.4.0\lbr\resistor-net.lbr
F 1208786400 22128 C:\Program Files\EAGLE-5.4.0\lbr\resistor-power.lbr
F 1208786400 4493 C:\Program Files\EAGLE-5.4.0\lbr\resistor-ruf.lbr
F 1208786400 18058 C:\Program Files\EAGLE-5.4.0\lbr\resistor-shunt.lbr
F 1208786400 71526 C:\Program Files\EAGLE-5.4.0\lbr\resistor-sil.lbr
F 1208786400 299561 C:\Program Files\EAGLE-5.4.0\lbr\resistor.lbr
F 1208786400 16068 C:\Program Files\EAGLE-5.4.0\lbr\rf-micro-devices.lbr
F 1231419840 6847 C:\Program Files\EAGLE-5.4.0\lbr\rf-solutions.lbr
F 1208786400 12826 C:\Program Files\EAGLE-5.4.0\lbr\semicon-smd-ipc.lbr
F 1208786400 3510 C:\Program Files\EAGLE-5.4.0\lbr\sensor-heraeus.lbr
F 1208786400 15956 C:\Program Files\EAGLE-5.4.0\lbr\silabs.lbr
F 1208786400 6101 C:\Program Files\EAGLE-5.4.0\lbr\sipex.lbr
F 1231419840 1616086 C:\Program Files\EAGLE-5.4.0\lbr\smd-ipc.lbr
F 1208786400 181345 C:\Program Files\EAGLE-5.4.0\lbr\smd-special.lbr
F 1225116180 17843 C:\Program Files\EAGLE-5.4.0\lbr\solomon-systech.lbr
F 1208786400 6374 C:\Program Files\EAGLE-5.4.0\lbr\solpad.lbr
F 1208786400 4105 C:\Program Files\EAGLE-5.4.0\lbr\special-drill.lbr
F 1208786400 10898 C:\Program Files\EAGLE-5.4.0\lbr\special-pad.lbr
F 1208786400 145331 C:\Program Files\EAGLE-5.4.0\lbr\special.lbr
F 1231419840 130362 C:\Program Files\EAGLE-5.4.0\lbr\st-microelectronics.lbr
F 1219068120 4260 C:\Program Files\EAGLE-5.4.0\lbr\supertex.lbr
F 1208786400 2628 C:\Program Files\EAGLE-5.4.0\lbr\supply-dummy.lbr
F 1219068120 9698 C:\Program Files\EAGLE-5.4.0\lbr\supply1.lbr
F 1208786400 13291 C:\Program Files\EAGLE-5.4.0\lbr\supply2.lbr
F 1225116180 3342 C:\Program Files\EAGLE-5.4.0\lbr\switch-alps.lbr
F 1208786400 226922 C:\Program Files\EAGLE-5.4.0\lbr\switch-dil.lbr
F 1208786400 51375 C:\Program Files\EAGLE-5.4.0\lbr\switch-misc.lbr
F 1208786400 30302 C:\Program Files\EAGLE-5.4.0\lbr\switch-omron.lbr
F 1214920860 179117 C:\Program Files\EAGLE-5.4.0\lbr\switch.lbr
F 1208786400 2556 C:\Program Files\EAGLE-5.4.0\lbr\telcom.lbr
F 1208786400 5636 C:\Program Files\EAGLE-5.4.0\lbr\telecontrolli.lbr
F 1208786400 7540 C:\Program Files\EAGLE-5.4.0\lbr\telefunken.lbr
F 1208786400 17837 C:\Program Files\EAGLE-5.4.0\lbr\testpad.lbr
F 1231419840 382468 C:\Program Files\EAGLE-5.4.0\lbr\texas.lbr
F 1231419840 10160 C:\Program Files\EAGLE-5.4.0\lbr\toshiba.lbr
F 1208786400 11115 C:\Program Files\EAGLE-5.4.0\lbr\traco-electronic.lbr
F 1208786400 120892 C:\Program Files\EAGLE-5.4.0\lbr\trafo-siemens.lbr
F 1208786400 5883 C:\Program Files\EAGLE-5.4.0\lbr\trafo-xicon.lbr
F 1208786400 188841 C:\Program Files\EAGLE-5.4.0\lbr\trafo.lbr
F 1231419840 65692 C:\Program Files\EAGLE-5.4.0\lbr\transistor-fet.lbr
F 1208786400 74447 C:\Program Files\EAGLE-5.4.0\lbr\transistor-neu-to92.lbr
F 1208786400 57551 C:\Program Files\EAGLE-5.4.0\lbr\transistor-npn.lbr
F 1208786400 43722 C:\Program Files\EAGLE-5.4.0\lbr\transistor-pnp.lbr
F 1225116180 95792 C:\Program Files\EAGLE-5.4.0\lbr\transistor-power.lbr
F 1208786400 75086 C:\Program Files\EAGLE-5.4.0\lbr\transistor-small-signal.lbr
F 1231419840 76909 C:\Program Files\EAGLE-5.4.0\lbr\transistor.lbr
F 1219068120 31445 C:\Program Files\EAGLE-5.4.0\lbr\triac.lbr
F 1208786400 4422 C:\Program Files\EAGLE-5.4.0\lbr\tripas.lbr
F 1208786400 16119 C:\Program Files\EAGLE-5.4.0\lbr\uln-udn.lbr
F 1208786400 4414 C:\Program Files\EAGLE-5.4.0\lbr\v-reg-micrel.lbr
F 1208786400 47319 C:\Program Files\EAGLE-5.4.0\lbr\v-reg.lbr
F 1208786400 67714 C:\Program Files\EAGLE-5.4.0\lbr\varistor.lbr
F 1208786400 78518 C:\Program Files\EAGLE-5.4.0\lbr\wafer-scale-psd.lbr
F 1208786400 10189 C:\Program Files\EAGLE-5.4.0\lbr\wirepad.lbr
F 1208786400 69035 C:\Program Files\EAGLE-5.4.0\lbr\wuerth-elektronik.lbr
F 1208786400 3552 C:\Program Files\EAGLE-5.4.0\lbr\xicor.lbr
F 1231419840 2177375 C:\Program Files\EAGLE-5.4.0\lbr\xilinx-xcv.lbr
F 1208786400 56792 C:\Program Files\EAGLE-5.4.0\lbr\zetex.lbr
F 1208786400 13093 C:\Program Files\EAGLE-5.4.0\lbr\zilog.lbr
F 1166012180 683 C:\Program Files\EAGLE-5.4.0\projects\DESCRIPTION
F 1166012180 270 C:\Program Files\EAGLE-5.4.0\projects\examples\DESCRIPTION
F 1208786400 161 C:\Program Files\EAGLE-5.4.0\projects\examples\elektro\DESCRIPTION
F 1208786400 39047 C:\Program Files\EAGLE-5.4.0\projects\examples\elektro\stern-dreieck-anlauf.sch
F 1166012180 273 C:\Program Files\EAGLE-5.4.0\projects\examples\hexapod\DESCRIPTION
F 1208786400 464 C:\Program Files\EAGLE-5.4.0\projects\examples\hexapod\eagle.epf
F 1208786400 72364 C:\Program Files\EAGLE-5.4.0\projects\examples\hexapod\hexapod.brd
F 1208786400 76140 C:\Program Files\EAGLE-5.4.0\projects\examples\hexapod\hexapod.sch
F 1166012180 362 C:\Program Files\EAGLE-5.4.0\projects\examples\singlesided\DESCRIPTION
F 1208786400 3597 C:\Program Files\EAGLE-5.4.0\projects\examples\singlesided\eagle.epf
F 1208786400 16879 C:\Program Files\EAGLE-5.4.0\projects\examples\singlesided\singlesided.brd
F 1208786400 111266 C:\Program Files\EAGLE-5.4.0\projects\examples\singlesided\singlesided.sch
F 1059743460 2561 C:\Program Files\EAGLE-5.4.0\projects\examples\singlesided\singlesided_h.ctl
F 1059743460 2561 C:\Program Files\EAGLE-5.4.0\projects\examples\singlesided\singlesided_v.ctl
F 1208786400 28000 C:\Program Files\EAGLE-5.4.0\projects\examples\tutorial\bus.sch
F 1208786400 207330 C:\Program Files\EAGLE-5.4.0\projects\examples\tutorial\demo1.sch
F 1208786400 18001 C:\Program Files\EAGLE-5.4.0\projects\examples\tutorial\demo2.brd
F 1208786400 207330 C:\Program Files\EAGLE-5.4.0\projects\examples\tutorial\demo2.sch
F 1208786400 19312 C:\Program Files\EAGLE-5.4.0\projects\examples\tutorial\demo3.brd
F 1208786400 207331 C:\Program Files\EAGLE-5.4.0\projects\examples\tutorial\demo3.sch
F 1166012180 365 C:\Program Files\EAGLE-5.4.0\projects\examples\tutorial\DESCRIPTION
F 1208786400 39941 C:\Program Files\EAGLE-5.4.0\projects\examples\tutorial\hexapodu.brd
F 1059743460 2431 C:\Program Files\EAGLE-5.4.0\projects\examples\tutorial\hexapodu.ctl
F 1208786400 1417 C:\Program Files\EAGLE-5.4.0\scr\defaultcolors.scr
F 1208786400 400 C:\Program Files\EAGLE-5.4.0\scr\delete-signals.scr
F 1166012180 816 C:\Program Files\EAGLE-5.4.0\scr\DESCRIPTION
F 977486400 1097 C:\Program Files\EAGLE-5.4.0\scr\eagle.scr
F 1134389760 2276 C:\Program Files\EAGLE-5.4.0\scr\eagleassign.scr
F 1208786400 510 C:\Program Files\EAGLE-5.4.0\scr\elektro-init.scr
F 977486400 495 C:\Program Files\EAGLE-5.4.0\scr\euro.scr
F 977486400 222 C:\Program Files\EAGLE-5.4.0\scr\fill.scr
F 977486400 1168 C:\Program Files\EAGLE-5.4.0\scr\menu.scr
F 1080133880 3074 C:\Program Files\EAGLE-5.4.0\scr\mylayers.scr
F 989845380 284 C:\Program Files\EAGLE-5.4.0\scr\nofill.scr
F 1103026390 25963 C:\Program Files\EAGLE-5.4.0\ulp\bom.ulp
F 1017320950 15414 C:\Program Files\EAGLE-5.4.0\ulp\cam2dxf.ulp
F 1112102040 17439 C:\Program Files\EAGLE-5.4.0\ulp\cam2image.ulp
F 1017320950 718 C:\Program Files\EAGLE-5.4.0\ulp\cam2print-box-grey-optimize.bmp
F 1017320950 718 C:\Program Files\EAGLE-5.4.0\ulp\cam2print-box-grey-poscoord.bmp
F 1017320950 718 C:\Program Files\EAGLE-5.4.0\ulp\cam2print-box-grey-quickplot.bmp
F 1208786400 25188 C:\Program Files\EAGLE-5.4.0\ulp\cam2print.ulp
F 1059743460 5214 C:\Program Files\EAGLE-5.4.0\ulp\change-pad-in-lbr-1.bmp
F 1059743460 5266 C:\Program Files\EAGLE-5.4.0\ulp\change-pad-in-lbr-x.bmp
F 1112102040 16032 C:\Program Files\EAGLE-5.4.0\ulp\change-pad-in-lbr.ulp
F 1208786400 2881 C:\Program Files\EAGLE-5.4.0\ulp\clear-layer-in-lbr.ulp
F 1214920860 7393 C:\Program Files\EAGLE-5.4.0\ulp\cmd-change-brd-width.ulp
F 1017320950 3180 C:\Program Files\EAGLE-5.4.0\ulp\cmd-change-class.ulp
F 1208786400 10473 C:\Program Files\EAGLE-5.4.0\ulp\cmd-change-swap-layer.ulp
F 1166012180 7862 C:\Program Files\EAGLE-5.4.0\ulp\cmd-draw-group.bmp
F 1166012180 7862 C:\Program Files\EAGLE-5.4.0\ulp\cmd-draw-hole-ellipse-calcstep.bmp
F 1166012180 7862 C:\Program Files\EAGLE-5.4.0\ulp\cmd-draw-hole-ellipse-degstep.bmp
F 1166012180 7862 C:\Program Files\EAGLE-5.4.0\ulp\cmd-draw-hole-ellipse4-calcstep.bmp
F 1166012180 7862 C:\Program Files\EAGLE-5.4.0\ulp\cmd-draw-hole-ellipse4-degstep.bmp
F 1166012180 7862 C:\Program Files\EAGLE-5.4.0\ulp\cmd-draw-hole-none-calcstep.bmp
F 1166012180 7862 C:\Program Files\EAGLE-5.4.0\ulp\cmd-draw-hole-none-degstep.bmp
F 1166012180 7862 C:\Program Files\EAGLE-5.4.0\ulp\cmd-draw-hole-none.bmp
F 1166012180 7862 C:\Program Files\EAGLE-5.4.0\ulp\cmd-draw-move-circle-match-calcstep.bmp
F 1166012180 7862 C:\Program Files\EAGLE-5.4.0\ulp\cmd-draw-move-circle-match-degstep.bmp
F 1166012180 7862 C:\Program Files\EAGLE-5.4.0\ulp\cmd-draw-move-circle-no_match-calcstep.bmp
F 1166012180 7862 C:\Program Files\EAGLE-5.4.0\ulp\cmd-draw-move-circle-no_match-degstep.bmp
F 1166012180 7862 C:\Program Files\EAGLE-5.4.0\ulp\cmd-draw-move-ellipse-match-calcstep.bmp
F 1166012180 7862 C:\Program Files\EAGLE-5.4.0\ulp\cmd-draw-move-ellipse-match-degstep.bmp
F 1166012180 7862 C:\Program Files\EAGLE-5.4.0\ulp\cmd-draw-move-ellipse-no_match-calcstep.bmp
F 1166012180 7862 C:\Program Files\EAGLE-5.4.0\ulp\cmd-draw-move-ellipse-no_match-degstep.bmp
F 1166012180 7862 C:\Program Files\EAGLE-5.4.0\ulp\cmd-draw-move-ellipse4-match-calcstep.bmp
F 1166012180 7862 C:\Program Files\EAGLE-5.4.0\ulp\cmd-draw-move-ellipse4-match-degstep.bmp
F 1166012180 7862 C:\Program Files\EAGLE-5.4.0\ulp\cmd-draw-move-ellipse4-no_match-calcstep.bmp
F 1166012180 7862 C:\Program Files\EAGLE-5.4.0\ulp\cmd-draw-move-ellipse4-no_match-degstep.bmp
F 1166012180 7862 C:\Program Files\EAGLE-5.4.0\ulp\cmd-draw-move-match-ellipse-none.bmp
F 1166012180 7862 C:\Program Files\EAGLE-5.4.0\ulp\cmd-draw-move-match-none.bmp
F 1166012180 7862 C:\Program Files\EAGLE-5.4.0\ulp\cmd-draw-move-no_match-ellipse-none.bmp
F 1166012180 7862 C:\Program Files\EAGLE-5.4.0\ulp\cmd-draw-move-no_match-none.bmp
F 1166012180 7862 C:\Program Files\EAGLE-5.4.0\ulp\cmd-draw-pad-ellipse-calcstep.bmp
F 1166012180 7862 C:\Program Files\EAGLE-5.4.0\ulp\cmd-draw-pad-ellipse-degstep.bmp
F 1166012180 7862 C:\Program Files\EAGLE-5.4.0\ulp\cmd-draw-pad-ellipse4-calcstep.bmp
F 1166012180 7862 C:\Program Files\EAGLE-5.4.0\ulp\cmd-draw-pad-ellipse4-degstep.bmp
F 1166012180 7862 C:\Program Files\EAGLE-5.4.0\ulp\cmd-draw-pad-none-calcstep.bmp
F 1166012180 7862 C:\Program Files\EAGLE-5.4.0\ulp\cmd-draw-pad-none-degstep.bmp
F 1166012180 7862 C:\Program Files\EAGLE-5.4.0\ulp\cmd-draw-pad-none.bmp
F 1166012180 7862 C:\Program Files\EAGLE-5.4.0\ulp\cmd-draw-polygon-circle-calcstep.bmp
F 1166012180 7862 C:\Program Files\EAGLE-5.4.0\ulp\cmd-draw-polygon-circle-degstep.bmp
F 1166012180 7862 C:\Program Files\EAGLE-5.4.0\ulp\cmd-draw-polygon-ellipse-calcdeg.bmp
F 1166012180 7862 C:\Program Files\EAGLE-5.4.0\ulp\cmd-draw-polygon-ellipse-calcstep.bmp
F 1166012180 7862 C:\Program Files\EAGLE-5.4.0\ulp\cmd-draw-polygon-ellipse-degstep.bmp
F 1166012180 7862 C:\Program Files\EAGLE-5.4.0\ulp\cmd-draw-polygon-ellipse-none.bmp
F 1166012180 7862 C:\Program Files\EAGLE-5.4.0\ulp\cmd-draw-polygon-ellipse4-calcstep.bmp
F 1166012180 7862 C:\Program Files\EAGLE-5.4.0\ulp\cmd-draw-polygon-ellipse4-degstep.bmp
F 1166012180 7862 C:\Program Files\EAGLE-5.4.0\ulp\cmd-draw-polygon-ellipse4-none.bmp
F 1166012180 7862 C:\Program Files\EAGLE-5.4.0\ulp\cmd-draw-polygon-none-calcstep.bmp
F 1166012180 7862 C:\Program Files\EAGLE-5.4.0\ulp\cmd-draw-polygon-none.bmp
F 1166012180 7862 C:\Program Files\EAGLE-5.4.0\ulp\cmd-draw-smd-circle-match-calcstep.bmp
F 1166012180 7862 C:\Program Files\EAGLE-5.4.0\ulp\cmd-draw-smd-circle-match-degstep.bmp
F 1166012180 7862 C:\Program Files\EAGLE-5.4.0\ulp\cmd-draw-smd-circle-no_match-calcstep.bmp
F 1166012180 7862 C:\Program Files\EAGLE-5.4.0\ulp\cmd-draw-smd-cricle-no_match-degstep.bmp
F 1166012180 7862 C:\Program Files\EAGLE-5.4.0\ulp\cmd-draw-smd-ellipse-match-calcstep.bmp
F 1166012180 7862 C:\Program Files\EAGLE-5.4.0\ulp\cmd-draw-smd-ellipse-match-degstap.bmp
F 1166012180 7862 C:\Program Files\EAGLE-5.4.0\ulp\cmd-draw-smd-ellipse-no_match-calcstep.bmp
F 1166012180 7862 C:\Program Files\EAGLE-5.4.0\ulp\cmd-draw-smd-ellipse-no_match-degstep.bmp
F 1166012180 7862 C:\Program Files\EAGLE-5.4.0\ulp\cmd-draw-smd-ellipse4-match-calcstep.bmp
F 1166012180 7862 C:\Program Files\EAGLE-5.4.0\ulp\cmd-draw-smd-ellipse4-match-degstep.bmp
F 1166012180 7862 C:\Program Files\EAGLE-5.4.0\ulp\cmd-draw-smd-ellipse4-no_match-calcstep.bmp
F 1166012180 7862 C:\Program Files\EAGLE-5.4.0\ulp\cmd-draw-smd-ellipse4-no_match-degstep.bmp
F 1166012180 7862 C:\Program Files\EAGLE-5.4.0\ulp\cmd-draw-smd-match-degstep.bmp
F 1166012180 7862 C:\Program Files\EAGLE-5.4.0\ulp\cmd-draw-smd-match-none.bmp
F 1166012180 7862 C:\Program Files\EAGLE-5.4.0\ulp\cmd-draw-smd-no_match-degsetp.bmp
F 1166012180 7862 C:\Program Files\EAGLE-5.4.0\ulp\cmd-draw-smd-no_match-none.bmp
F 1166012180 7862 C:\Program Files\EAGLE-5.4.0\ulp\cmd-draw-wire-calc-ellipse.bmp
F 1166012180 7862 C:\Program Files\EAGLE-5.4.0\ulp\cmd-draw-wire-calcstep-none.bmp
F 1166012180 7862 C:\Program Files\EAGLE-5.4.0\ulp\cmd-draw-wire-circle-calcstep.bmp
F 1166012180 7862 C:\Program Files\EAGLE-5.4.0\ulp\cmd-draw-wire-circle-degstep.bmp
F 1166012180 7862 C:\Program Files\EAGLE-5.4.0\ulp\cmd-draw-wire-clac-ellipse4.bmp
F 1166012180 7862 C:\Program Files\EAGLE-5.4.0\ulp\cmd-draw-wire-degstep-none.bmp
F 1166012180 7862 C:\Program Files\EAGLE-5.4.0\ulp\cmd-draw-wire-ellipse.bmp
F 1166012180 7862 C:\Program Files\EAGLE-5.4.0\ulp\cmd-draw-wire-none.bmp
F 1166012180 7862 C:\Program Files\EAGLE-5.4.0\ulp\cmd-draw-wire-step-ellipse.bmp
F 1166012180 7862 C:\Program Files\EAGLE-5.4.0\ulp\cmd-draw-wire-step-ellipse4.bmp
F 1214920860 63733 C:\Program Files\EAGLE-5.4.0\ulp\cmd-draw.ulp
F 1166012180 10285 C:\Program Files\EAGLE-5.4.0\ulp\cmd-net-list2sch.ulp
F 1144070170 9179 C:\Program Files\EAGLE-5.4.0\ulp\cmd-netscript2sch.ulp
F 1023109760 5865 C:\Program Files\EAGLE-5.4.0\ulp\cmd-place-restrict-name-value.ulp
F 1166012180 1010 C:\Program Files\EAGLE-5.4.0\ulp\cmd-rename-in-lbr.ulp
F 1059743460 26727 C:\Program Files\EAGLE-5.4.0\ulp\cmd-renumber.ulp
F 1017320950 2532 C:\Program Files\EAGLE-5.4.0\ulp\cmd-showzoom.ulp
F 1017320950 6160 C:\Program Files\EAGLE-5.4.0\ulp\cmd-snap-board.ulp
F 1023109760 4460 C:\Program Files\EAGLE-5.4.0\ulp\cmd-snappads.ulp
F 1059743460 8338 C:\Program Files\EAGLE-5.4.0\ulp\copy-silk-screen.ulp
F 1144070170 2955 C:\Program Files\EAGLE-5.4.0\ulp\copy-text-as-wire.ulp
F 1214920860 9784 C:\Program Files\EAGLE-5.4.0\ulp\copy-wire-to-any-layer.ulp
F 1017320950 1404 C:\Program Files\EAGLE-5.4.0\ulp\count.ulp
F 1017320950 1017 C:\Program Files\EAGLE-5.4.0\ulp\del-devices.ulp
F 1017320950 1134 C:\Program Files\EAGLE-5.4.0\ulp\del-empty-devices.ulp
F 1017320950 2430 C:\Program Files\EAGLE-5.4.0\ulp\del-pack-sym.ulp
F 1166012180 904 C:\Program Files\EAGLE-5.4.0\ulp\DESCRIPTION
F 1112102040 14890 C:\Program Files\EAGLE-5.4.0\ulp\dif40.ulp
F 1017320950 4706 C:\Program Files\EAGLE-5.4.0\ulp\dose-pro.ulp
F 1225116180 2397 C:\Program Files\EAGLE-5.4.0\ulp\drill-aid.ulp
F 1091625180 9251 C:\Program Files\EAGLE-5.4.0\ulp\drill-legend.ulp
F 1017320950 3170 C:\Program Files\EAGLE-5.4.0\ulp\drillcfg.ulp
F 1225116180 43776 C:\Program Files\EAGLE-5.4.0\ulp\drillegend.ulp
F 1208786400 49793 C:\Program Files\EAGLE-5.4.0\ulp\dxf.ulp
F 1231419840 38021 C:\Program Files\EAGLE-5.4.0\ulp\e-attributverwaltung.ulp
F 1208786400 14625 C:\Program Files\EAGLE-5.4.0\ulp\e-bauteil-erstellen.ulp
F 1214920860 33999 C:\Program Files\EAGLE-5.4.0\ulp\e-brueckenverwaltung.ulp
F 1214920860 40375 C:\Program Files\EAGLE-5.4.0\ulp\e-klemmenplan.ulp
F 1214920860 10545 C:\Program Files\EAGLE-5.4.0\ulp\e-makelist.ulp
F 1208786400 2996 C:\Program Files\EAGLE-5.4.0\ulp\e-packages-aus-devices-pin-ist-padname.ulp
F 1017320950 12102 C:\Program Files\EAGLE-5.4.0\ulp\eagle.bmp
F 1166012180 7476 C:\Program Files\EAGLE-5.4.0\ulp\edit-used-dev-pac-sym.ulp
F 1017320950 1516 C:\Program Files\EAGLE-5.4.0\ulp\editnext-dev-sym-pac.ulp
F 1080133880 830 C:\Program Files\EAGLE-5.4.0\ulp\editnext-lbr.ulp
F 1017320950 486 C:\Program Files\EAGLE-5.4.0\ulp\editnext-sheet.ulp
F 1017320950 1505 C:\Program Files\EAGLE-5.4.0\ulp\editprev-dev-sym-pac.ulp
F 1080133880 854 C:\Program Files\EAGLE-5.4.0\ulp\editprev-lbr.ulp
F 1017320950 412 C:\Program Files\EAGLE-5.4.0\ulp\editprev-sheet.ulp
F 1017320950 468 C:\Program Files\EAGLE-5.4.0\ulp\ex-argv-path.ulp
F 1144070170 18696 C:\Program Files\EAGLE-5.4.0\ulp\ex-dialogs.ulp
F 1017320950 718 C:\Program Files\EAGLE-5.4.0\ulp\ex-dlglist.ulp
F 1017320950 757 C:\Program Files\EAGLE-5.4.0\ulp\ex-file-copy.ulp
F 1017320950 622 C:\Program Files\EAGLE-5.4.0\ulp\ex-include.ulp
F 1017320950 1781 C:\Program Files\EAGLE-5.4.0\ulp\ex-input-file.ulp
F 1112102040 2296 C:\Program Files\EAGLE-5.4.0\ulp\ex-loop-lbrs.ulp
F 1017320950 867 C:\Program Files\EAGLE-5.4.0\ulp\ex-run-script.ulp
F 1017320950 2591 C:\Program Files\EAGLE-5.4.0\ulp\exp-descr-html.ulp
F 1017320950 2995 C:\Program Files\EAGLE-5.4.0\ulp\exp-descr-script.ulp
F 1225116180 30451 C:\Program Files\EAGLE-5.4.0\ulp\exp-project-lbr.ulp
F 1214920860 10795 C:\Program Files\EAGLE-5.4.0\ulp\exp2image.ulp
F 1225116180 2257 C:\Program Files\EAGLE-5.4.0\ulp\export-class.ulp
F 1208786400 44484 C:\Program Files\EAGLE-5.4.0\ulp\fabmaster.ulp
F 1080133880 3368 C:\Program Files\EAGLE-5.4.0\ulp\fill-via4vacuum.ulp
F 1208786400 16179 C:\Program Files\EAGLE-5.4.0\ulp\find-single-ended-wire.ulp
F 1214920860 43072 C:\Program Files\EAGLE-5.4.0\ulp\find.ulp
F 1017320950 4092 C:\Program Files\EAGLE-5.4.0\ulp\gluemark.ulp
F 1017320950 1300 C:\Program Files\EAGLE-5.4.0\ulp\glueout.ulp
F 1144070170 73239 C:\Program Files\EAGLE-5.4.0\ulp\hyperlynx.ulp
F 1017320950 1206 C:\Program Files\EAGLE-5.4.0\ulp\import-bmp-c16.bmp
F 1017320950 198 C:\Program Files\EAGLE-5.4.0\ulp\import-bmp-c2.bmp
F 1017320950 5430 C:\Program Files\EAGLE-5.4.0\ulp\import-bmp-c256-0.bmp
F 1017320950 5430 C:\Program Files\EAGLE-5.4.0\ulp\import-bmp-c256-1.bmp
F 1017320950 5430 C:\Program Files\EAGLE-5.4.0\ulp\import-bmp-c256-2.bmp
F 1017320950 5430 C:\Program Files\EAGLE-5.4.0\ulp\import-bmp-c256-3.bmp
F 1017320950 5430 C:\Program Files\EAGLE-5.4.0\ulp\import-bmp-c256-4.bmp
F 1017320950 5430 C:\Program Files\EAGLE-5.4.0\ulp\import-bmp-c256-5.bmp
F 1017320950 5430 C:\Program Files\EAGLE-5.4.0\ulp\import-bmp-c256-6.bmp
F 1017320950 5430 C:\Program Files\EAGLE-5.4.0\ulp\import-bmp-c256-7.bmp
F 1017320950 82254 C:\Program Files\EAGLE-5.4.0\ulp\import-bmp-c256.bmp
F 1017320950 9118 C:\Program Files\EAGLE-5.4.0\ulp\import-bmp-dpi.bmp
F 1017320950 9118 C:\Program Files\EAGLE-5.4.0\ulp\import-bmp-ratio.bmp
F 1017320950 9118 C:\Program Files\EAGLE-5.4.0\ulp\import-bmp-scale.bmp
F 1208786400 28233 C:\Program Files\EAGLE-5.4.0\ulp\import-bmp.ulp
F 1017320950 58450 C:\Program Files\EAGLE-5.4.0\ulp\import-ultiboard-ddf.ulp
F 1059743460 5577 C:\Program Files\EAGLE-5.4.0\ulp\length-freq-ri.ulp
F 1225116180 7101 C:\Program Files\EAGLE-5.4.0\ulp\length.ulp
F 1231419840 117013 C:\Program Files\EAGLE-5.4.0\ulp\make-symbol-device-package-bsdl.ulp
F 1166012180 18672 C:\Program Files\EAGLE-5.4.0\ulp\make-value-consistent.ulp
F 1166012180 28278 C:\Program Files\EAGLE-5.4.0\ulp\make_bga_package.bmp
F 1134389760 3318 C:\Program Files\EAGLE-5.4.0\ulp\make_package_dual.bmp
F 1134389760 12918 C:\Program Files\EAGLE-5.4.0\ulp\make_package_meass_pacinfo.bmp
F 1134389760 12918 C:\Program Files\EAGLE-5.4.0\ulp\make_package_meass_pacinfo2.bmp
F 1134389760 20278 C:\Program Files\EAGLE-5.4.0\ulp\make_package_meass_padinfo-oct.bmp
F 1134389760 20278 C:\Program Files\EAGLE-5.4.0\ulp\make_package_meass_padinfo-round.bmp
F 1134389760 20278 C:\Program Files\EAGLE-5.4.0\ulp\make_package_meass_padinfo-sqr.bmp
F 1134389760 20278 C:\Program Files\EAGLE-5.4.0\ulp\make_package_meass_padinfo.bmp
F 1134389760 20278 C:\Program Files\EAGLE-5.4.0\ulp\make_package_meass_smdinfo.bmp
F 1134389760 3318 C:\Program Files\EAGLE-5.4.0\ulp\make_package_quad_left.bmp
F 1134389760 3318 C:\Program Files\EAGLE-5.4.0\ulp\make_package_quad_middle.bmp
F 1103026390 3118 C:\Program Files\EAGLE-5.4.0\ulp\make_symbol_dual1.bmp
F 1103026390 3118 C:\Program Files\EAGLE-5.4.0\ulp\make_symbol_dual2.bmp
F 1103026390 3118 C:\Program Files\EAGLE-5.4.0\ulp\make_symbol_quad.bmp
F 1103026390 3118 C:\Program Files\EAGLE-5.4.0\ulp\make_symbol_single.bmp
F 1166012180 3118 C:\Program Files\EAGLE-5.4.0\ulp\make_symbol_stripe.bmp
F 1134389760 42118 C:\Program Files\EAGLE-5.4.0\ulp\microstrip-radial-stub.bmp
F 1134389760 10461 C:\Program Files\EAGLE-5.4.0\ulp\microstrip-radial-stub.ulp
F 1059743460 16078 C:\Program Files\EAGLE-5.4.0\ulp\mill-outlines-bott.bmp
F 1059743460 16078 C:\Program Files\EAGLE-5.4.0\ulp\mill-outlines-cnc.bmp
F 1017320950 16278 C:\Program Files\EAGLE-5.4.0\ulp\mill-outlines-coppdim.bmp
F 1059743460 2806 C:\Program Files\EAGLE-5.4.0\ulp\mill-outlines-drc-info.bmp
F 1017320950 16078 C:\Program Files\EAGLE-5.4.0\ulp\mill-outlines-drill.bmp
F 1017320950 16078 C:\Program Files\EAGLE-5.4.0\ulp\mill-outlines-eagle.bmp
F 1017320950 16078 C:\Program Files\EAGLE-5.4.0\ulp\mill-outlines-free.bmp
F 1017320950 16078 C:\Program Files\EAGLE-5.4.0\ulp\mill-outlines-hole.bmp
F 1059743460 16078 C:\Program Files\EAGLE-5.4.0\ulp\mill-outlines-hpgl.bmp
F 1059743460 16078 C:\Program Files\EAGLE-5.4.0\ulp\mill-outlines-isol-pour.bmp
F 1059743460 16278 C:\Program Files\EAGLE-5.4.0\ulp\mill-outlines-mildimension.bmp
F 1017320950 16078 C:\Program Files\EAGLE-5.4.0\ulp\mill-outlines-mirror.bmp
F 1059743460 16078 C:\Program Files\EAGLE-5.4.0\ulp\mill-outlines-no-blowup.bmp
F 1017320950 16078 C:\Program Files\EAGLE-5.4.0\ulp\mill-outlines-nomir.bmp
F 1059743460 16278 C:\Program Files\EAGLE-5.4.0\ulp\mill-outlines-null_reference.bmp
F 1017320950 16078 C:\Program Files\EAGLE-5.4.0\ulp\mill-outlines-ovrlpfp.bmp
F 1017320950 16078 C:\Program Files\EAGLE-5.4.0\ulp\mill-outlines-ovrlppp.bmp
F 1017320950 16078 C:\Program Files\EAGLE-5.4.0\ulp\mill-outlines-pour.bmp
F 1059743460 16078 C:\Program Files\EAGLE-5.4.0\ulp\mill-outlines-script.bmp
F 1059743460 16078 C:\Program Files\EAGLE-5.4.0\ulp\mill-outlines-sec-isolate.bmp
F 1017320950 16078 C:\Program Files\EAGLE-5.4.0\ulp\mill-outlines-spacing.bmp
F 1059743460 16078 C:\Program Files\EAGLE-5.4.0\ulp\mill-outlines-top.bmp
F 1017320950 16078 C:\Program Files\EAGLE-5.4.0\ulp\mill-outlines-via.bmp
F 1214920860 64241 C:\Program Files\EAGLE-5.4.0\ulp\mill-outlines.ulp
F 1208786400 5042 C:\Program Files\EAGLE-5.4.0\ulp\mirror-board.ulp
F 1231419840 7914 C:\Program Files\EAGLE-5.4.0\ulp\mount-trace.ulp
F 1017320950 1463 C:\Program Files\EAGLE-5.4.0\ulp\mount.ulp
F 1017320950 2502 C:\Program Files\EAGLE-5.4.0\ulp\mountsmd.ulp
F 1017320950 958 C:\Program Files\EAGLE-5.4.0\ulp\nextdevdescript.ulp
F 1017320950 1000 C:\Program Files\EAGLE-5.4.0\ulp\nextpacdescript.ulp
F 1231419840 8728 C:\Program Files\EAGLE-5.4.0\ulp\normalize-text.ulp
F 1080133880 12627 C:\Program Files\EAGLE-5.4.0\ulp\outlines.ulp
F 1166012180 3972 C:\Program Files\EAGLE-5.4.0\ulp\panelize.ulp
F 1017320950 2868 C:\Program Files\EAGLE-5.4.0\ulp\part2html.ulp
F 1017320950 952 C:\Program Files\EAGLE-5.4.0\ulp\prevdevdescript.ulp
F 1017320950 947 C:\Program Files\EAGLE-5.4.0\ulp\prevpacdescript.ulp
F 1017320950 2031 C:\Program Files\EAGLE-5.4.0\ulp\remove-dev-sym-pac.ulp
F 1214920860 1205 C:\Program Files\EAGLE-5.4.0\ulp\rename-signal.ulp
F 1112102040 3198 C:\Program Files\EAGLE-5.4.0\ulp\renamnet-suffix.ulp
F 1091625180 10756 C:\Program Files\EAGLE-5.4.0\ulp\renumber-sch.ulp
F 1166012180 14406 C:\Program Files\EAGLE-5.4.0\ulp\renumber-sheet.ulp
F 1225116180 671 C:\Program Files\EAGLE-5.4.0\ulp\run-loop-all-devicesets-script.ulp
F 1144070170 948 C:\Program Files\EAGLE-5.4.0\ulp\run-loop-all-lbr-script.ulp
F 1144070170 1042 C:\Program Files\EAGLE-5.4.0\ulp\run-loop-all-lbr-ulp.ulp
F 1225116180 660 C:\Program Files\EAGLE-5.4.0\ulp\run-loop-all-packages-script.ulp
F 1225116180 657 C:\Program Files\EAGLE-5.4.0\ulp\run-loop-all-symbols-script.ulp
F 1225116180 4761 C:\Program Files\EAGLE-5.4.0\ulp\set-all-devices-attribute.ulp
F 1134389760 1169 C:\Program Files\EAGLE-5.4.0\ulp\set_name_value.ulp
F 1231419840 3182 C:\Program Files\EAGLE-5.4.0\ulp\showclass.ulp
F 1080133880 6706 C:\Program Files\EAGLE-5.4.0\ulp\silk.ulp
F 1017320950 1273 C:\Program Files\EAGLE-5.4.0\ulp\smash-all-sch.ulp
F 1017320950 2670 C:\Program Files\EAGLE-5.4.0\ulp\smd-coordinate.ulp
F 1059743460 10434 C:\Program Files\EAGLE-5.4.0\ulp\snap-on-grid-sch.ulp
F 1080133880 1094 C:\Program Files\EAGLE-5.4.0\ulp\snap-pin-in-symbol.ulp
F 1166012180 7341 C:\Program Files\EAGLE-5.4.0\ulp\split-device-symbol.ulp
F 1091625180 86 C:\Program Files\EAGLE-5.4.0\ulp\statistic-brd-checkmin.val
F 1166012180 80208 C:\Program Files\EAGLE-5.4.0\ulp\statistic-brd.ulp
F 1208786400 22005 C:\Program Files\EAGLE-5.4.0\ulp\statistic-lbr.ulp
F 1208786400 20680 C:\Program Files\EAGLE-5.4.0\ulp\statistic-sch.ulp
F 1017320950 198 C:\Program Files\EAGLE-5.4.0\ulp\statistic_attention_min_value.bmp
F 1208786400 2829 C:\Program Files\EAGLE-5.4.0\ulp\trace-layer.ulp
F 1059743460 356 C:\Program Files\EAGLE-5.4.0\ulp\ulpmessage.ulp
F 1119359700 35567 C:\Program Files\EAGLE-5.4.0\ulp\unidat.ulp
F 1080133880 296 C:\Program Files\EAGLE-5.4.0\ulp\update-packages.ulp
F 1017320950 1829 C:\Program Files\EAGLE-5.4.0\ulp\useful-routines.ulp
F 1017320950 1126 C:\Program Files\EAGLE-5.4.0\ulp\warning.bmp
F 0 0 C:\Program Files\EAGLE-5.4.0\bin\eagle.key
F 1231419840 8028160 C:\Program Files\EAGLE-5.4.0\bin\eaglecon.exe
R HKEY_LOCAL_MACHINE\Software\CadSoft\EAGLE\5.4.0
R HKEY_LOCAL_MACHINE\Software\Microsoft\Windows\CurrentVersion\App Paths\eagle.exe
R HKEY_CLASSES_ROOT\Applications\eagle.exe\shell\open\command
R HKEY_LOCAL_MACHINE\Software\Microsoft\Windows\CurrentVersion\Uninstall\EAGLE 5.4.0
D C:\Documents and Settings\All Users\Start Menu\Programs\EAGLE Layout Editor 5.4.0
F 0 0 C:\Documents and Settings\All Users\Start Menu\Programs\EAGLE Layout Editor 5.4.0\EAGLE 5.4.0.lnk
F 0 0 C:\Documents and Settings\All Users\Start Menu\Programs\EAGLE Layout Editor 5.4.0\Manual.lnk
F 0 0 C:\Documents and Settings\All Users\Start Menu\Programs\EAGLE Layout Editor 5.4.0\Tutorial.lnk
F 0 0 C:\Documents and Settings\All Users\Start Menu\Programs\EAGLE Layout Editor 5.4.0\Update Documentation.lnk
F 0 0 C:\Documents and Settings\All Users\Start Menu\Programs\EAGLE Layout Editor 5.4.0\Readme.lnk
