[2008-08-06 07:41:31,171] [main] [INFO] [com.rapplogic.xbee.examples.ApiAtTest] MY is apiId=0x88,length=7,checksum=0x80,error=false,frameId=0x01,status=0,value=0x50 0x00 
[2008-08-06 08:01:54,296] [main] [INFO] [com.rapplogic.xbee.examples.ApiAtTest] MY is apiId=0x88,length=7,checksum=0x80,error=false,frameId=0x01,status=0,value=0x50 0x00 
[2008-08-06 08:02:14,781] [main] [INFO] [com.rapplogic.xbee.examples.ApiAtTest] MY is apiId=0x88,length=7,checksum=0x80,error=false,frameId=0x01,status=0,value=0x50 0x00 
[2008-08-06 08:02:45,140] [main] [INFO] [com.rapplogic.xbee.examples.ApiAtTest] MY is apiId=0x88,length=7,checksum=0x80,error=false,frameId=0x01,status=0,value=0x50 0x00 
[2008-08-06 08:03:55,531] [main] [INFO] [com.rapplogic.xbee.examples.ApiAtTest] MY is apiId=0x88,length=7,checksum=0x80,error=false,frameId=0x01,status=0,value=0x50 0x00 
[2008-08-06 08:04:26,406] [main] [INFO] [com.rapplogic.xbee.examples.ApiAtTest] MY is apiId=0x88,length=7,checksum=0x80,error=false,frameId=0x01,status=0,value=0x50 0x00 
[2008-08-06 08:04:35,140] [main] [INFO] [com.rapplogic.xbee.examples.ApiAtTest] MY is apiId=0x88,length=7,checksum=0x80,error=false,frameId=0x01,status=0,value=0x50 0x00 
[2008-08-06 08:04:56,750] [main] [INFO] [com.rapplogic.xbee.examples.ApiAtTest] MY is apiId=0x88,length=7,checksum=0x80,error=false,frameId=0x01,status=0,value=0x50 0x00 
[2008-08-06 08:06:03,484] [main] [INFO] [com.rapplogic.xbee.examples.ApiAtTest] MY is apiId=0x88,length=7,checksum=0x80,error=false,frameId=0x01,status=0,value=0x50 0x00 
[2008-08-06 08:06:30,359] [main] [INFO] [com.rapplogic.xbee.examples.ApiAtTest] MY is apiId=0x88,length=7,checksum=0x80,error=false,frameId=0x01,status=0,value=0x50 0x00 
[2008-08-06 08:22:25,812] [main] [INFO] [com.rapplogic.xbee.examples.ApiAtTest] MY is apiId=0x88,length=7,checksum=0x80,error=false,frameId=0x01,status=0,value=0x50 0x00 
[2008-08-06 12:03:27,406] [main] [DEBUG] [com.rapplogic.xbee.examples.wpan.ApiSenderTest] Tx status failure with status: NO_ACK 
[2008-08-06 12:03:28,687] [main] [DEBUG] [com.rapplogic.xbee.examples.wpan.ApiSenderTest] Tx status failure with status: NO_ACK 
[2008-08-06 12:03:29,921] [main] [DEBUG] [com.rapplogic.xbee.examples.wpan.ApiSenderTest] Tx status failure with status: NO_ACK 
[2008-08-06 12:03:31,140] [main] [DEBUG] [com.rapplogic.xbee.examples.wpan.ApiSenderTest] Tx status failure with status: NO_ACK 
[2008-08-06 12:03:32,375] [main] [DEBUG] [com.rapplogic.xbee.examples.wpan.ApiSenderTest] Tx status failure with status: NO_ACK 
[2008-08-06 12:03:33,656] [main] [DEBUG] [com.rapplogic.xbee.examples.wpan.ApiSenderTest] Tx status failure with status: NO_ACK 
[2008-08-06 12:03:34,984] [main] [DEBUG] [com.rapplogic.xbee.examples.wpan.ApiSenderTest] Tx status failure with status: NO_ACK 
[2008-08-06 12:03:36,281] [main] [DEBUG] [com.rapplogic.xbee.examples.wpan.ApiSenderTest] Tx status failure with status: NO_ACK 
[2008-08-06 12:03:37,546] [main] [DEBUG] [com.rapplogic.xbee.examples.wpan.ApiSenderTest] Tx status failure with status: NO_ACK 
[2008-08-06 12:03:38,843] [main] [DEBUG] [com.rapplogic.xbee.examples.wpan.ApiSenderTest] Tx status failure with status: NO_ACK 
[2008-08-06 12:03:40,093] [main] [DEBUG] [com.rapplogic.xbee.examples.wpan.ApiSenderTest] Tx status failure with status: NO_ACK 
[2008-08-06 12:03:41,421] [main] [DEBUG] [com.rapplogic.xbee.examples.wpan.ApiSenderTest] Tx status failure with status: NO_ACK 
[2008-08-06 12:03:42,703] [main] [DEBUG] [com.rapplogic.xbee.examples.wpan.ApiSenderTest] Tx status failure with status: NO_ACK 
[2008-08-06 12:03:43,984] [main] [DEBUG] [com.rapplogic.xbee.examples.wpan.ApiSenderTest] Tx status failure with status: NO_ACK 
[2008-08-06 12:03:45,234] [main] [DEBUG] [com.rapplogic.xbee.examples.wpan.ApiSenderTest] Tx status failure with status: NO_ACK 
[2008-08-06 12:03:46,546] [main] [DEBUG] [com.rapplogic.xbee.examples.wpan.ApiSenderTest] Tx status failure with status: NO_ACK 
[2008-08-06 12:03:47,781] [main] [DEBUG] [com.rapplogic.xbee.examples.wpan.ApiSenderTest] Tx status failure with status: NO_ACK 
[2008-08-06 12:03:49,062] [main] [DEBUG] [com.rapplogic.xbee.examples.wpan.ApiSenderTest] Tx status failure with status: NO_ACK 
[2008-08-06 12:03:50,328] [main] [DEBUG] [com.rapplogic.xbee.examples.wpan.ApiSenderTest] Tx status failure with status: NO_ACK 
[2008-08-06 12:23:11,015] [main] [DEBUG] [com.rapplogic.xbee.examples.wpan.ApiSenderTest] Tx status failure with status: NO_ACK 
[2008-08-06 12:23:12,359] [main] [DEBUG] [com.rapplogic.xbee.examples.wpan.ApiSenderTest] Tx status failure with status: NO_ACK 
[2008-08-06 12:23:13,656] [main] [DEBUG] [com.rapplogic.xbee.examples.wpan.ApiSenderTest] Tx status failure with status: NO_ACK 
[2008-08-06 12:23:14,968] [main] [DEBUG] [com.rapplogic.xbee.examples.wpan.ApiSenderTest] Tx status failure with status: NO_ACK 
[2008-08-06 12:23:16,234] [main] [DEBUG] [com.rapplogic.xbee.examples.wpan.ApiSenderTest] Tx status failure with status: NO_ACK 
[2008-08-06 12:23:17,531] [main] [DEBUG] [com.rapplogic.xbee.examples.wpan.ApiSenderTest] Tx status failure with status: NO_ACK 
[2008-08-06 12:23:18,812] [main] [DEBUG] [com.rapplogic.xbee.examples.wpan.ApiSenderTest] Tx status failure with status: NO_ACK 
[2008-08-06 12:23:20,078] [main] [DEBUG] [com.rapplogic.xbee.examples.wpan.ApiSenderTest] Tx status failure with status: NO_ACK 
[2008-08-06 12:23:21,328] [main] [DEBUG] [com.rapplogic.xbee.examples.wpan.ApiSenderTest] Tx status failure with status: NO_ACK 
[2008-08-06 12:23:22,578] [main] [DEBUG] [com.rapplogic.xbee.examples.wpan.ApiSenderTest] Tx status failure with status: NO_ACK 
[2008-08-06 12:23:23,828] [main] [DEBUG] [com.rapplogic.xbee.examples.wpan.ApiSenderTest] Tx status failure with status: NO_ACK 
[2008-08-06 12:23:25,031] [main] [DEBUG] [com.rapplogic.xbee.examples.wpan.ApiSenderTest] Tx status failure with status: NO_ACK 
[2008-08-06 12:23:26,765] [main] [DEBUG] [com.rapplogic.xbee.examples.wpan.ApiSenderTest] Tx status failure with status: NO_ACK 
[2008-08-06 12:23:28,093] [main] [DEBUG] [com.rapplogic.xbee.examples.wpan.ApiSenderTest] Tx status failure with status: NO_ACK 
[2008-08-06 12:23:29,421] [main] [DEBUG] [com.rapplogic.xbee.examples.wpan.ApiSenderTest] Tx status failure with status: NO_ACK 
[2008-08-06 12:23:30,625] [main] [DEBUG] [com.rapplogic.xbee.examples.wpan.ApiSenderTest] Tx status failure with status: NO_ACK 
[2008-08-06 12:23:31,921] [main] [DEBUG] [com.rapplogic.xbee.examples.wpan.ApiSenderTest] Tx status failure with status: NO_ACK 
[2008-08-06 12:23:33,203] [main] [DEBUG] [com.rapplogic.xbee.examples.wpan.ApiSenderTest] Tx status failure with status: NO_ACK 
[2008-08-06 12:23:34,484] [main] [DEBUG] [com.rapplogic.xbee.examples.wpan.ApiSenderTest] Tx status failure with status: NO_ACK 
[2008-08-06 12:28:04,531] [main] [DEBUG] [com.rapplogic.xbee.examples.wpan.ApiSenderTest] Tx status failure with status: NO_ACK 
[2008-08-06 12:28:05,828] [main] [DEBUG] [com.rapplogic.xbee.examples.wpan.ApiSenderTest] Tx status failure with status: NO_ACK 
[2008-08-06 12:28:07,140] [main] [DEBUG] [com.rapplogic.xbee.examples.wpan.ApiSenderTest] Tx status failure with status: NO_ACK 
[2008-08-06 12:28:08,390] [main] [DEBUG] [com.rapplogic.xbee.examples.wpan.ApiSenderTest] Tx status failure with status: NO_ACK 
[2008-08-06 12:28:09,671] [main] [DEBUG] [com.rapplogic.xbee.examples.wpan.ApiSenderTest] Tx status failure with status: NO_ACK 
[2008-08-06 12:28:10,937] [main] [DEBUG] [com.rapplogic.xbee.examples.wpan.ApiSenderTest] Tx status failure with status: NO_ACK 
[2008-08-06 12:28:12,187] [main] [DEBUG] [com.rapplogic.xbee.examples.wpan.ApiSenderTest] Tx status failure with status: NO_ACK 
[2008-08-06 12:28:13,468] [main] [DEBUG] [com.rapplogic.xbee.examples.wpan.ApiSenderTest] Tx status failure with status: NO_ACK 
[2008-08-06 12:28:14,734] [main] [DEBUG] [com.rapplogic.xbee.examples.wpan.ApiSenderTest] Tx status failure with status: NO_ACK 
[2008-08-06 12:28:16,031] [main] [DEBUG] [com.rapplogic.xbee.examples.wpan.ApiSenderTest] Tx status failure with status: NO_ACK 
[2008-08-06 12:28:17,281] [main] [DEBUG] [com.rapplogic.xbee.examples.wpan.ApiSenderTest] Tx status failure with status: NO_ACK 
[2008-08-06 12:28:18,609] [main] [DEBUG] [com.rapplogic.xbee.examples.wpan.ApiSenderTest] Tx status failure with status: NO_ACK 
[2008-08-06 12:28:19,890] [main] [DEBUG] [com.rapplogic.xbee.examples.wpan.ApiSenderTest] Tx status failure with status: NO_ACK 
[2008-08-06 12:28:51,250] [main] [DEBUG] [com.rapplogic.xbee.examples.wpan.ApiSenderTest] Tx status failure with status: NO_ACK 
[2008-08-06 12:28:52,500] [main] [DEBUG] [com.rapplogic.xbee.examples.wpan.ApiSenderTest] Tx status failure with status: NO_ACK 
[2008-08-06 12:28:53,718] [main] [DEBUG] [com.rapplogic.xbee.examples.wpan.ApiSenderTest] Tx status failure with status: NO_ACK 
[2008-08-06 12:28:55,000] [main] [DEBUG] [com.rapplogic.xbee.examples.wpan.ApiSenderTest] Tx status failure with status: NO_ACK 
[2008-08-06 12:28:56,250] [main] [DEBUG] [com.rapplogic.xbee.examples.wpan.ApiSenderTest] Tx status failure with status: NO_ACK 
[2008-08-06 12:28:57,500] [main] [DEBUG] [com.rapplogic.xbee.examples.wpan.ApiSenderTest] Tx status failure with status: NO_ACK 
[2008-08-06 12:28:58,781] [main] [DEBUG] [com.rapplogic.xbee.examples.wpan.ApiSenderTest] Tx status failure with status: NO_ACK 
[2008-08-06 12:29:00,062] [main] [DEBUG] [com.rapplogic.xbee.examples.wpan.ApiSenderTest] Tx status failure with status: NO_ACK 
[2008-08-07 06:34:01,078] [main] [DEBUG] [com.rapplogic.xbee.examples.wpan.ApiSenderTest] Tx status failure with status: NO_ACK 
[2008-08-07 06:34:02,453] [main] [DEBUG] [com.rapplogic.xbee.examples.wpan.ApiSenderTest] Tx status failure with status: NO_ACK 
[2008-08-07 06:34:03,718] [main] [DEBUG] [com.rapplogic.xbee.examples.wpan.ApiSenderTest] Tx status failure with status: NO_ACK 
[2008-08-07 06:34:04,921] [main] [DEBUG] [com.rapplogic.xbee.examples.wpan.ApiSenderTest] Tx status failure with status: NO_ACK 
[2008-08-07 06:34:06,140] [main] [DEBUG] [com.rapplogic.xbee.examples.wpan.ApiSenderTest] Tx status failure with status: NO_ACK 
[2008-08-07 06:34:07,390] [main] [DEBUG] [com.rapplogic.xbee.examples.wpan.ApiSenderTest] Tx status failure with status: NO_ACK 
[2008-08-07 06:34:08,750] [main] [DEBUG] [com.rapplogic.xbee.examples.wpan.ApiSenderTest] Tx status failure with status: NO_ACK 
[2008-08-07 06:34:10,015] [main] [DEBUG] [com.rapplogic.xbee.examples.wpan.ApiSenderTest] Tx status failure with status: NO_ACK 
[2008-08-07 06:34:11,296] [main] [DEBUG] [com.rapplogic.xbee.examples.wpan.ApiSenderTest] Tx status failure with status: NO_ACK 
[2008-08-07 06:34:12,609] [main] [DEBUG] [com.rapplogic.xbee.examples.wpan.ApiSenderTest] Tx status failure with status: NO_ACK 
[2008-08-07 06:34:13,859] [main] [DEBUG] [com.rapplogic.xbee.examples.wpan.ApiSenderTest] Tx status failure with status: NO_ACK 
[2008-08-07 06:34:15,187] [main] [DEBUG] [com.rapplogic.xbee.examples.wpan.ApiSenderTest] Tx status failure with status: NO_ACK 
[2008-08-07 06:34:16,484] [main] [DEBUG] [com.rapplogic.xbee.examples.wpan.ApiSenderTest] Tx status failure with status: NO_ACK 
[2008-08-07 06:34:17,781] [main] [DEBUG] [com.rapplogic.xbee.examples.wpan.ApiSenderTest] Tx status failure with status: NO_ACK 
[2008-08-07 06:34:19,015] [main] [DEBUG] [com.rapplogic.xbee.examples.wpan.ApiSenderTest] Tx status failure with status: NO_ACK 
[2008-08-07 06:39:46,218] [main] [DEBUG] [com.rapplogic.xbee.examples.wpan.ApiSenderTest] expected tx status but received apiId=0x89,length=3,checksum=0x62,error=false,frameId=0x13,status=NO_ACK 
[2008-08-07 06:39:46,234] [main] [DEBUG] [com.rapplogic.xbee.examples.wpan.ApiSenderTest] Tx status failure with status: NO_ACK 
[2008-08-07 06:39:47,515] [main] [DEBUG] [com.rapplogic.xbee.examples.wpan.ApiSenderTest] expected tx status but received apiId=0x89,length=3,checksum=0x62,error=false,frameId=0x13,status=NO_ACK 
[2008-08-07 06:39:47,515] [main] [DEBUG] [com.rapplogic.xbee.examples.wpan.ApiSenderTest] Tx status failure with status: NO_ACK 
[2008-08-07 06:39:48,765] [main] [DEBUG] [com.rapplogic.xbee.examples.wpan.ApiSenderTest] expected tx status but received apiId=0x89,length=3,checksum=0x62,error=false,frameId=0x13,status=NO_ACK 
[2008-08-07 06:39:48,765] [main] [DEBUG] [com.rapplogic.xbee.examples.wpan.ApiSenderTest] Tx status failure with status: NO_ACK 
[2008-08-07 06:39:50,015] [main] [DEBUG] [com.rapplogic.xbee.examples.wpan.ApiSenderTest] expected tx status but received apiId=0x89,length=3,checksum=0x62,error=false,frameId=0x13,status=NO_ACK 
[2008-08-07 06:39:50,015] [main] [DEBUG] [com.rapplogic.xbee.examples.wpan.ApiSenderTest] Tx status failure with status: NO_ACK 
[2008-08-07 06:39:51,312] [main] [DEBUG] [com.rapplogic.xbee.examples.wpan.ApiSenderTest] expected tx status but received apiId=0x89,length=3,checksum=0x62,error=false,frameId=0x13,status=NO_ACK 
[2008-08-07 06:39:51,312] [main] [DEBUG] [com.rapplogic.xbee.examples.wpan.ApiSenderTest] Tx status failure with status: NO_ACK 
[2008-08-07 06:39:52,625] [main] [DEBUG] [com.rapplogic.xbee.examples.wpan.ApiSenderTest] expected tx status but received apiId=0x89,length=3,checksum=0x62,error=false,frameId=0x13,status=NO_ACK 
[2008-08-07 06:39:52,625] [main] [DEBUG] [com.rapplogic.xbee.examples.wpan.ApiSenderTest] Tx status failure with status: NO_ACK 
[2008-08-07 06:39:53,937] [main] [DEBUG] [com.rapplogic.xbee.examples.wpan.ApiSenderTest] expected tx status but received apiId=0x89,length=3,checksum=0x62,error=false,frameId=0x13,status=NO_ACK 
[2008-08-07 06:39:53,937] [main] [DEBUG] [com.rapplogic.xbee.examples.wpan.ApiSenderTest] Tx status failure with status: NO_ACK 
[2008-08-07 06:39:55,203] [main] [DEBUG] [com.rapplogic.xbee.examples.wpan.ApiSenderTest] expected tx status but received apiId=0x89,length=3,checksum=0x62,error=false,frameId=0x13,status=NO_ACK 
[2008-08-07 06:39:55,203] [main] [DEBUG] [com.rapplogic.xbee.examples.wpan.ApiSenderTest] Tx status failure with status: NO_ACK 
[2008-08-07 06:39:56,500] [main] [DEBUG] [com.rapplogic.xbee.examples.wpan.ApiSenderTest] expected tx status but received apiId=0x89,length=3,checksum=0x62,error=false,frameId=0x13,status=NO_ACK 
[2008-08-07 06:39:59,375] [main] [DEBUG] [com.rapplogic.xbee.examples.wpan.ApiSenderTest] Tx status failure with status: NO_ACK 
[2008-08-07 06:40:00,687] [main] [DEBUG] [com.rapplogic.xbee.examples.wpan.ApiSenderTest] expected tx status but received apiId=0x89,length=3,checksum=0x62,error=false,frameId=0x13,status=NO_ACK 
[2008-08-07 06:40:00,687] [main] [DEBUG] [com.rapplogic.xbee.examples.wpan.ApiSenderTest] Tx status failure with status: NO_ACK 
[2008-08-07 06:40:01,937] [main] [DEBUG] [com.rapplogic.xbee.examples.wpan.ApiSenderTest] expected tx status but received apiId=0x89,length=3,checksum=0x62,error=false,frameId=0x13,status=NO_ACK 
[2008-08-07 06:40:01,937] [main] [DEBUG] [com.rapplogic.xbee.examples.wpan.ApiSenderTest] Tx status failure with status: NO_ACK 
[2008-08-07 06:40:03,187] [main] [DEBUG] [com.rapplogic.xbee.examples.wpan.ApiSenderTest] expected tx status but received apiId=0x89,length=3,checksum=0x62,error=false,frameId=0x13,status=NO_ACK 
[2008-08-07 06:40:03,187] [main] [DEBUG] [com.rapplogic.xbee.examples.wpan.ApiSenderTest] Tx status failure with status: NO_ACK 
[2008-08-07 06:40:04,421] [main] [DEBUG] [com.rapplogic.xbee.examples.wpan.ApiSenderTest] expected tx status but received apiId=0x89,length=3,checksum=0x62,error=false,frameId=0x13,status=NO_ACK 
[2008-08-07 06:40:04,421] [main] [DEBUG] [com.rapplogic.xbee.examples.wpan.ApiSenderTest] Tx status failure with status: NO_ACK 
[2008-08-07 06:40:05,671] [main] [DEBUG] [com.rapplogic.xbee.examples.wpan.ApiSenderTest] expected tx status but received apiId=0x89,length=3,checksum=0x62,error=false,frameId=0x13,status=NO_ACK 
[2008-08-07 06:40:05,671] [main] [DEBUG] [com.rapplogic.xbee.examples.wpan.ApiSenderTest] Tx status failure with status: NO_ACK 
[2008-08-07 06:40:06,890] [main] [DEBUG] [com.rapplogic.xbee.examples.wpan.ApiSenderTest] expected tx status but received apiId=0x89,length=3,checksum=0x62,error=false,frameId=0x13,status=NO_ACK 
[2008-08-07 06:40:06,890] [main] [DEBUG] [com.rapplogic.xbee.examples.wpan.ApiSenderTest] Tx status failure with status: NO_ACK 
[2008-08-07 06:40:08,203] [main] [DEBUG] [com.rapplogic.xbee.examples.wpan.ApiSenderTest] expected tx status but received apiId=0x89,length=3,checksum=0x62,error=false,frameId=0x13,status=NO_ACK 
[2008-08-07 06:40:08,203] [main] [DEBUG] [com.rapplogic.xbee.examples.wpan.ApiSenderTest] Tx status failure with status: NO_ACK 
[2008-08-07 06:40:09,531] [main] [DEBUG] [com.rapplogic.xbee.examples.wpan.ApiSenderTest] expected tx status but received apiId=0x89,length=3,checksum=0x62,error=false,frameId=0x13,status=NO_ACK 
[2008-08-07 06:40:09,531] [main] [DEBUG] [com.rapplogic.xbee.examples.wpan.ApiSenderTest] Tx status failure with status: NO_ACK 
[2008-08-07 06:40:10,843] [main] [DEBUG] [com.rapplogic.xbee.examples.wpan.ApiSenderTest] expected tx status but received apiId=0x89,length=3,checksum=0x62,error=false,frameId=0x13,status=NO_ACK 
[2008-08-07 06:40:10,843] [main] [DEBUG] [com.rapplogic.xbee.examples.wpan.ApiSenderTest] Tx status failure with status: NO_ACK 
[2008-08-07 06:40:12,078] [main] [DEBUG] [com.rapplogic.xbee.examples.wpan.ApiSenderTest] expected tx status but received apiId=0x89,length=3,checksum=0x62,error=false,frameId=0x13,status=NO_ACK 
[2008-08-07 06:40:12,078] [main] [DEBUG] [com.rapplogic.xbee.examples.wpan.ApiSenderTest] Tx status failure with status: NO_ACK 
[2008-08-07 06:44:11,671] [main] [DEBUG] [com.rapplogic.xbee.examples.wpan.ApiSenderTest] expected tx status but received apiId=0x89,length=3,checksum=0x62,error=false,frameId=0x13,status=NO_ACK 
[2008-08-07 06:44:11,703] [main] [DEBUG] [com.rapplogic.xbee.examples.wpan.ApiSenderTest] Tx status failure with status: NO_ACK 
[2008-08-07 06:44:12,984] [main] [DEBUG] [com.rapplogic.xbee.examples.wpan.ApiSenderTest] expected tx status but received apiId=0x89,length=3,checksum=0x62,error=false,frameId=0x13,status=NO_ACK 
[2008-08-07 06:44:12,984] [main] [DEBUG] [com.rapplogic.xbee.examples.wpan.ApiSenderTest] Tx status failure with status: NO_ACK 
[2008-08-07 06:44:14,234] [main] [DEBUG] [com.rapplogic.xbee.examples.wpan.ApiSenderTest] expected tx status but received apiId=0x89,length=3,checksum=0x62,error=false,frameId=0x13,status=NO_ACK 
[2008-08-07 06:44:14,234] [main] [DEBUG] [com.rapplogic.xbee.examples.wpan.ApiSenderTest] Tx status failure with status: NO_ACK 
[2008-08-07 06:44:15,484] [main] [DEBUG] [com.rapplogic.xbee.examples.wpan.ApiSenderTest] expected tx status but received apiId=0x89,length=3,checksum=0x62,error=false,frameId=0x13,status=NO_ACK 
[2008-08-07 06:44:15,484] [main] [DEBUG] [com.rapplogic.xbee.examples.wpan.ApiSenderTest] Tx status failure with status: NO_ACK 
[2008-08-07 06:44:16,781] [main] [DEBUG] [com.rapplogic.xbee.examples.wpan.ApiSenderTest] expected tx status but received apiId=0x89,length=3,checksum=0x62,error=false,frameId=0x13,status=NO_ACK 
[2008-08-07 06:44:16,781] [main] [DEBUG] [com.rapplogic.xbee.examples.wpan.ApiSenderTest] Tx status failure with status: NO_ACK 
[2008-08-07 06:44:18,046] [main] [DEBUG] [com.rapplogic.xbee.examples.wpan.ApiSenderTest] expected tx status but received apiId=0x89,length=3,checksum=0x62,error=false,frameId=0x13,status=NO_ACK 
[2008-08-07 06:44:18,046] [main] [DEBUG] [com.rapplogic.xbee.examples.wpan.ApiSenderTest] Tx status failure with status: NO_ACK 
[2008-08-07 06:44:19,328] [main] [DEBUG] [com.rapplogic.xbee.examples.wpan.ApiSenderTest] expected tx status but received apiId=0x89,length=3,checksum=0x62,error=false,frameId=0x13,status=NO_ACK 
[2008-08-07 06:44:19,328] [main] [DEBUG] [com.rapplogic.xbee.examples.wpan.ApiSenderTest] Tx status failure with status: NO_ACK 
[2008-08-07 06:44:20,609] [main] [DEBUG] [com.rapplogic.xbee.examples.wpan.ApiSenderTest] expected tx status but received apiId=0x89,length=3,checksum=0x62,error=false,frameId=0x13,status=NO_ACK 
[2008-08-07 06:44:20,609] [main] [DEBUG] [com.rapplogic.xbee.examples.wpan.ApiSenderTest] Tx status failure with status: NO_ACK 
[2008-08-07 06:44:21,843] [main] [DEBUG] [com.rapplogic.xbee.examples.wpan.ApiSenderTest] expected tx status but received apiId=0x89,length=3,checksum=0x62,error=false,frameId=0x13,status=NO_ACK 
[2008-08-07 06:44:21,843] [main] [DEBUG] [com.rapplogic.xbee.examples.wpan.ApiSenderTest] Tx status failure with status: NO_ACK 
[2008-08-07 06:44:23,140] [main] [DEBUG] [com.rapplogic.xbee.examples.wpan.ApiSenderTest] expected tx status but received apiId=0x89,length=3,checksum=0x62,error=false,frameId=0x13,status=NO_ACK 
[2008-08-07 06:44:23,140] [main] [DEBUG] [com.rapplogic.xbee.examples.wpan.ApiSenderTest] Tx status failure with status: NO_ACK 
[2008-08-07 06:44:24,421] [main] [DEBUG] [com.rapplogic.xbee.examples.wpan.ApiSenderTest] expected tx status but received apiId=0x89,length=3,checksum=0x62,error=false,frameId=0x13,status=NO_ACK 
[2008-08-07 06:44:24,421] [main] [DEBUG] [com.rapplogic.xbee.examples.wpan.ApiSenderTest] Tx status failure with status: NO_ACK 
[2008-08-07 06:44:25,718] [main] [DEBUG] [com.rapplogic.xbee.examples.wpan.ApiSenderTest] expected tx status but received apiId=0x89,length=3,checksum=0x62,error=false,frameId=0x13,status=NO_ACK 
[2008-08-07 06:44:25,718] [main] [DEBUG] [com.rapplogic.xbee.examples.wpan.ApiSenderTest] Tx status failure with status: NO_ACK 
[2008-08-07 06:44:26,968] [main] [DEBUG] [com.rapplogic.xbee.examples.wpan.ApiSenderTest] expected tx status but received apiId=0x89,length=3,checksum=0x62,error=false,frameId=0x13,status=NO_ACK 
[2008-08-07 06:44:26,968] [main] [DEBUG] [com.rapplogic.xbee.examples.wpan.ApiSenderTest] Tx status failure with status: NO_ACK 
[2008-08-07 06:44:28,281] [main] [DEBUG] [com.rapplogic.xbee.examples.wpan.ApiSenderTest] expected tx status but received apiId=0x89,length=3,checksum=0x62,error=false,frameId=0x13,status=NO_ACK 
[2008-08-07 06:44:28,281] [main] [DEBUG] [com.rapplogic.xbee.examples.wpan.ApiSenderTest] Tx status failure with status: NO_ACK 
[2008-08-07 06:44:29,578] [main] [DEBUG] [com.rapplogic.xbee.examples.wpan.ApiSenderTest] expected tx status but received apiId=0x89,length=3,checksum=0x62,error=false,frameId=0x13,status=NO_ACK 
[2008-08-07 06:44:29,578] [main] [DEBUG] [com.rapplogic.xbee.examples.wpan.ApiSenderTest] Tx status failure with status: NO_ACK 
[2008-08-07 06:44:30,859] [main] [DEBUG] [com.rapplogic.xbee.examples.wpan.ApiSenderTest] expected tx status but received apiId=0x89,length=3,checksum=0x62,error=false,frameId=0x13,status=NO_ACK 
[2008-08-07 06:44:30,859] [main] [DEBUG] [com.rapplogic.xbee.examples.wpan.ApiSenderTest] Tx status failure with status: NO_ACK 
[2008-08-07 06:44:32,093] [main] [DEBUG] [com.rapplogic.xbee.examples.wpan.ApiSenderTest] expected tx status but received apiId=0x89,length=3,checksum=0x62,error=false,frameId=0x13,status=NO_ACK 
[2008-08-07 06:44:32,093] [main] [DEBUG] [com.rapplogic.xbee.examples.wpan.ApiSenderTest] Tx status failure with status: NO_ACK 
[2008-08-07 06:44:33,343] [main] [DEBUG] [com.rapplogic.xbee.examples.wpan.ApiSenderTest] expected tx status but received apiId=0x89,length=3,checksum=0x62,error=false,frameId=0x13,status=NO_ACK 
[2008-08-07 06:44:33,343] [main] [DEBUG] [com.rapplogic.xbee.examples.wpan.ApiSenderTest] Tx status failure with status: NO_ACK 
[2008-08-07 06:44:34,593] [main] [DEBUG] [com.rapplogic.xbee.examples.wpan.ApiSenderTest] expected tx status but received apiId=0x89,length=3,checksum=0x62,error=false,frameId=0x13,status=NO_ACK 
[2008-08-07 06:44:34,593] [main] [DEBUG] [com.rapplogic.xbee.examples.wpan.ApiSenderTest] Tx status failure with status: NO_ACK 
[2008-08-07 06:44:35,875] [main] [DEBUG] [com.rapplogic.xbee.examples.wpan.ApiSenderTest] expected tx status but received apiId=0x89,length=3,checksum=0x62,error=false,frameId=0x13,status=NO_ACK 
[2008-08-07 06:44:35,875] [main] [DEBUG] [com.rapplogic.xbee.examples.wpan.ApiSenderTest] Tx status failure with status: NO_ACK 
[2008-08-07 06:44:37,125] [main] [DEBUG] [com.rapplogic.xbee.examples.wpan.ApiSenderTest] expected tx status but received apiId=0x89,length=3,checksum=0x62,error=false,frameId=0x13,status=NO_ACK 
[2008-08-07 06:44:37,125] [main] [DEBUG] [com.rapplogic.xbee.examples.wpan.ApiSenderTest] Tx status failure with status: NO_ACK 
[2008-08-07 06:44:38,359] [main] [DEBUG] [com.rapplogic.xbee.examples.wpan.ApiSenderTest] expected tx status but received apiId=0x89,length=3,checksum=0x62,error=false,frameId=0x13,status=NO_ACK 
[2008-08-07 06:44:38,359] [main] [DEBUG] [com.rapplogic.xbee.examples.wpan.ApiSenderTest] Tx status failure with status: NO_ACK 
[2008-08-07 06:44:39,687] [main] [DEBUG] [com.rapplogic.xbee.examples.wpan.ApiSenderTest] expected tx status but received apiId=0x89,length=3,checksum=0x62,error=false,frameId=0x13,status=NO_ACK 
[2008-08-07 06:44:39,687] [main] [DEBUG] [com.rapplogic.xbee.examples.wpan.ApiSenderTest] Tx status failure with status: NO_ACK 
[2008-08-07 06:46:33,906] [main] [DEBUG] [com.rapplogic.xbee.examples.wpan.ApiSenderTest] Payload =  [I@1bf52a5 
[2008-08-07 06:46:34,718] [main] [DEBUG] [com.rapplogic.xbee.examples.wpan.ApiSenderTest] expected tx status but received apiId=0x89,length=3,checksum=0x62,error=false,frameId=0x13,status=NO_ACK 
[2008-08-07 06:46:34,718] [main] [DEBUG] [com.rapplogic.xbee.examples.wpan.ApiSenderTest] Tx status failure with status: NO_ACK 
[2008-08-07 06:46:35,234] [main] [DEBUG] [com.rapplogic.xbee.examples.wpan.ApiSenderTest] Payload =  [I@55571e 
[2008-08-07 06:46:36,000] [main] [DEBUG] [com.rapplogic.xbee.examples.wpan.ApiSenderTest] expected tx status but received apiId=0x89,length=3,checksum=0x62,error=false,frameId=0x13,status=NO_ACK 
[2008-08-07 06:46:36,000] [main] [DEBUG] [com.rapplogic.xbee.examples.wpan.ApiSenderTest] Tx status failure with status: NO_ACK 
[2008-08-07 06:46:36,500] [main] [DEBUG] [com.rapplogic.xbee.examples.wpan.ApiSenderTest] Payload =  [I@ca8327 
[2008-08-07 06:46:37,234] [main] [DEBUG] [com.rapplogic.xbee.examples.wpan.ApiSenderTest] expected tx status but received apiId=0x89,length=3,checksum=0x62,error=false,frameId=0x13,status=NO_ACK 
[2008-08-07 06:46:37,234] [main] [DEBUG] [com.rapplogic.xbee.examples.wpan.ApiSenderTest] Tx status failure with status: NO_ACK 
[2008-08-07 06:46:37,734] [main] [DEBUG] [com.rapplogic.xbee.examples.wpan.ApiSenderTest] Payload =  [I@1bf6770 
[2008-08-07 06:46:38,546] [main] [DEBUG] [com.rapplogic.xbee.examples.wpan.ApiSenderTest] expected tx status but received apiId=0x89,length=3,checksum=0x62,error=false,frameId=0x13,status=NO_ACK 
[2008-08-07 06:46:38,546] [main] [DEBUG] [com.rapplogic.xbee.examples.wpan.ApiSenderTest] Tx status failure with status: NO_ACK 
[2008-08-07 06:46:39,046] [main] [DEBUG] [com.rapplogic.xbee.examples.wpan.ApiSenderTest] Payload =  [I@1201a25 
[2008-08-07 06:46:39,796] [main] [DEBUG] [com.rapplogic.xbee.examples.wpan.ApiSenderTest] expected tx status but received apiId=0x89,length=3,checksum=0x62,error=false,frameId=0x13,status=NO_ACK 
[2008-08-07 06:46:39,796] [main] [DEBUG] [com.rapplogic.xbee.examples.wpan.ApiSenderTest] Tx status failure with status: NO_ACK 
[2008-08-07 06:46:40,312] [main] [DEBUG] [com.rapplogic.xbee.examples.wpan.ApiSenderTest] Payload =  [I@94948a 
[2008-08-07 06:46:41,062] [main] [DEBUG] [com.rapplogic.xbee.examples.wpan.ApiSenderTest] expected tx status but received apiId=0x89,length=3,checksum=0x62,error=false,frameId=0x13,status=NO_ACK 
[2008-08-07 06:46:41,062] [main] [DEBUG] [com.rapplogic.xbee.examples.wpan.ApiSenderTest] Tx status failure with status: NO_ACK 
[2008-08-07 06:46:41,562] [main] [DEBUG] [com.rapplogic.xbee.examples.wpan.ApiSenderTest] Payload =  [I@a401c2 
[2008-08-07 06:46:42,281] [main] [DEBUG] [com.rapplogic.xbee.examples.wpan.ApiSenderTest] expected tx status but received apiId=0x89,length=3,checksum=0x62,error=false,frameId=0x13,status=NO_ACK 
[2008-08-07 06:46:42,281] [main] [DEBUG] [com.rapplogic.xbee.examples.wpan.ApiSenderTest] Tx status failure with status: NO_ACK 
[2008-08-07 06:46:42,781] [main] [DEBUG] [com.rapplogic.xbee.examples.wpan.ApiSenderTest] Payload =  [I@16f8cd0 
[2008-08-07 06:46:43,562] [main] [DEBUG] [com.rapplogic.xbee.examples.wpan.ApiSenderTest] expected tx status but received apiId=0x89,length=3,checksum=0x62,error=false,frameId=0x13,status=NO_ACK 
[2008-08-07 06:46:43,562] [main] [DEBUG] [com.rapplogic.xbee.examples.wpan.ApiSenderTest] Tx status failure with status: NO_ACK 
[2008-08-07 06:46:44,062] [main] [DEBUG] [com.rapplogic.xbee.examples.wpan.ApiSenderTest] Payload =  [I@85af80 
[2008-08-07 06:46:44,796] [main] [DEBUG] [com.rapplogic.xbee.examples.wpan.ApiSenderTest] expected tx status but received apiId=0x89,length=3,checksum=0x62,error=false,frameId=0x13,status=NO_ACK 
[2008-08-07 06:46:44,796] [main] [DEBUG] [com.rapplogic.xbee.examples.wpan.ApiSenderTest] Tx status failure with status: NO_ACK 
[2008-08-07 06:46:45,296] [main] [DEBUG] [com.rapplogic.xbee.examples.wpan.ApiSenderTest] Payload =  [I@787171 
[2008-08-07 06:46:46,109] [main] [DEBUG] [com.rapplogic.xbee.examples.wpan.ApiSenderTest] expected tx status but received apiId=0x89,length=3,checksum=0x62,error=false,frameId=0x13,status=NO_ACK 
[2008-08-07 06:46:46,109] [main] [DEBUG] [com.rapplogic.xbee.examples.wpan.ApiSenderTest] Tx status failure with status: NO_ACK 
[2008-08-07 06:46:46,609] [main] [DEBUG] [com.rapplogic.xbee.examples.wpan.ApiSenderTest] Payload =  [I@15fea60 
[2008-08-07 06:46:47,406] [main] [DEBUG] [com.rapplogic.xbee.examples.wpan.ApiSenderTest] expected tx status but received apiId=0x89,length=3,checksum=0x62,error=false,frameId=0x13,status=NO_ACK 
[2008-08-07 06:46:47,406] [main] [DEBUG] [com.rapplogic.xbee.examples.wpan.ApiSenderTest] Tx status failure with status: NO_ACK 
[2008-08-07 06:46:47,921] [main] [DEBUG] [com.rapplogic.xbee.examples.wpan.ApiSenderTest] Payload =  [I@a3bcc1 
[2008-08-07 06:46:48,703] [main] [DEBUG] [com.rapplogic.xbee.examples.wpan.ApiSenderTest] expected tx status but received apiId=0x89,length=3,checksum=0x62,error=false,frameId=0x13,status=NO_ACK 
[2008-08-07 06:46:48,703] [main] [DEBUG] [com.rapplogic.xbee.examples.wpan.ApiSenderTest] Tx status failure with status: NO_ACK 
[2008-08-07 06:46:49,203] [main] [DEBUG] [com.rapplogic.xbee.examples.wpan.ApiSenderTest] Payload =  [I@1bd4722 
[2008-08-07 06:46:49,953] [main] [DEBUG] [com.rapplogic.xbee.examples.wpan.ApiSenderTest] expected tx status but received apiId=0x89,length=3,checksum=0x62,error=false,frameId=0x13,status=NO_ACK 
[2008-08-07 06:46:49,953] [main] [DEBUG] [com.rapplogic.xbee.examples.wpan.ApiSenderTest] Tx status failure with status: NO_ACK 
[2008-08-07 06:46:50,453] [main] [DEBUG] [com.rapplogic.xbee.examples.wpan.ApiSenderTest] Payload =  [I@1891d8f 
[2008-08-07 06:46:51,250] [main] [DEBUG] [com.rapplogic.xbee.examples.wpan.ApiSenderTest] expected tx status but received apiId=0x89,length=3,checksum=0x62,error=false,frameId=0x13,status=NO_ACK 
[2008-08-07 06:46:51,250] [main] [DEBUG] [com.rapplogic.xbee.examples.wpan.ApiSenderTest] Tx status failure with status: NO_ACK 
[2008-08-07 06:46:51,750] [main] [DEBUG] [com.rapplogic.xbee.examples.wpan.ApiSenderTest] Payload =  [I@f3d6a5 
[2008-08-07 06:46:52,515] [main] [DEBUG] [com.rapplogic.xbee.examples.wpan.ApiSenderTest] expected tx status but received apiId=0x89,length=3,checksum=0x62,error=false,frameId=0x13,status=NO_ACK 
[2008-08-07 06:46:52,515] [main] [DEBUG] [com.rapplogic.xbee.examples.wpan.ApiSenderTest] Tx status failure with status: NO_ACK 
[2008-08-07 06:46:53,015] [main] [DEBUG] [com.rapplogic.xbee.examples.wpan.ApiSenderTest] Payload =  [I@911f71 
[2008-08-07 06:46:53,765] [main] [DEBUG] [com.rapplogic.xbee.examples.wpan.ApiSenderTest] expected tx status but received apiId=0x89,length=3,checksum=0x62,error=false,frameId=0x13,status=NO_ACK 
[2008-08-07 06:46:53,765] [main] [DEBUG] [com.rapplogic.xbee.examples.wpan.ApiSenderTest] Tx status failure with status: NO_ACK 
[2008-08-07 06:46:54,265] [main] [DEBUG] [com.rapplogic.xbee.examples.wpan.ApiSenderTest] Payload =  [I@1a73d3c 
[2008-08-07 06:46:55,046] [main] [DEBUG] [com.rapplogic.xbee.examples.wpan.ApiSenderTest] expected tx status but received apiId=0x89,length=3,checksum=0x62,error=false,frameId=0x13,status=NO_ACK 
[2008-08-07 06:46:55,046] [main] [DEBUG] [com.rapplogic.xbee.examples.wpan.ApiSenderTest] Tx status failure with status: NO_ACK 
[2008-08-07 06:46:55,546] [main] [DEBUG] [com.rapplogic.xbee.examples.wpan.ApiSenderTest] Payload =  [I@a56a7c 
[2008-08-07 06:46:56,328] [main] [DEBUG] [com.rapplogic.xbee.examples.wpan.ApiSenderTest] expected tx status but received apiId=0x89,length=3,checksum=0x62,error=false,frameId=0x13,status=NO_ACK 
[2008-08-07 06:46:56,328] [main] [DEBUG] [com.rapplogic.xbee.examples.wpan.ApiSenderTest] Tx status failure with status: NO_ACK 
[2008-08-10 17:19:55,109] [main] [INFO] [com.rapplogic.xbee.examples.ApiAtTest] MY is apiId=0x88,length=7,checksum=0x80,error=false,frameId=0x01,status=0,value=0x50 0x00 
[2008-08-10 17:24:14,265] [main] [INFO] [com.rapplogic.xbee.examples.ApiAtTest] MY is apiId=0x88,length=7,checksum=0x80,error=false,frameId=0x01,status=0,value=0x50 0x00 
[2008-08-10 17:25:51,921] [main] [INFO] [com.rapplogic.xbee.examples.ApiAtTest] MY is apiId=0x88,length=7,checksum=0x80,error=false,frameId=0x01,status=0,value=0x50 0x00 
[2008-08-10 17:25:52,453] [main] [INFO] [com.rapplogic.xbee.examples.ApiAtTest] ND is apiId=0x88,length=22,checksum=0x83,error=false,frameId=0x01,status=0,value=0xff 0xfe 0x00 0x13 0xa2 0x00 0x40 0x01 0x0d 0x9e 0x48 0x53 0x4c 0x41 0x56 0x45 0x00 
[2008-08-10 17:31:46,625] [main] [DEBUG] [com.rapplogic.xbee.examples.wpan.ApiSenderTest] Payload =  [I@1cafa9e 
[2008-08-10 17:31:47,859] [main] [DEBUG] [com.rapplogic.xbee.examples.wpan.ApiSenderTest] expected tx status but received apiId=0x89,length=3,checksum=0x62,error=false,frameId=0x13,status=NO_ACK 
[2008-08-10 17:31:47,859] [main] [DEBUG] [com.rapplogic.xbee.examples.wpan.ApiSenderTest] Tx status failure with status: NO_ACK 
[2008-08-10 17:31:48,359] [main] [DEBUG] [com.rapplogic.xbee.examples.wpan.ApiSenderTest] Payload =  [I@16897b2 
[2008-08-10 17:31:49,109] [main] [DEBUG] [com.rapplogic.xbee.examples.wpan.ApiSenderTest] expected tx status but received apiId=0x89,length=3,checksum=0x62,error=false,frameId=0x13,status=NO_ACK 
[2008-08-10 17:31:49,109] [main] [DEBUG] [com.rapplogic.xbee.examples.wpan.ApiSenderTest] Tx status failure with status: NO_ACK 
[2008-08-10 17:31:49,609] [main] [DEBUG] [com.rapplogic.xbee.examples.wpan.ApiSenderTest] Payload =  [I@1bf6770 
[2008-08-10 17:31:50,359] [main] [DEBUG] [com.rapplogic.xbee.examples.wpan.ApiSenderTest] expected tx status but received apiId=0x89,length=3,checksum=0x62,error=false,frameId=0x13,status=NO_ACK 
[2008-08-10 17:31:50,359] [main] [DEBUG] [com.rapplogic.xbee.examples.wpan.ApiSenderTest] Tx status failure with status: NO_ACK 
[2008-08-10 17:31:50,859] [main] [DEBUG] [com.rapplogic.xbee.examples.wpan.ApiSenderTest] Payload =  [I@1201a25 
[2008-08-10 17:31:51,578] [main] [DEBUG] [com.rapplogic.xbee.examples.wpan.ApiSenderTest] expected tx status but received apiId=0x89,length=3,checksum=0x62,error=false,frameId=0x13,status=NO_ACK 
[2008-08-10 17:31:51,578] [main] [DEBUG] [com.rapplogic.xbee.examples.wpan.ApiSenderTest] Tx status failure with status: NO_ACK 
[2008-08-10 17:31:52,078] [main] [DEBUG] [com.rapplogic.xbee.examples.wpan.ApiSenderTest] Payload =  [I@94948a 
[2008-08-10 17:31:52,781] [main] [DEBUG] [com.rapplogic.xbee.examples.wpan.ApiSenderTest] expected tx status but received apiId=0x89,length=3,checksum=0x62,error=false,frameId=0x13,status=NO_ACK 
[2008-08-10 17:31:52,781] [main] [DEBUG] [com.rapplogic.xbee.examples.wpan.ApiSenderTest] Tx status failure with status: NO_ACK 
[2008-08-10 17:31:53,281] [main] [DEBUG] [com.rapplogic.xbee.examples.wpan.ApiSenderTest] Payload =  [I@a401c2 
[2008-08-10 17:31:54,046] [main] [DEBUG] [com.rapplogic.xbee.examples.wpan.ApiSenderTest] expected tx status but received apiId=0x89,length=3,checksum=0x62,error=false,frameId=0x13,status=NO_ACK 
[2008-08-10 17:31:54,046] [main] [DEBUG] [com.rapplogic.xbee.examples.wpan.ApiSenderTest] Tx status failure with status: NO_ACK 
[2008-08-10 17:31:54,546] [main] [DEBUG] [com.rapplogic.xbee.examples.wpan.ApiSenderTest] Payload =  [I@16f8cd0 
[2008-08-10 17:31:55,375] [main] [DEBUG] [com.rapplogic.xbee.examples.wpan.ApiSenderTest] expected tx status but received apiId=0x89,length=3,checksum=0x62,error=false,frameId=0x13,status=NO_ACK 
[2008-08-10 17:31:55,375] [main] [DEBUG] [com.rapplogic.xbee.examples.wpan.ApiSenderTest] Tx status failure with status: NO_ACK 
[2008-08-10 17:31:55,875] [main] [DEBUG] [com.rapplogic.xbee.examples.wpan.ApiSenderTest] Payload =  [I@85af80 
[2008-08-10 17:31:56,656] [main] [DEBUG] [com.rapplogic.xbee.examples.wpan.ApiSenderTest] expected tx status but received apiId=0x89,length=3,checksum=0x62,error=false,frameId=0x13,status=NO_ACK 
[2008-08-10 17:31:56,656] [main] [DEBUG] [com.rapplogic.xbee.examples.wpan.ApiSenderTest] Tx status failure with status: NO_ACK 
[2008-08-10 17:31:57,156] [main] [DEBUG] [com.rapplogic.xbee.examples.wpan.ApiSenderTest] Payload =  [I@787171 
[2008-08-10 17:31:57,921] [main] [DEBUG] [com.rapplogic.xbee.examples.wpan.ApiSenderTest] expected tx status but received apiId=0x89,length=3,checksum=0x62,error=false,frameId=0x13,status=NO_ACK 
[2008-08-10 17:31:57,921] [main] [DEBUG] [com.rapplogic.xbee.examples.wpan.ApiSenderTest] Tx status failure with status: NO_ACK 
[2008-08-10 17:31:58,421] [main] [DEBUG] [com.rapplogic.xbee.examples.wpan.ApiSenderTest] Payload =  [I@15fea60 
[2008-08-10 17:32:02,640] [main] [DEBUG] [com.rapplogic.xbee.examples.wpan.ApiSenderTest] expected tx status but received apiId=0x89,length=3,checksum=0x62,error=false,frameId=0x13,status=NO_ACK 
[2008-08-10 17:32:02,640] [main] [DEBUG] [com.rapplogic.xbee.examples.wpan.ApiSenderTest] Tx status failure with status: NO_ACK 
[2008-08-10 17:32:03,140] [main] [DEBUG] [com.rapplogic.xbee.examples.wpan.ApiSenderTest] Payload =  [I@1457cb 
[2008-08-10 17:32:03,875] [main] [DEBUG] [com.rapplogic.xbee.examples.wpan.ApiSenderTest] expected tx status but received apiId=0x89,length=3,checksum=0x62,error=false,frameId=0x13,status=NO_ACK 
[2008-08-10 17:32:03,875] [main] [DEBUG] [com.rapplogic.xbee.examples.wpan.ApiSenderTest] Tx status failure with status: NO_ACK 
[2008-08-10 17:32:04,375] [main] [DEBUG] [com.rapplogic.xbee.examples.wpan.ApiSenderTest] Payload =  [I@1bd4722 
[2008-08-10 17:32:05,187] [main] [DEBUG] [com.rapplogic.xbee.examples.wpan.ApiSenderTest] expected tx status but received apiId=0x89,length=3,checksum=0x62,error=false,frameId=0x13,status=NO_ACK 
[2008-08-10 17:32:05,187] [main] [DEBUG] [com.rapplogic.xbee.examples.wpan.ApiSenderTest] Tx status failure with status: NO_ACK 
[2008-08-10 17:32:05,687] [main] [DEBUG] [com.rapplogic.xbee.examples.wpan.ApiSenderTest] Payload =  [I@1891d8f 
[2008-08-10 17:32:06,468] [main] [DEBUG] [com.rapplogic.xbee.examples.wpan.ApiSenderTest] expected tx status but received apiId=0x89,length=3,checksum=0x62,error=false,frameId=0x13,status=NO_ACK 
[2008-08-10 17:32:06,468] [main] [DEBUG] [com.rapplogic.xbee.examples.wpan.ApiSenderTest] Tx status failure with status: NO_ACK 
